     1 00000000                                 [FORMAT "WCOFF"]
     2 00000000                                 [INSTRSET "i486p"]
     3 00000000                                 [OPTIMIZE 1]
     4 00000000                                 [OPTION 1]
     5 00000000                                 [BITS 32]
     6 00000000                                 	EXTERN	_init_gdtidt
     7 00000000                                 	EXTERN	_init_pic
     8 00000000                                 	EXTERN	_io_sti
     9 00000000                                 	EXTERN	_fifo32_init
    10 00000000                                 	EXTERN	_init_pit
    11 00000000                                 	EXTERN	_init_keyboard
    12 00000000                                 	EXTERN	_enable_mouse
    13 00000000                                 	EXTERN	_io_out8
    14 00000000                                 	EXTERN	_memtest
    15 00000000                                 	EXTERN	_memman_init
    16 00000000                                 	EXTERN	_memman_free
    17 00000000                                 	EXTERN	_init_palette
    18 00000000                                 	EXTERN	_shtctl_init
    19 00000000                                 	EXTERN	_task_init
    20 00000000                                 	EXTERN	_task_run
    21 00000000                                 	EXTERN	_sheet_alloc
    22 00000000                                 	EXTERN	_memman_alloc_4k
    23 00000000                                 	EXTERN	_sheet_setbuf
    24 00000000                                 	EXTERN	_init_screen8
    25 00000000                                 	EXTERN	_init_mouse_cursor8
    26 00000000                                 	EXTERN	_sheet_slide
    27 00000000                                 	EXTERN	_sheet_updown
    28 00000000                                 	EXTERN	_fifo32_put
    29 00000000                                 	EXTERN	_file_readfat
    30 00000000                                 	EXTERN	_file_search
    31 00000000                                 	EXTERN	_file_loadfile
    32 00000000                                 	EXTERN	_memman_free_4k
    33 00000000                                 	EXTERN	_taskctl
    34 00000000                                 	EXTERN	_fifo32_status
    35 00000000                                 	EXTERN	_io_cli
    36 00000000                                 	EXTERN	_fifo32_get
    37 00000000                                 	EXTERN	_keytable0.0
    38 00000000                                 	EXTERN	_get_day_of_month
    39 00000000                                 	EXTERN	_get_mon_hex
    40 00000000                                 	EXTERN	_get_year
    41 00000000                                 	EXTERN	_sprintf
    42 00000000                                 	EXTERN	_putfonts8_asc_sht
    43 00000000                                 	EXTERN	_get_min_hex
    44 00000000                                 	EXTERN	_get_hour_hex
    45 00000000                                 	EXTERN	_sheet_refresh
    46 00000000                                 	EXTERN	_wait_KBC_sendready
    47 00000000                                 	EXTERN	_cons_putstr0
    48 00000000                                 	EXTERN	_asm_end_app
    49 00000000                                 	EXTERN	_keytable1.1
    50 00000000                                 	EXTERN	_mouse_decode
    51 00000000                                 	EXTERN	_sheet_free
    52 00000000                                 	EXTERN	_task_sleep
    53 00000000                                 	EXTERN	_hankaku
    54 00000000                                 	EXTERN	_change_wtitle8
    55 00000000                                 	EXTERN	_task_alloc
    56 00000000                                 	EXTERN	_console_task
    57 00000000                                 	EXTERN	_make_window8
    58 00000000                                 	EXTERN	_make_textbox8
    59 00000000                                 	EXTERN	_timer_alloc
    60 00000000                                 	EXTERN	_timer_init
    61 00000000                                 	EXTERN	_timer_settime
    62 00000000                                 [FILE "bootpack.c"]
    63                                          [SECTION .data]
    64 00000000                                 _keytable0.0:
    65 00000000 00                              	DB	0
    66 00000001 00                              	DB	0
    67 00000002 31                              	DB	49
    68 00000003 32                              	DB	50
    69 00000004 33                              	DB	51
    70 00000005 34                              	DB	52
    71 00000006 35                              	DB	53
    72 00000007 36                              	DB	54
    73 00000008 37                              	DB	55
    74 00000009 38                              	DB	56
    75 0000000A 39                              	DB	57
    76 0000000B 30                              	DB	48
    77 0000000C 2D                              	DB	45
    78 0000000D 5E                              	DB	94
    79 0000000E 08                              	DB	8
    80 0000000F 00                              	DB	0
    81 00000010 51                              	DB	81
    82 00000011 57                              	DB	87
    83 00000012 45                              	DB	69
    84 00000013 52                              	DB	82
    85 00000014 54                              	DB	84
    86 00000015 59                              	DB	89
    87 00000016 55                              	DB	85
    88 00000017 49                              	DB	73
    89 00000018 4F                              	DB	79
    90 00000019 50                              	DB	80
    91 0000001A 40                              	DB	64
    92 0000001B 5B                              	DB	91
    93 0000001C 0A                              	DB	10
    94 0000001D 00                              	DB	0
    95 0000001E 41                              	DB	65
    96 0000001F 53                              	DB	83
    97 00000020 44                              	DB	68
    98 00000021 46                              	DB	70
    99 00000022 47                              	DB	71
   100 00000023 48                              	DB	72
   101 00000024 4A                              	DB	74
   102 00000025 4B                              	DB	75
   103 00000026 4C                              	DB	76
   104 00000027 3B                              	DB	59
   105 00000028 3A                              	DB	58
   106 00000029 00                              	DB	0
   107 0000002A 00                              	DB	0
   108 0000002B 5D                              	DB	93
   109 0000002C 5A                              	DB	90
   110 0000002D 58                              	DB	88
   111 0000002E 43                              	DB	67
   112 0000002F 56                              	DB	86
   113 00000030 42                              	DB	66
   114 00000031 4E                              	DB	78
   115 00000032 4D                              	DB	77
   116 00000033 2C                              	DB	44
   117 00000034 2E                              	DB	46
   118 00000035 2F                              	DB	47
   119 00000036 00                              	DB	0
   120 00000037 2A                              	DB	42
   121 00000038 00                              	DB	0
   122 00000039 20                              	DB	32
   123 0000003A 00                              	DB	0
   124 0000003B 00                              	DB	0
   125 0000003C 00                              	DB	0
   126 0000003D 00                              	DB	0
   127 0000003E 00                              	DB	0
   128 0000003F 00                              	DB	0
   129 00000040 00                              	DB	0
   130 00000041 00                              	DB	0
   131 00000042 00                              	DB	0
   132 00000043 00                              	DB	0
   133 00000044 00                              	DB	0
   134 00000045 00                              	DB	0
   135 00000046 00                              	DB	0
   136 00000047 37                              	DB	55
   137 00000048 38                              	DB	56
   138 00000049 39                              	DB	57
   139 0000004A 2D                              	DB	45
   140 0000004B 34                              	DB	52
   141 0000004C 35                              	DB	53
   142 0000004D 36                              	DB	54
   143 0000004E 2B                              	DB	43
   144 0000004F 31                              	DB	49
   145 00000050 32                              	DB	50
   146 00000051 33                              	DB	51
   147 00000052 30                              	DB	48
   148 00000053 2E                              	DB	46
   149 00000054 00                              	DB	0
   150 00000055 00                              	DB	0
   151 00000056 00                              	DB	0
   152 00000057 00                              	DB	0
   153 00000058 00                              	DB	0
   154 00000059 00                              	DB	0
   155 0000005A 00                              	DB	0
   156 0000005B 00                              	DB	0
   157 0000005C 00                              	DB	0
   158 0000005D 00                              	DB	0
   159 0000005E 00                              	DB	0
   160 0000005F 00                              	DB	0
   161 00000060 00                              	DB	0
   162 00000061 00                              	DB	0
   163 00000062 00                              	DB	0
   164 00000063 00                              	DB	0
   165 00000064 00                              	DB	0
   166 00000065 00                              	DB	0
   167 00000066 00                              	DB	0
   168 00000067 00                              	DB	0
   169 00000068 00                              	DB	0
   170 00000069 00                              	DB	0
   171 0000006A 00                              	DB	0
   172 0000006B 00                              	DB	0
   173 0000006C 00                              	DB	0
   174 0000006D 00                              	DB	0
   175 0000006E 00                              	DB	0
   176 0000006F 00                              	DB	0
   177 00000070 00                              	DB	0
   178 00000071 00                              	DB	0
   179 00000072 00                              	DB	0
   180 00000073 5C                              	DB	92
   181 00000074 00                              	DB	0
   182 00000075 00                              	DB	0
   183 00000076 00                              	DB	0
   184 00000077 00                              	DB	0
   185 00000078 00                              	DB	0
   186 00000079 00                              	DB	0
   187 0000007A 00                              	DB	0
   188 0000007B 00                              	DB	0
   189 0000007C 00                              	DB	0
   190 0000007D 5C                              	DB	92
   191 0000007E 00                              	DB	0
   192 0000007F 00                              	DB	0
   193 00000080                                 _keytable1.1:
   194 00000080 00                              	DB	0
   195 00000081 00                              	DB	0
   196 00000082 21                              	DB	33
   197 00000083 22                              	DB	34
   198 00000084 23                              	DB	35
   199 00000085 24                              	DB	36
   200 00000086 25                              	DB	37
   201 00000087 26                              	DB	38
   202 00000088 27                              	DB	39
   203 00000089 28                              	DB	40
   204 0000008A 29                              	DB	41
   205 0000008B 7E                              	DB	126
   206 0000008C 3D                              	DB	61
   207 0000008D 7E                              	DB	126
   208 0000008E 08                              	DB	8
   209 0000008F 00                              	DB	0
   210 00000090 51                              	DB	81
   211 00000091 57                              	DB	87
   212 00000092 45                              	DB	69
   213 00000093 52                              	DB	82
   214 00000094 54                              	DB	84
   215 00000095 59                              	DB	89
   216 00000096 55                              	DB	85
   217 00000097 49                              	DB	73
   218 00000098 4F                              	DB	79
   219 00000099 50                              	DB	80
   220 0000009A 60                              	DB	96
   221 0000009B 7B                              	DB	123
   222 0000009C 0A                              	DB	10
   223 0000009D 00                              	DB	0
   224 0000009E 41                              	DB	65
   225 0000009F 53                              	DB	83
   226 000000A0 44                              	DB	68
   227 000000A1 46                              	DB	70
   228 000000A2 47                              	DB	71
   229 000000A3 48                              	DB	72
   230 000000A4 4A                              	DB	74
   231 000000A5 4B                              	DB	75
   232 000000A6 4C                              	DB	76
   233 000000A7 2B                              	DB	43
   234 000000A8 2A                              	DB	42
   235 000000A9 00                              	DB	0
   236 000000AA 00                              	DB	0
   237 000000AB 7D                              	DB	125
   238 000000AC 5A                              	DB	90
   239 000000AD 58                              	DB	88
   240 000000AE 43                              	DB	67
   241 000000AF 56                              	DB	86
   242 000000B0 42                              	DB	66
   243 000000B1 4E                              	DB	78
   244 000000B2 4D                              	DB	77
   245 000000B3 3C                              	DB	60
   246 000000B4 3E                              	DB	62
   247 000000B5 3F                              	DB	63
   248 000000B6 00                              	DB	0
   249 000000B7 2A                              	DB	42
   250 000000B8 00                              	DB	0
   251 000000B9 20                              	DB	32
   252 000000BA 00                              	DB	0
   253 000000BB 00                              	DB	0
   254 000000BC 00                              	DB	0
   255 000000BD 00                              	DB	0
   256 000000BE 00                              	DB	0
   257 000000BF 00                              	DB	0
   258 000000C0 00                              	DB	0
   259 000000C1 00                              	DB	0
   260 000000C2 00                              	DB	0
   261 000000C3 00                              	DB	0
   262 000000C4 00                              	DB	0
   263 000000C5 00                              	DB	0
   264 000000C6 00                              	DB	0
   265 000000C7 37                              	DB	55
   266 000000C8 38                              	DB	56
   267 000000C9 39                              	DB	57
   268 000000CA 2D                              	DB	45
   269 000000CB 34                              	DB	52
   270 000000CC 35                              	DB	53
   271 000000CD 36                              	DB	54
   272 000000CE 2B                              	DB	43
   273 000000CF 31                              	DB	49
   274 000000D0 32                              	DB	50
   275 000000D1 33                              	DB	51
   276 000000D2 30                              	DB	48
   277 000000D3 2E                              	DB	46
   278 000000D4 00                              	DB	0
   279 000000D5 00                              	DB	0
   280 000000D6 00                              	DB	0
   281 000000D7 00                              	DB	0
   282 000000D8 00                              	DB	0
   283 000000D9 00                              	DB	0
   284 000000DA 00                              	DB	0
   285 000000DB 00                              	DB	0
   286 000000DC 00                              	DB	0
   287 000000DD 00                              	DB	0
   288 000000DE 00                              	DB	0
   289 000000DF 00                              	DB	0
   290 000000E0 00                              	DB	0
   291 000000E1 00                              	DB	0
   292 000000E2 00                              	DB	0
   293 000000E3 00                              	DB	0
   294 000000E4 00                              	DB	0
   295 000000E5 00                              	DB	0
   296 000000E6 00                              	DB	0
   297 000000E7 00                              	DB	0
   298 000000E8 00                              	DB	0
   299 000000E9 00                              	DB	0
   300 000000EA 00                              	DB	0
   301 000000EB 00                              	DB	0
   302 000000EC 00                              	DB	0
   303 000000ED 00                              	DB	0
   304 000000EE 00                              	DB	0
   305 000000EF 00                              	DB	0
   306 000000F0 00                              	DB	0
   307 000000F1 00                              	DB	0
   308 000000F2 00                              	DB	0
   309 000000F3 5F                              	DB	95
   310 000000F4 00                              	DB	0
   311 000000F5 00                              	DB	0
   312 000000F6 00                              	DB	0
   313 000000F7 00                              	DB	0
   314 000000F8 00                              	DB	0
   315 000000F9 00                              	DB	0
   316 000000FA 00                              	DB	0
   317 000000FB 00                              	DB	0
   318 000000FC 00                              	DB	0
   319 000000FD 7C                              	DB	124
   320 000000FE 00                              	DB	0
   321 000000FF 00                              	DB	0
   322 00000100                                 LC0:
   323 00000100 48 5A 4B 31 36 2E 66 6E 74 00   	DB	"HZK16.fnt",0x00
   324 0000010A                                 LC5:
   325 0000010A 44 41 54 45 3A 20 25 64 2D 25   	DB	"DATE: %d-%d-%d",0x00
       00000114 64 2D 25 64 00 
   326 00000119                                 LC6:
   327 00000119 25 64 3A 25 64 00               	DB	"%d:%d",0x00
   328 0000011F                                 LC2:
   329 0000011F 25 64 00                        	DB	"%d",0x00
   330 00000122                                 LC3:
   331 00000122 20 70 72 6F 63 65 73 73 20 6E   	DB	" process number:",0x0A,0x00
       0000012C 75 6D 62 65 72 3A 0A 00 
   332 00000134                                 LC1:
   333 00000134 0A 42 72 65 61 6B 28 6B 65 79   	DB	0x0A,"Break(key) :",0x0A,0x00
       0000013E 29 20 3A 0A 00 
   334 00000143                                 LC4:
   335 00000143 0A 42 72 65 61 6B 28 6D 6F 75   	DB	0x0A,"Break(mouse) :",0x0A,0x00
       0000014D 73 65 29 20 3A 0A 00 
   336                                          [SECTION .text]
   337 00000000                                 	GLOBAL	_HariMain
   338 00000000                                 _HariMain:
   339 00000000 55                              	PUSH	EBP
   340 00000001 89 E5                           	MOV	EBP,ESP
   341 00000003 57                              	PUSH	EDI
   342 00000004 56                              	PUSH	ESI
   343 00000005 53                              	PUSH	EBX
   344 00000006 8D 75 84                        	LEA	ESI,DWORD [-124+EBP]
   345 00000009 81 EC 0000048C                  	SUB	ESP,1164
   346 0000000F 8D 5D A4                        	LEA	EBX,DWORD [-92+EBP]
   347 00000012 C7 85 FFFFFBB4 FFFFFFFF         	MOV	DWORD [-1100+EBP],-1
   348 0000001C C7 85 FFFFFBB0 00000000         	MOV	DWORD [-1104+EBP],0
   349 00000026 C7 85 FFFFFBAC 7FFFFFFF         	MOV	DWORD [-1108+EBP],2147483647
   350 00000030 C7 85 FFFFFBA8 00000000         	MOV	DWORD [-1112+EBP],0
   351 0000003A C7 85 FFFFFB94 00000000         	MOV	DWORD [-1132+EBP],0
   352 00000044 A0 00000FF1                     	MOV	AL,BYTE [4081]
   353 00000049 C0 F8 04                        	SAR	AL,4
   354 0000004C 89 C2                           	MOV	EDX,EAX
   355 0000004E 83 E2 07                        	AND	EDX,7
   356 00000051 89 95 FFFFFB90                  	MOV	DWORD [-1136+EBP],EDX
   357 00000057 C7 85 FFFFFB8C FFFFFFFF         	MOV	DWORD [-1140+EBP],-1
   358 00000061 C7 85 FFFFFB88 FFFFFFFF         	MOV	DWORD [-1144+EBP],-1
   359 0000006B C7 85 FFFFFB84 FFFFFFFF         	MOV	DWORD [-1148+EBP],-1
   360 00000075 C7 85 FFFFFB80 00000000         	MOV	DWORD [-1152+EBP],0
   361 0000007F C7 85 FFFFFB7C 00000000         	MOV	DWORD [-1156+EBP],0
   362 00000089 E8 [00000000]                   	CALL	_init_gdtidt
   363 0000008E E8 [00000000]                   	CALL	_init_pic
   364 00000093 E8 [00000000]                   	CALL	_io_sti
   365 00000098 8D 85 FFFFFD84                  	LEA	EAX,DWORD [-636+EBP]
   366 0000009E 6A 00                           	PUSH	0
   367 000000A0 50                              	PUSH	EAX
   368 000000A1 68 00000080                     	PUSH	128
   369 000000A6 53                              	PUSH	EBX
   370 000000A7 E8 [00000000]                   	CALL	_fifo32_init
   371 000000AC 89 1D 00000FEC                  	MOV	DWORD [4076],EBX
   372 000000B2 E8 [00000000]                   	CALL	_init_pit
   373 000000B7 68 00000100                     	PUSH	256
   374 000000BC 53                              	PUSH	EBX
   375 000000BD E8 [00000000]                   	CALL	_init_keyboard
   376 000000C2 8D 85 FFFFFCF4                  	LEA	EAX,DWORD [-780+EBP]
   377 000000C8 50                              	PUSH	EAX
   378 000000C9 68 00000200                     	PUSH	512
   379 000000CE 53                              	PUSH	EBX
   380 000000CF E8 [00000000]                   	CALL	_enable_mouse
   381 000000D4 83 C4 24                        	ADD	ESP,36
   382 000000D7 68 000000F8                     	PUSH	248
   383 000000DC 6A 21                           	PUSH	33
   384 000000DE E8 [00000000]                   	CALL	_io_out8
   385 000000E3 68 000000EF                     	PUSH	239
   386 000000E8 68 000000A1                     	PUSH	161
   387 000000ED E8 [00000000]                   	CALL	_io_out8
   388 000000F2 8D 85 FFFFFD04                  	LEA	EAX,DWORD [-764+EBP]
   389 000000F8 6A 00                           	PUSH	0
   390 000000FA 50                              	PUSH	EAX
   391 000000FB 6A 20                           	PUSH	32
   392 000000FD 56                              	PUSH	ESI
   393 000000FE E8 [00000000]                   	CALL	_fifo32_init
   394 00000103 83 C4 20                        	ADD	ESP,32
   395 00000106 68 BFFFFFFF                     	PUSH	-1073741825
   396 0000010B 68 00400000                     	PUSH	4194304
   397 00000110 E8 [00000000]                   	CALL	_memtest
   398 00000115 68 003C0000                     	PUSH	3932160
   399 0000011A 89 85 FFFFFBA4                  	MOV	DWORD [-1116+EBP],EAX
   400 00000120 E8 [00000000]                   	CALL	_memman_init
   401 00000125 68 0009E000                     	PUSH	647168
   402 0000012A 68 00001000                     	PUSH	4096
   403 0000012F 68 003C0000                     	PUSH	3932160
   404 00000134 E8 [00000000]                   	CALL	_memman_free
   405 00000139 8B 85 FFFFFBA4                  	MOV	EAX,DWORD [-1116+EBP]
   406 0000013F 2D 00400000                     	SUB	EAX,4194304
   407 00000144 50                              	PUSH	EAX
   408 00000145 68 00400000                     	PUSH	4194304
   409 0000014A 68 003C0000                     	PUSH	3932160
   410 0000014F E8 [00000000]                   	CALL	_memman_free
   411 00000154 83 C4 24                        	ADD	ESP,36
   412 00000157 E8 [00000000]                   	CALL	_init_palette
   413 0000015C 0F BF 05 00000FF6               	MOVSX	EAX,WORD [4086]
   414 00000163 50                              	PUSH	EAX
   415 00000164 0F BF 05 00000FF4               	MOVSX	EAX,WORD [4084]
   416 0000016B 50                              	PUSH	EAX
   417 0000016C FF 35 00000FF8                  	PUSH	DWORD [4088]
   418 00000172 68 003C0000                     	PUSH	3932160
   419 00000177 E8 [00000000]                   	CALL	_shtctl_init
   420 0000017C 68 003C0000                     	PUSH	3932160
   421 00000181 89 85 FFFFFBC0                  	MOV	DWORD [-1088+EBP],EAX
   422 00000187 E8 [00000000]                   	CALL	_task_init
   423 0000018C 6A 02                           	PUSH	2
   424 0000018E 6A 01                           	PUSH	1
   425 00000190 89 85 FFFFFB98                  	MOV	DWORD [-1128+EBP],EAX
   426 00000196 50                              	PUSH	EAX
   427 00000197 89 45 BC                        	MOV	DWORD [-68+EBP],EAX
   428 0000019A E8 [00000000]                   	CALL	_task_run
   429 0000019F 83 C4 20                        	ADD	ESP,32
   430 000001A2 8B 85 FFFFFB98                  	MOV	EAX,DWORD [-1128+EBP]
   431 000001A8 8B 8D FFFFFBC0                  	MOV	ECX,DWORD [-1088+EBP]
   432 000001AE 89 0D 00000FE4                  	MOV	DWORD [4068],ECX
   433 000001B4 C6 80 000000BC 00               	MOV	BYTE [188+EAX],0
   434 000001BB 51                              	PUSH	ECX
   435 000001BC E8 [00000000]                   	CALL	_sheet_alloc
   436 000001C1 0F BF 15 00000FF6               	MOVSX	EDX,WORD [4086]
   437 000001C8 89 85 FFFFFBA0                  	MOV	DWORD [-1120+EBP],EAX
   438 000001CE 0F BF 05 00000FF4               	MOVSX	EAX,WORD [4084]
   439 000001D5 0F AF C2                        	IMUL	EAX,EDX
   440 000001D8 50                              	PUSH	EAX
   441 000001D9 68 003C0000                     	PUSH	3932160
   442 000001DE E8 [00000000]                   	CALL	_memman_alloc_4k
   443 000001E3 6A FF                           	PUSH	-1
   444 000001E5 89 C3                           	MOV	EBX,EAX
   445 000001E7 0F BF 05 00000FF6               	MOVSX	EAX,WORD [4086]
   446 000001EE 50                              	PUSH	EAX
   447 000001EF 0F BF 05 00000FF4               	MOVSX	EAX,WORD [4084]
   448 000001F6 50                              	PUSH	EAX
   449 000001F7 53                              	PUSH	EBX
   450 000001F8 FF B5 FFFFFBA0                  	PUSH	DWORD [-1120+EBP]
   451 000001FE E8 [00000000]                   	CALL	_sheet_setbuf
   452 00000203 83 C4 20                        	ADD	ESP,32
   453 00000206 0F BF 05 00000FF6               	MOVSX	EAX,WORD [4086]
   454 0000020D 50                              	PUSH	EAX
   455 0000020E 0F BF 05 00000FF4               	MOVSX	EAX,WORD [4084]
   456 00000215 50                              	PUSH	EAX
   457 00000216 53                              	PUSH	EBX
   458 00000217 8D 9D FFFFFBF4                  	LEA	EBX,DWORD [-1036+EBP]
   459 0000021D E8 [00000000]                   	CALL	_init_screen8
   460 00000222 FF B5 FFFFFBA4                  	PUSH	DWORD [-1116+EBP]
   461 00000228 FF B5 FFFFFBC0                  	PUSH	DWORD [-1088+EBP]
   462 0000022E E8 00000CC3                     	CALL	_open_console
   463 00000233 FF B5 FFFFFBC0                  	PUSH	DWORD [-1088+EBP]
   464 00000239 89 85 FFFFFB78                  	MOV	DWORD [-1160+EBP],EAX
   465 0000023F E8 [00000000]                   	CALL	_sheet_alloc
   466 00000244 6A 63                           	PUSH	99
   467 00000246 6A 10                           	PUSH	16
   468 00000248 89 85 FFFFFB9C                  	MOV	DWORD [-1124+EBP],EAX
   469 0000024E 6A 10                           	PUSH	16
   470 00000250 53                              	PUSH	EBX
   471 00000251 50                              	PUSH	EAX
   472 00000252 E8 [00000000]                   	CALL	_sheet_setbuf
   473 00000257 83 C4 2C                        	ADD	ESP,44
   474 0000025A 6A 63                           	PUSH	99
   475 0000025C 53                              	PUSH	EBX
   476 0000025D BB 00000002                     	MOV	EBX,2
   477 00000262 E8 [00000000]                   	CALL	_init_mouse_cursor8
   478 00000267 0F BF 05 00000FF4               	MOVSX	EAX,WORD [4084]
   479 0000026E 8D 48 F0                        	LEA	ECX,DWORD [-16+EAX]
   480 00000271 89 C8                           	MOV	EAX,ECX
   481 00000273 99                              	CDQ
   482 00000274 F7 FB                           	IDIV	EBX
   483 00000276 89 85 FFFFFBBC                  	MOV	DWORD [-1092+EBP],EAX
   484 0000027C 0F BF 05 00000FF6               	MOVSX	EAX,WORD [4086]
   485 00000283 6A 00                           	PUSH	0
   486 00000285 8D 48 D4                        	LEA	ECX,DWORD [-44+EAX]
   487 00000288 6A 00                           	PUSH	0
   488 0000028A 89 C8                           	MOV	EAX,ECX
   489 0000028C 99                              	CDQ
   490 0000028D F7 FB                           	IDIV	EBX
   491 0000028F FF B5 FFFFFBA0                  	PUSH	DWORD [-1120+EBP]
   492 00000295 89 85 FFFFFBB8                  	MOV	DWORD [-1096+EBP],EAX
   493 0000029B E8 [00000000]                   	CALL	_sheet_slide
   494 000002A0 6A 04                           	PUSH	4
   495 000002A2 6A 20                           	PUSH	32
   496 000002A4 FF B5 FFFFFB78                  	PUSH	DWORD [-1160+EBP]
   497 000002AA E8 [00000000]                   	CALL	_sheet_slide
   498 000002AF 83 C4 20                        	ADD	ESP,32
   499 000002B2 FF B5 FFFFFBB8                  	PUSH	DWORD [-1096+EBP]
   500 000002B8 FF B5 FFFFFBBC                  	PUSH	DWORD [-1092+EBP]
   501 000002BE FF B5 FFFFFB9C                  	PUSH	DWORD [-1124+EBP]
   502 000002C4 E8 [00000000]                   	CALL	_sheet_slide
   503 000002C9 6A 00                           	PUSH	0
   504 000002CB FF B5 FFFFFBA0                  	PUSH	DWORD [-1120+EBP]
   505 000002D1 E8 [00000000]                   	CALL	_sheet_updown
   506 000002D6 6A 01                           	PUSH	1
   507 000002D8 FF B5 FFFFFB78                  	PUSH	DWORD [-1160+EBP]
   508 000002DE E8 [00000000]                   	CALL	_sheet_updown
   509 000002E3 6A 02                           	PUSH	2
   510 000002E5 FF B5 FFFFFB9C                  	PUSH	DWORD [-1124+EBP]
   511 000002EB E8 [00000000]                   	CALL	_sheet_updown
   512 000002F0 83 C4 24                        	ADD	ESP,36
   513 000002F3 FF B5 FFFFFB78                  	PUSH	DWORD [-1160+EBP]
   514 000002F9 E8 00000B24                     	CALL	_keywin_on
   515 000002FE 68 000000ED                     	PUSH	237
   516 00000303 56                              	PUSH	ESI
   517 00000304 E8 [00000000]                   	CALL	_fifo32_put
   518 00000309 FF B5 FFFFFB90                  	PUSH	DWORD [-1136+EBP]
   519 0000030F 56                              	PUSH	ESI
   520 00000310 E8 [00000000]                   	CALL	_fifo32_put
   521 00000315 68 000BABA0                     	PUSH	764832
   522 0000031A 68 003C0000                     	PUSH	3932160
   523 0000031F E8 [00000000]                   	CALL	_memman_alloc_4k
   524 00000324 68 00002D00                     	PUSH	11520
   525 00000329 68 003C0000                     	PUSH	3932160
   526 0000032E 89 C3                           	MOV	EBX,EAX
   527 00000330 E8 [00000000]                   	CALL	_memman_alloc_4k
   528 00000335 83 C4 24                        	ADD	ESP,36
   529 00000338 89 C6                           	MOV	ESI,EAX
   530 0000033A 68 00100200                     	PUSH	1049088
   531 0000033F 50                              	PUSH	EAX
   532 00000340 E8 [00000000]                   	CALL	_file_readfat
   533 00000345 68 000000E0                     	PUSH	224
   534 0000034A 68 00102600                     	PUSH	1058304
   535 0000034F 68 [00000100]                   	PUSH	LC0
   536 00000354 E8 [00000000]                   	CALL	_file_search
   537 00000359 83 C4 14                        	ADD	ESP,20
   538 0000035C 85 C0                           	TEST	EAX,EAX
   539 0000035E 0F 84 00000A65                  	JE	L2
   540 00000364 68 00103E00                     	PUSH	1064448
   541 00000369 56                              	PUSH	ESI
   542 0000036A 53                              	PUSH	EBX
   543 0000036B FF 70 1C                        	PUSH	DWORD [28+EAX]
   544 0000036E 0F B7 40 1A                     	MOVZX	EAX,WORD [26+EAX]
   545 00000372 50                              	PUSH	EAX
   546 00000373 E8 [00000000]                   	CALL	_file_loadfile
   547 00000378 83 C4 14                        	ADD	ESP,20
   548 0000037B                                 L3:
   549 0000037B 89 1D 00000FE8                  	MOV	DWORD [4072],EBX
   550 00000381 68 00002D00                     	PUSH	11520
   551 00000386 56                              	PUSH	ESI
   552 00000387 68 003C0000                     	PUSH	3932160
   553 0000038C E8 [00000000]                   	CALL	_memman_free_4k
   554 00000391                                 L97:
   555 00000391 83 C4 0C                        	ADD	ESP,12
   556 00000394                                 L14:
   557 00000394 C7 85 FFFFFB70 00000000         	MOV	DWORD [-1168+EBP],0
   558 0000039E 8B 15 [00000000]                	MOV	EDX,DWORD [_taskctl]
   559 000003A4 31 C0                           	XOR	EAX,EAX
   560 000003A6 C7 85 FFFFFB6C 00000009         	MOV	DWORD [-1172+EBP],9
   561 000003B0                                 L21:
   562 000003B0 8B 4C 02 08                     	MOV	ECX,DWORD [8+EDX+EAX*1]
   563 000003B4 05 00000198                     	ADD	EAX,408
   564 000003B9 01 8D FFFFFB70                  	ADD	DWORD [-1168+EBP],ECX
   565 000003BF FF 8D FFFFFB6C                  	DEC	DWORD [-1172+EBP]
   566 000003C5 79 E9                           	JNS	L21
   567 000003C7 8D 5D 84                        	LEA	EBX,DWORD [-124+EBP]
   568 000003CA 53                              	PUSH	EBX
   569 000003CB E8 [00000000]                   	CALL	_fifo32_status
   570 000003D0 5A                              	POP	EDX
   571 000003D1 85 C0                           	TEST	EAX,EAX
   572 000003D3 7E 0D                           	JLE	L22
   573 000003D5 83 BD FFFFFB8C 00               	CMP	DWORD [-1140+EBP],0
   574 000003DC 0F 88 000009C1                  	JS	L100
   575 000003E2                                 L22:
   576 000003E2 8D 5D A4                        	LEA	EBX,DWORD [-92+EBP]
   577 000003E5 E8 [00000000]                   	CALL	_io_cli
   578 000003EA 53                              	PUSH	EBX
   579 000003EB E8 [00000000]                   	CALL	_fifo32_status
   580 000003F0 5F                              	POP	EDI
   581 000003F1 85 C0                           	TEST	EAX,EAX
   582 000003F3 0F 84 00000929                  	JE	L101
   583 000003F9 53                              	PUSH	EBX
   584 000003FA E8 [00000000]                   	CALL	_fifo32_get
   585 000003FF 89 85 FFFFFB6C                  	MOV	DWORD [-1172+EBP],EAX
   586 00000405 E8 [00000000]                   	CALL	_io_sti
   587 0000040A 5B                              	POP	EBX
   588 0000040B 83 BD FFFFFB78 00               	CMP	DWORD [-1160+EBP],0
   589 00000412 74 3B                           	JE	L29
   590 00000414 8B 85 FFFFFB78                  	MOV	EAX,DWORD [-1160+EBP]
   591 0000041A 83 78 1C 00                     	CMP	DWORD [28+EAX],0
   592 0000041E 75 2F                           	JNE	L29
   593 00000420 8B 95 FFFFFBC0                  	MOV	EDX,DWORD [-1088+EBP]
   594 00000426 C7 85 FFFFFB78 00000000         	MOV	DWORD [-1160+EBP],0
   595 00000430 8B 42 10                        	MOV	EAX,DWORD [16+EDX]
   596 00000433 83 F8 01                        	CMP	EAX,1
   597 00000436 74 17                           	JE	L29
   598 00000438 8B 8D FFFFFBC0                  	MOV	ECX,DWORD [-1088+EBP]
   599 0000043E 8B 44 81 10                     	MOV	EAX,DWORD [16+ECX+EAX*4]
   600 00000442 50                              	PUSH	EAX
   601 00000443 89 85 FFFFFB78                  	MOV	DWORD [-1160+EBP],EAX
   602 00000449 E8 000009D4                     	CALL	_keywin_on
   603 0000044E 59                              	POP	ECX
   604 0000044F                                 L29:
   605 0000044F 8B 85 FFFFFB6C                  	MOV	EAX,DWORD [-1172+EBP]
   606 00000455 2D 00000100                     	SUB	EAX,256
   607 0000045A 3D 000000FF                     	CMP	EAX,255
   608 0000045F 0F 87 000004E1                  	JA	L32
   609 00000465 81 BD FFFFFB6C 0000017F         	CMP	DWORD [-1172+EBP],383
   610 0000046F 0F 8F 000004C8                  	JG	L33
   611 00000475 83 BD FFFFFB94 00               	CMP	DWORD [-1132+EBP],0
   612 0000047C 0F 85 000004AA                  	JNE	L34
   613 00000482 8B 95 FFFFFB6C                  	MOV	EDX,DWORD [-1172+EBP]
   614 00000488 8A 82 [FFFFFF00]                	MOV	AL,BYTE [_keytable0.0-256+EDX]
   615 0000048E                                 L98:
   616 0000048E 88 45 C4                        	MOV	BYTE [-60+EBP],AL
   617 00000491                                 L36:
   618 00000491 8A 55 C4                        	MOV	DL,BYTE [-60+EBP]
   619 00000494 8D 42 BF                        	LEA	EAX,DWORD [-65+EDX]
   620 00000497 3C 19                           	CMP	AL,25
   621 00000499 77 1D                           	JA	L37
   622 0000049B F7 85 FFFFFB90 00000004         	TEST	DWORD [-1136+EBP],4
   623 000004A5 0F 85 00000472                  	JNE	L95
   624 000004AB 83 BD FFFFFB94 00               	CMP	DWORD [-1132+EBP],0
   625 000004B2 0F 84 0000045A                  	JE	L39
   626 000004B8                                 L37:
   627 000004B8 8A 45 C4                        	MOV	AL,BYTE [-60+EBP]
   628 000004BB 84 C0                           	TEST	AL,AL
   629 000004BD 74 26                           	JE	L41
   630 000004BF 83 BD FFFFFB78 00               	CMP	DWORD [-1160+EBP],0
   631 000004C6 74 1D                           	JE	L41
   632 000004C8 0F BE C0                        	MOVSX	EAX,AL
   633 000004CB 8B 95 FFFFFB78                  	MOV	EDX,DWORD [-1160+EBP]
   634 000004D1 05 00000100                     	ADD	EAX,256
   635 000004D6 50                              	PUSH	EAX
   636 000004D7 8B 42 24                        	MOV	EAX,DWORD [36+EDX]
   637 000004DA 83 C0 10                        	ADD	EAX,16
   638 000004DD 50                              	PUSH	EAX
   639 000004DE E8 [00000000]                   	CALL	_fifo32_put
   640 000004E3 58                              	POP	EAX
   641 000004E4 5A                              	POP	EDX
   642 000004E5                                 L41:
   643 000004E5 81 BD FFFFFB6C 0000010F         	CMP	DWORD [-1172+EBP],271
   644 000004EF 0F 84 000003D2                  	JE	L102
   645 000004F5                                 L42:
   646 000004F5 81 BD FFFFFB6C 0000012A         	CMP	DWORD [-1172+EBP],298
   647 000004FF 0F 84 000003B6                  	JE	L103
   648 00000505                                 L44:
   649 00000505 81 BD FFFFFB6C 00000136         	CMP	DWORD [-1172+EBP],310
   650 0000050F 0F 84 0000039A                  	JE	L104
   651 00000515                                 L45:
   652 00000515 81 BD FFFFFB6C 000001AA         	CMP	DWORD [-1172+EBP],426
   653 0000051F 0F 84 0000037E                  	JE	L105
   654 00000525                                 L46:
   655 00000525 81 BD FFFFFB6C 000001B6         	CMP	DWORD [-1172+EBP],438
   656 0000052F 0F 84 00000362                  	JE	L106
   657 00000535                                 L47:
   658 00000535 81 BD FFFFFB6C 0000013A         	CMP	DWORD [-1172+EBP],314
   659 0000053F 0F 84 00000329                  	JE	L107
   660 00000545                                 L48:
   661 00000545 81 BD FFFFFB6C 00000145         	CMP	DWORD [-1172+EBP],325
   662 0000054F 0F 84 000002F0                  	JE	L108
   663 00000555                                 L49:
   664 00000555 81 BD FFFFFB6C 00000146         	CMP	DWORD [-1172+EBP],326
   665 0000055F 0F 84 000002B7                  	JE	L109
   666 00000565                                 L50:
   667 00000565 81 BD FFFFFB6C 0000013B         	CMP	DWORD [-1172+EBP],315
   668 0000056F 0F 84 00000233                  	JE	L110
   669 00000575                                 L51:
   670 00000575 81 BD FFFFFB6C 0000013C         	CMP	DWORD [-1172+EBP],316
   671 0000057F 0F 84 000001B3                  	JE	L111
   672 00000585                                 L53:
   673 00000585 81 BD FFFFFB6C 0000013D         	CMP	DWORD [-1172+EBP],317
   674 0000058F 0F 84 00000142                  	JE	L112
   675 00000595                                 L55:
   676 00000595 81 BD FFFFFB6C 00000157         	CMP	DWORD [-1172+EBP],343
   677 0000059F 0F 84 00000118                  	JE	L113
   678 000005A5                                 L56:
   679 000005A5 81 BD FFFFFB6C 000001FA         	CMP	DWORD [-1172+EBP],506
   680 000005AF 0F 84 000000F9                  	JE	L114
   681 000005B5                                 L57:
   682 000005B5 81 BD FFFFFB6C 000001FE         	CMP	DWORD [-1172+EBP],510
   683 000005BF 0F 84 000000D0                  	JE	L115
   684 000005C5                                 L59:
   685 000005C5 8D 5D C4                        	LEA	EBX,DWORD [-60+EBP]
   686 000005C8 E8 [00000000]                   	CALL	_get_day_of_month
   687 000005CD 50                              	PUSH	EAX
   688 000005CE E8 [00000000]                   	CALL	_get_mon_hex
   689 000005D3 50                              	PUSH	EAX
   690 000005D4 E8 [00000000]                   	CALL	_get_year
   691 000005D9 50                              	PUSH	EAX
   692 000005DA 68 [0000010A]                   	PUSH	LC5
   693 000005DF 53                              	PUSH	EBX
   694 000005E0 E8 [00000000]                   	CALL	_sprintf
   695 000005E5 6A 0F                           	PUSH	15
   696 000005E7 53                              	PUSH	EBX
   697 000005E8 6A 08                           	PUSH	8
   698 000005EA 6A 00                           	PUSH	0
   699 000005EC 0F BF 05 00000FF6               	MOVSX	EAX,WORD [4086]
   700 000005F3 83 E8 14                        	SUB	EAX,20
   701 000005F6 50                              	PUSH	EAX
   702 000005F7 0F BF 05 00000FF4               	MOVSX	EAX,WORD [4084]
   703 000005FE 2D 000000B4                     	SUB	EAX,180
   704 00000603 50                              	PUSH	EAX
   705 00000604 FF B5 FFFFFBA0                  	PUSH	DWORD [-1120+EBP]
   706 0000060A E8 [00000000]                   	CALL	_putfonts8_asc_sht
   707 0000060F 83 C4 30                        	ADD	ESP,48
   708 00000612 E8 [00000000]                   	CALL	_get_min_hex
   709 00000617 50                              	PUSH	EAX
   710 00000618 E8 [00000000]                   	CALL	_get_hour_hex
   711 0000061D 50                              	PUSH	EAX
   712 0000061E 68 [00000119]                   	PUSH	LC6
   713 00000623 53                              	PUSH	EBX
   714 00000624 E8 [00000000]                   	CALL	_sprintf
   715 00000629 6A 05                           	PUSH	5
   716 0000062B 53                              	PUSH	EBX
   717 0000062C 6A 08                           	PUSH	8
   718 0000062E 6A 00                           	PUSH	0
   719 00000630 0F BF 05 00000FF6               	MOVSX	EAX,WORD [4086]
   720 00000637 83 E8 14                        	SUB	EAX,20
   721 0000063A 50                              	PUSH	EAX
   722 0000063B 0F BF 05 00000FF4               	MOVSX	EAX,WORD [4084]
   723 00000642 83 E8 2D                        	SUB	EAX,45
   724 00000645 50                              	PUSH	EAX
   725 00000646 FF B5 FFFFFBA0                  	PUSH	DWORD [-1120+EBP]
   726 0000064C E8 [00000000]                   	CALL	_putfonts8_asc_sht
   727 00000651 83 C4 2C                        	ADD	ESP,44
   728 00000654 0F BF 05 00000FF6               	MOVSX	EAX,WORD [4086]
   729 0000065B 83 E8 22                        	SUB	EAX,34
   730 0000065E 50                              	PUSH	EAX
   731 0000065F 0F BF 05 00000FF4               	MOVSX	EAX,WORD [4084]
   732 00000666 83 E8 05                        	SUB	EAX,5
   733 00000669 50                              	PUSH	EAX
   734 0000066A 0F BF 05 00000FF6               	MOVSX	EAX,WORD [4086]
   735 00000671 83 E8 14                        	SUB	EAX,20
   736 00000674 50                              	PUSH	EAX
   737 00000675 0F BF 05 00000FF4               	MOVSX	EAX,WORD [4084]
   738 0000067C 2D 00000082                     	SUB	EAX,130
   739 00000681 50                              	PUSH	EAX
   740 00000682 FF B5 FFFFFBA0                  	PUSH	DWORD [-1120+EBP]
   741 00000688 E8 [00000000]                   	CALL	_sheet_refresh
   742 0000068D 83 C4 14                        	ADD	ESP,20
   743 00000690 E9 FFFFFCFF                     	JMP	L14
   744 00000695                                 L115:
   745 00000695 E8 [00000000]                   	CALL	_wait_KBC_sendready
   746 0000069A FF B5 FFFFFB8C                  	PUSH	DWORD [-1140+EBP]
   747 000006A0 6A 60                           	PUSH	96
   748 000006A2 E8 [00000000]                   	CALL	_io_out8
   749 000006A7 5B                              	POP	EBX
   750 000006A8 5E                              	POP	ESI
   751 000006A9 E9 FFFFFF17                     	JMP	L59
   752 000006AE                                 L114:
   753 000006AE C7 85 FFFFFB8C FFFFFFFF         	MOV	DWORD [-1140+EBP],-1
   754 000006B8 E9 FFFFFEF8                     	JMP	L57
   755 000006BD                                 L113:
   756 000006BD 8B 95 FFFFFBC0                  	MOV	EDX,DWORD [-1088+EBP]
   757 000006C3 8B 42 10                        	MOV	EAX,DWORD [16+EDX]
   758 000006C6 48                              	DEC	EAX
   759 000006C7 50                              	PUSH	EAX
   760 000006C8 FF 72 18                        	PUSH	DWORD [24+EDX]
   761 000006CB E8 [00000000]                   	CALL	_sheet_updown
   762 000006D0 5F                              	POP	EDI
   763 000006D1 58                              	POP	EAX
   764 000006D2 E9 FFFFFECE                     	JMP	L56
   765 000006D7                                 L112:
   766 000006D7 83 BD FFFFFB94 00               	CMP	DWORD [-1132+EBP],0
   767 000006DE 0F 84 FFFFFEB1                  	JE	L55
   768 000006E4 FC                              	CLD
   769 000006E5 31 C0                           	XOR	EAX,EAX
   770 000006E7 8D BD FFFFFBC4                  	LEA	EDI,DWORD [-1084+EBP]
   771 000006ED B9 00000015                     	MOV	ECX,21
   772 000006F2 8D 9D FFFFFBC4                  	LEA	EBX,DWORD [-1084+EBP]
   773 000006F8 F3                              	REP
   774 000006F9 AA                              	STOSB
   775 000006FA 8B 85 FFFFFB78                  	MOV	EAX,DWORD [-1160+EBP]
   776 00000700 8B 70 24                        	MOV	ESI,DWORD [36+EAX]
   777 00000703 FF B5 FFFFFB70                  	PUSH	DWORD [-1168+EBP]
   778 00000709 68 [0000011F]                   	PUSH	LC2
   779 0000070E 53                              	PUSH	EBX
   780 0000070F E8 [00000000]                   	CALL	_sprintf
   781 00000714 68 [00000122]                   	PUSH	LC3
   782 00000719 FF B6 000000A4                  	PUSH	DWORD [164+ESI]
   783 0000071F E8 [00000000]                   	CALL	_cons_putstr0
   784 00000724 53                              	PUSH	EBX
   785 00000725 FF B6 000000A4                  	PUSH	DWORD [164+ESI]
   786 0000072B E8 [00000000]                   	CALL	_cons_putstr0
   787 00000730 83 C4 1C                        	ADD	ESP,28
   788 00000733 E9 FFFFFE5D                     	JMP	L55
   789 00000738                                 L111:
   790 00000738 83 BD FFFFFB94 00               	CMP	DWORD [-1132+EBP],0
   791 0000073F 0F 84 FFFFFE40                  	JE	L53
   792 00000745 83 BD FFFFFB78 00               	CMP	DWORD [-1160+EBP],0
   793 0000074C 74 0C                           	JE	L54
   794 0000074E FF B5 FFFFFB78                  	PUSH	DWORD [-1160+EBP]
   795 00000754 E8 0000069B                     	CALL	_keywin_off
   796 00000759 58                              	POP	EAX
   797 0000075A                                 L54:
   798 0000075A FF B5 FFFFFBA4                  	PUSH	DWORD [-1116+EBP]
   799 00000760 FF B5 FFFFFBC0                  	PUSH	DWORD [-1088+EBP]
   800 00000766 E8 0000078B                     	CALL	_open_console
   801 0000076B 6A 04                           	PUSH	4
   802 0000076D 6A 20                           	PUSH	32
   803 0000076F 50                              	PUSH	EAX
   804 00000770 89 85 FFFFFB78                  	MOV	DWORD [-1160+EBP],EAX
   805 00000776 E8 [00000000]                   	CALL	_sheet_slide
   806 0000077B 8B 8D FFFFFBC0                  	MOV	ECX,DWORD [-1088+EBP]
   807 00000781 FF 71 10                        	PUSH	DWORD [16+ECX]
   808 00000784 FF B5 FFFFFB78                  	PUSH	DWORD [-1160+EBP]
   809 0000078A E8 [00000000]                   	CALL	_sheet_updown
   810 0000078F FF B5 FFFFFB78                  	PUSH	DWORD [-1160+EBP]
   811 00000795 E8 00000688                     	CALL	_keywin_on
   812 0000079A 83 C4 20                        	ADD	ESP,32
   813 0000079D FF 85 FFFFFB70                  	INC	DWORD [-1168+EBP]
   814 000007A3 E9 FFFFFDDD                     	JMP	L53
   815 000007A8                                 L110:
   816 000007A8 83 BD FFFFFB94 00               	CMP	DWORD [-1132+EBP],0
   817 000007AF 0F 84 FFFFFDC0                  	JE	L51
   818 000007B5 83 BD FFFFFB78 00               	CMP	DWORD [-1160+EBP],0
   819 000007BC 0F 84 FFFFFDB3                  	JE	L51
   820 000007C2 8B 95 FFFFFB78                  	MOV	EDX,DWORD [-1160+EBP]
   821 000007C8 8B 72 24                        	MOV	ESI,DWORD [36+EDX]
   822 000007CB 85 F6                           	TEST	ESI,ESI
   823 000007CD 0F 84 FFFFFDA2                  	JE	L51
   824 000007D3 83 7E 34 00                     	CMP	DWORD [52+ESI],0
   825 000007D7 0F 84 FFFFFD98                  	JE	L51
   826 000007DD 68 [00000134]                   	PUSH	LC1
   827 000007E2 FF B6 000000A4                  	PUSH	DWORD [164+ESI]
   828 000007E8 E8 [00000000]                   	CALL	_cons_putstr0
   829 000007ED E8 [00000000]                   	CALL	_io_cli
   830 000007F2 8D 46 30                        	LEA	EAX,DWORD [48+ESI]
   831 000007F5 89 46 54                        	MOV	DWORD [84+ESI],EAX
   832 000007F8 C7 46 4C [00000000]             	MOV	DWORD [76+ESI],_asm_end_app
   833 000007FF E8 [00000000]                   	CALL	_io_sti
   834 00000804 6A 00                           	PUSH	0
   835 00000806 6A FF                           	PUSH	-1
   836 00000808 56                              	PUSH	ESI
   837 00000809 E8 [00000000]                   	CALL	_task_run
   838 0000080E 83 C4 14                        	ADD	ESP,20
   839 00000811 FF 8D FFFFFB70                  	DEC	DWORD [-1168+EBP]
   840 00000817 E9 FFFFFD59                     	JMP	L51
   841 0000081C                                 L109:
   842 0000081C 68 000000ED                     	PUSH	237
   843 00000821 8D 5D 84                        	LEA	EBX,DWORD [-124+EBP]
   844 00000824 53                              	PUSH	EBX
   845 00000825 83 B5 FFFFFB90 01               	XOR	DWORD [-1136+EBP],1
   846 0000082C E8 [00000000]                   	CALL	_fifo32_put
   847 00000831 FF B5 FFFFFB90                  	PUSH	DWORD [-1136+EBP]
   848 00000837 53                              	PUSH	EBX
   849 00000838 E8 [00000000]                   	CALL	_fifo32_put
   850 0000083D 83 C4 10                        	ADD	ESP,16
   851 00000840 E9 FFFFFD20                     	JMP	L50
   852 00000845                                 L108:
   853 00000845 68 000000ED                     	PUSH	237
   854 0000084A 8D 5D 84                        	LEA	EBX,DWORD [-124+EBP]
   855 0000084D 53                              	PUSH	EBX
   856 0000084E 83 B5 FFFFFB90 02               	XOR	DWORD [-1136+EBP],2
   857 00000855 E8 [00000000]                   	CALL	_fifo32_put
   858 0000085A FF B5 FFFFFB90                  	PUSH	DWORD [-1136+EBP]
   859 00000860 53                              	PUSH	EBX
   860 00000861 E8 [00000000]                   	CALL	_fifo32_put
   861 00000866 83 C4 10                        	ADD	ESP,16
   862 00000869 E9 FFFFFCE7                     	JMP	L49
   863 0000086E                                 L107:
   864 0000086E 68 000000ED                     	PUSH	237
   865 00000873 8D 5D 84                        	LEA	EBX,DWORD [-124+EBP]
   866 00000876 53                              	PUSH	EBX
   867 00000877 83 B5 FFFFFB90 04               	XOR	DWORD [-1136+EBP],4
   868 0000087E E8 [00000000]                   	CALL	_fifo32_put
   869 00000883 FF B5 FFFFFB90                  	PUSH	DWORD [-1136+EBP]
   870 00000889 53                              	PUSH	EBX
   871 0000088A E8 [00000000]                   	CALL	_fifo32_put
   872 0000088F 83 C4 10                        	ADD	ESP,16
   873 00000892 E9 FFFFFCAE                     	JMP	L48
   874 00000897                                 L106:
   875 00000897 83 A5 FFFFFB94 FD               	AND	DWORD [-1132+EBP],-3
   876 0000089E E9 FFFFFC92                     	JMP	L47
   877 000008A3                                 L105:
   878 000008A3 83 A5 FFFFFB94 FE               	AND	DWORD [-1132+EBP],-2
   879 000008AA E9 FFFFFC76                     	JMP	L46
   880 000008AF                                 L104:
   881 000008AF 83 8D FFFFFB94 02               	OR	DWORD [-1132+EBP],2
   882 000008B6 E9 FFFFFC5A                     	JMP	L45
   883 000008BB                                 L103:
   884 000008BB 83 8D FFFFFB94 01               	OR	DWORD [-1132+EBP],1
   885 000008C2 E9 FFFFFC3E                     	JMP	L44
   886 000008C7                                 L102:
   887 000008C7 83 BD FFFFFB78 00               	CMP	DWORD [-1160+EBP],0
   888 000008CE 0F 84 FFFFFC21                  	JE	L42
   889 000008D4 FF B5 FFFFFB78                  	PUSH	DWORD [-1160+EBP]
   890 000008DA E8 00000515                     	CALL	_keywin_off
   891 000008DF 58                              	POP	EAX
   892 000008E0 8B 85 FFFFFB78                  	MOV	EAX,DWORD [-1160+EBP]
   893 000008E6 8B 48 18                        	MOV	ECX,DWORD [24+EAX]
   894 000008E9 49                              	DEC	ECX
   895 000008EA 75 0A                           	JNE	L43
   896 000008EC 8B 95 FFFFFBC0                  	MOV	EDX,DWORD [-1088+EBP]
   897 000008F2 8B 4A 10                        	MOV	ECX,DWORD [16+EDX]
   898 000008F5 49                              	DEC	ECX
   899 000008F6                                 L43:
   900 000008F6 8B 85 FFFFFBC0                  	MOV	EAX,DWORD [-1088+EBP]
   901 000008FC 8B 4C 88 14                     	MOV	ECX,DWORD [20+EAX+ECX*4]
   902 00000900 51                              	PUSH	ECX
   903 00000901 89 8D FFFFFB78                  	MOV	DWORD [-1160+EBP],ECX
   904 00000907 E8 00000516                     	CALL	_keywin_on
   905 0000090C 58                              	POP	EAX
   906 0000090D E9 FFFFFBE3                     	JMP	L42
   907 00000912                                 L39:
   908 00000912 8D 42 20                        	LEA	EAX,DWORD [32+EDX]
   909 00000915 88 45 C4                        	MOV	BYTE [-60+EBP],AL
   910 00000918 E9 FFFFFB9B                     	JMP	L37
   911 0000091D                                 L95:
   912 0000091D 83 BD FFFFFB94 00               	CMP	DWORD [-1132+EBP],0
   913 00000924 0F 84 FFFFFB8E                  	JE	L37
   914 0000092A EB E6                           	JMP	L39
   915 0000092C                                 L34:
   916 0000092C 8B 8D FFFFFB6C                  	MOV	ECX,DWORD [-1172+EBP]
   917 00000932 8A 81 [FFFFFF80]                	MOV	AL,BYTE [_keytable1.1-256+ECX]
   918 00000938 E9 FFFFFB51                     	JMP	L98
   919 0000093D                                 L33:
   920 0000093D C6 45 C4 00                     	MOV	BYTE [-60+EBP],0
   921 00000941 E9 FFFFFB4B                     	JMP	L36
   922 00000946                                 L32:
   923 00000946 8B 85 FFFFFB6C                  	MOV	EAX,DWORD [-1172+EBP]
   924 0000094C 2D 00000200                     	SUB	EAX,512
   925 00000951 3D 000000FF                     	CMP	EAX,255
   926 00000956 0F 87 0000030F                  	JA	L60
   927 0000095C 0F B6 85 FFFFFB6C               	MOVZX	EAX,BYTE [-1172+EBP]
   928 00000963 50                              	PUSH	EAX
   929 00000964 8D 85 FFFFFCF4                  	LEA	EAX,DWORD [-780+EBP]
   930 0000096A 50                              	PUSH	EAX
   931 0000096B E8 [00000000]                   	CALL	_mouse_decode
   932 00000970 5A                              	POP	EDX
   933 00000971 59                              	POP	ECX
   934 00000972 85 C0                           	TEST	EAX,EAX
   935 00000974 0F 84 FFFFFC4B                  	JE	L59
   936 0000097A 8B 8D FFFFFCFC                  	MOV	ECX,DWORD [-772+EBP]
   937 00000980 8B 85 FFFFFCF8                  	MOV	EAX,DWORD [-776+EBP]
   938 00000986 01 8D FFFFFBB8                  	ADD	DWORD [-1096+EBP],ECX
   939 0000098C 01 85 FFFFFBBC                  	ADD	DWORD [-1092+EBP],EAX
   940 00000992 0F 88 000002C4                  	JS	L116
   941 00000998                                 L62:
   942 00000998 83 BD FFFFFBB8 00               	CMP	DWORD [-1096+EBP],0
   943 0000099F 0F 88 000002A8                  	JS	L117
   944 000009A5                                 L63:
   945 000009A5 0F BF 05 00000FF4               	MOVSX	EAX,WORD [4084]
   946 000009AC 48                              	DEC	EAX
   947 000009AD 39 85 FFFFFBBC                  	CMP	DWORD [-1092+EBP],EAX
   948 000009B3 7E 06                           	JLE	L64
   949 000009B5 89 85 FFFFFBBC                  	MOV	DWORD [-1092+EBP],EAX
   950 000009BB                                 L64:
   951 000009BB 0F BF 05 00000FF6               	MOVSX	EAX,WORD [4086]
   952 000009C2 48                              	DEC	EAX
   953 000009C3 39 85 FFFFFBB8                  	CMP	DWORD [-1096+EBP],EAX
   954 000009C9 7E 06                           	JLE	L65
   955 000009CB 89 85 FFFFFBB8                  	MOV	DWORD [-1096+EBP],EAX
   956 000009D1                                 L65:
   957 000009D1 8B 95 FFFFFBBC                  	MOV	EDX,DWORD [-1092+EBP]
   958 000009D7 8B 8D FFFFFBB8                  	MOV	ECX,DWORD [-1096+EBP]
   959 000009DD 89 95 FFFFFBB4                  	MOV	DWORD [-1100+EBP],EDX
   960 000009E3 89 8D FFFFFBB0                  	MOV	DWORD [-1104+EBP],ECX
   961 000009E9 F7 85 FFFFFD00 00000001         	TEST	DWORD [-768+EBP],1
   962 000009F3 0F 84 00000211                  	JE	L66
   963 000009F9 83 BD FFFFFB88 00               	CMP	DWORD [-1144+EBP],0
   964 00000A00 78 46                           	JS	L118
   965 00000A02 8B 9D FFFFFBBC                  	MOV	EBX,DWORD [-1092+EBP]
   966 00000A08 8B 85 FFFFFB80                  	MOV	EAX,DWORD [-1152+EBP]
   967 00000A0E 2B 9D FFFFFB88                  	SUB	EBX,DWORD [-1144+EBP]
   968 00000A14 8B B5 FFFFFBB8                  	MOV	ESI,DWORD [-1096+EBP]
   969 00000A1A 2B B5 FFFFFB84                  	SUB	ESI,DWORD [-1148+EBP]
   970 00000A20 8B 95 FFFFFBB8                  	MOV	EDX,DWORD [-1096+EBP]
   971 00000A26 8D 5C 03 02                     	LEA	EBX,DWORD [2+EBX+EAX*1]
   972 00000A2A 89 95 FFFFFB84                  	MOV	DWORD [-1148+EBP],EDX
   973 00000A30 89 9D FFFFFBAC                  	MOV	DWORD [-1108+EBP],EBX
   974 00000A36 01 B5 FFFFFBA8                  	ADD	DWORD [-1112+EBP],ESI
   975 00000A3C 83 A5 FFFFFBAC FC               	AND	DWORD [-1108+EBP],-4
   976 00000A43 E9 FFFFFB7D                     	JMP	L59
   977 00000A48                                 L118:
   978 00000A48 8B 85 FFFFFBC0                  	MOV	EAX,DWORD [-1088+EBP]
   979 00000A4E 8B 78 10                        	MOV	EDI,DWORD [16+EAX]
   980 00000A51 8D 4F FF                        	LEA	ECX,DWORD [-1+EDI]
   981 00000A54 85 C9                           	TEST	ECX,ECX
   982 00000A56 0F 8E FFFFFB69                  	JLE	L59
   983 00000A5C                                 L79:
   984 00000A5C 8B 95 FFFFFBC0                  	MOV	EDX,DWORD [-1088+EBP]
   985 00000A62 8B B5 FFFFFBB8                  	MOV	ESI,DWORD [-1096+EBP]
   986 00000A68 8B 9D FFFFFBBC                  	MOV	EBX,DWORD [-1092+EBP]
   987 00000A6E 8B 54 8A 14                     	MOV	EDX,DWORD [20+EDX+ECX*4]
   988 00000A72 89 95 FFFFFB7C                  	MOV	DWORD [-1156+EBP],EDX
   989 00000A78 2B 72 10                        	SUB	ESI,DWORD [16+EDX]
   990 00000A7B 2B 5A 0C                        	SUB	EBX,DWORD [12+EDX]
   991 00000A7E 78 32                           	JS	L70
   992 00000A80 8B 42 04                        	MOV	EAX,DWORD [4+EDX]
   993 00000A83 39 C3                           	CMP	EBX,EAX
   994 00000A85 7D 2B                           	JGE	L70
   995 00000A87 85 F6                           	TEST	ESI,ESI
   996 00000A89 78 27                           	JS	L70
   997 00000A8B 3B 72 08                        	CMP	ESI,DWORD [8+EDX]
   998 00000A8E 7D 22                           	JGE	L70
   999 00000A90 0F AF C6                        	IMUL	EAX,ESI
  1000 00000A93 89 85 FFFFFB68                  	MOV	DWORD [-1176+EBP],EAX
  1001 00000A99 8B 12                           	MOV	EDX,DWORD [EDX]
  1002 00000A9B 8B 85 FFFFFB68                  	MOV	EAX,DWORD [-1176+EBP]
  1003 00000AA1 01 D8                           	ADD	EAX,EBX
  1004 00000AA3 0F B6 04 10                     	MOVZX	EAX,BYTE [EAX+EDX*1]
  1005 00000AA7 8B 95 FFFFFB7C                  	MOV	EDX,DWORD [-1156+EBP]
  1006 00000AAD 3B 42 14                        	CMP	EAX,DWORD [20+EDX]
  1007 00000AB0 75 0A                           	JNE	L119
  1008 00000AB2                                 L70:
  1009 00000AB2 49                              	DEC	ECX
  1010 00000AB3 85 C9                           	TEST	ECX,ECX
  1011 00000AB5 7F A5                           	JG	L79
  1012 00000AB7 E9 FFFFFB09                     	JMP	L59
  1013 00000ABC                                 L119:
  1014 00000ABC 8D 47 FF                        	LEA	EAX,DWORD [-1+EDI]
  1015 00000ABF 50                              	PUSH	EAX
  1016 00000AC0 52                              	PUSH	EDX
  1017 00000AC1 E8 [00000000]                   	CALL	_sheet_updown
  1018 00000AC6 8B 8D FFFFFB78                  	MOV	ECX,DWORD [-1160+EBP]
  1019 00000ACC 5F                              	POP	EDI
  1020 00000ACD 39 8D FFFFFB7C                  	CMP	DWORD [-1156+EBP],ECX
  1021 00000AD3 58                              	POP	EAX
  1022 00000AD4 74 1A                           	JE	L74
  1023 00000AD6 51                              	PUSH	ECX
  1024 00000AD7 E8 00000318                     	CALL	_keywin_off
  1025 00000ADC 8B 85 FFFFFB7C                  	MOV	EAX,DWORD [-1156+EBP]
  1026 00000AE2 50                              	PUSH	EAX
  1027 00000AE3 89 85 FFFFFB78                  	MOV	DWORD [-1160+EBP],EAX
  1028 00000AE9 E8 00000334                     	CALL	_keywin_on
  1029 00000AEE 5A                              	POP	EDX
  1030 00000AEF 59                              	POP	ECX
  1031 00000AF0                                 L74:
  1032 00000AF0 83 FB 02                        	CMP	EBX,2
  1033 00000AF3 7E 4A                           	JLE	L75
  1034 00000AF5 8B 95 FFFFFB7C                  	MOV	EDX,DWORD [-1156+EBP]
  1035 00000AFB 8B 42 04                        	MOV	EAX,DWORD [4+EDX]
  1036 00000AFE 83 E8 03                        	SUB	EAX,3
  1037 00000B01 39 C3                           	CMP	EBX,EAX
  1038 00000B03 7D 3A                           	JGE	L75
  1039 00000B05 83 FE 02                        	CMP	ESI,2
  1040 00000B08 7E 35                           	JLE	L75
  1041 00000B0A 83 FE 14                        	CMP	ESI,20
  1042 00000B0D 7F 30                           	JG	L75
  1043 00000B0F 8B 8D FFFFFBBC                  	MOV	ECX,DWORD [-1092+EBP]
  1044 00000B15 8B 85 FFFFFBB8                  	MOV	EAX,DWORD [-1096+EBP]
  1045 00000B1B 89 8D FFFFFB88                  	MOV	DWORD [-1144+EBP],ECX
  1046 00000B21 8B 52 0C                        	MOV	EDX,DWORD [12+EDX]
  1047 00000B24 8B 8D FFFFFB7C                  	MOV	ECX,DWORD [-1156+EBP]
  1048 00000B2A 89 85 FFFFFB84                  	MOV	DWORD [-1148+EBP],EAX
  1049 00000B30 89 95 FFFFFB80                  	MOV	DWORD [-1152+EBP],EDX
  1050 00000B36 8B 49 10                        	MOV	ECX,DWORD [16+ECX]
  1051 00000B39 89 8D FFFFFBA8                  	MOV	DWORD [-1112+EBP],ECX
  1052 00000B3F                                 L75:
  1053 00000B3F 8B 85 FFFFFB7C                  	MOV	EAX,DWORD [-1156+EBP]
  1054 00000B45 8B 50 04                        	MOV	EDX,DWORD [4+EAX]
  1055 00000B48 8D 42 EB                        	LEA	EAX,DWORD [-21+EDX]
  1056 00000B4B 39 D8                           	CMP	EAX,EBX
  1057 00000B4D 0F 8F FFFFFA72                  	JG	L59
  1058 00000B53 8D 42 FB                        	LEA	EAX,DWORD [-5+EDX]
  1059 00000B56 39 C3                           	CMP	EBX,EAX
  1060 00000B58 0F 8D FFFFFA67                  	JGE	L59
  1061 00000B5E 83 FE 04                        	CMP	ESI,4
  1062 00000B61 0F 8E FFFFFA5E                  	JLE	L59
  1063 00000B67 83 FE 12                        	CMP	ESI,18
  1064 00000B6A 0F 8F FFFFFA55                  	JG	L59
  1065 00000B70 8B 95 FFFFFB7C                  	MOV	EDX,DWORD [-1156+EBP]
  1066 00000B76 F6 42 1C 10                     	TEST	BYTE [28+EDX],16
  1067 00000B7A 75 4C                           	JNE	L96
  1068 00000B7C 8B 72 24                        	MOV	ESI,DWORD [36+EDX]
  1069 00000B7F 6A FF                           	PUSH	-1
  1070 00000B81 52                              	PUSH	EDX
  1071 00000B82 E8 [00000000]                   	CALL	_sheet_updown
  1072 00000B87 FF B5 FFFFFB78                  	PUSH	DWORD [-1160+EBP]
  1073 00000B8D E8 00000262                     	CALL	_keywin_off
  1074 00000B92 8B 8D FFFFFBC0                  	MOV	ECX,DWORD [-1088+EBP]
  1075 00000B98 8B 41 10                        	MOV	EAX,DWORD [16+ECX]
  1076 00000B9B 8B 44 81 10                     	MOV	EAX,DWORD [16+ECX+EAX*4]
  1077 00000B9F 50                              	PUSH	EAX
  1078 00000BA0 89 85 FFFFFB78                  	MOV	DWORD [-1160+EBP],EAX
  1079 00000BA6 E8 00000277                     	CALL	_keywin_on
  1080 00000BAB E8 [00000000]                   	CALL	_io_cli
  1081 00000BB0 8D 46 10                        	LEA	EAX,DWORD [16+ESI]
  1082 00000BB3 6A 04                           	PUSH	4
  1083 00000BB5 50                              	PUSH	EAX
  1084 00000BB6 E8 [00000000]                   	CALL	_fifo32_put
  1085 00000BBB E8 [00000000]                   	CALL	_io_sti
  1086 00000BC0 83 C4 18                        	ADD	ESP,24
  1087 00000BC3 E9 FFFFF9FD                     	JMP	L59
  1088 00000BC8                                 L96:
  1089 00000BC8 8B 8D FFFFFB7C                  	MOV	ECX,DWORD [-1156+EBP]
  1090 00000BCE 8B 71 24                        	MOV	ESI,DWORD [36+ECX]
  1091 00000BD1 68 [00000143]                   	PUSH	LC4
  1092 00000BD6 FF B6 000000A4                  	PUSH	DWORD [164+ESI]
  1093 00000BDC E8 [00000000]                   	CALL	_cons_putstr0
  1094 00000BE1 E8 [00000000]                   	CALL	_io_cli
  1095 00000BE6 8D 46 30                        	LEA	EAX,DWORD [48+ESI]
  1096 00000BE9 89 46 54                        	MOV	DWORD [84+ESI],EAX
  1097 00000BEC C7 46 4C [00000000]             	MOV	DWORD [76+ESI],_asm_end_app
  1098 00000BF3 E8 [00000000]                   	CALL	_io_sti
  1099 00000BF8 6A 00                           	PUSH	0
  1100 00000BFA 6A FF                           	PUSH	-1
  1101 00000BFC 56                              	PUSH	ESI
  1102 00000BFD E8 [00000000]                   	CALL	_task_run
  1103 00000C02 83 C4 14                        	ADD	ESP,20
  1104 00000C05 E9 FFFFF9BB                     	JMP	L59
  1105 00000C0A                                 L66:
  1106 00000C0A C7 85 FFFFFB88 FFFFFFFF         	MOV	DWORD [-1144+EBP],-1
  1107 00000C14 81 BD FFFFFBAC 7FFFFFFF         	CMP	DWORD [-1108+EBP],2147483647
  1108 00000C1E 0F 84 FFFFF9A1                  	JE	L59
  1109 00000C24 FF B5 FFFFFBA8                  	PUSH	DWORD [-1112+EBP]
  1110 00000C2A FF B5 FFFFFBAC                  	PUSH	DWORD [-1108+EBP]
  1111 00000C30 FF B5 FFFFFB7C                  	PUSH	DWORD [-1156+EBP]
  1112 00000C36 E8 [00000000]                   	CALL	_sheet_slide
  1113 00000C3B 83 C4 0C                        	ADD	ESP,12
  1114 00000C3E C7 85 FFFFFBAC 7FFFFFFF         	MOV	DWORD [-1108+EBP],2147483647
  1115 00000C48 E9 FFFFF978                     	JMP	L59
  1116 00000C4D                                 L117:
  1117 00000C4D C7 85 FFFFFBB8 00000000         	MOV	DWORD [-1096+EBP],0
  1118 00000C57 E9 FFFFFD49                     	JMP	L63
  1119 00000C5C                                 L116:
  1120 00000C5C C7 85 FFFFFBBC 00000000         	MOV	DWORD [-1092+EBP],0
  1121 00000C66 E9 FFFFFD2D                     	JMP	L62
  1122 00000C6B                                 L60:
  1123 00000C6B 8B 85 FFFFFB6C                  	MOV	EAX,DWORD [-1172+EBP]
  1124 00000C71 2D 00000300                     	SUB	EAX,768
  1125 00000C76 3D 000000FF                     	CMP	EAX,255
  1126 00000C7B 77 20                           	JA	L84
  1127 00000C7D 6B 85 FFFFFB6C 28               	IMUL	EAX,DWORD [-1172+EBP],40
  1128 00000C84 8B 8D FFFFFBC0                  	MOV	ECX,DWORD [-1088+EBP]
  1129 00000C8A 8D 84 08 FFFF8C14               	LEA	EAX,DWORD [-29676+EAX+ECX*1]
  1130 00000C91 50                              	PUSH	EAX
  1131 00000C92 E8 0000031E                     	CALL	_close_console
  1132 00000C97                                 L99:
  1133 00000C97 58                              	POP	EAX
  1134 00000C98 E9 FFFFF928                     	JMP	L59
  1135 00000C9D                                 L84:
  1136 00000C9D 8B 85 FFFFFB6C                  	MOV	EAX,DWORD [-1172+EBP]
  1137 00000CA3 2D 00000400                     	SUB	EAX,1024
  1138 00000CA8 3D 000003E7                     	CMP	EAX,999
  1139 00000CAD 77 27                           	JA	L86
  1140 00000CAF 8B 85 FFFFFB6C                  	MOV	EAX,DWORD [-1172+EBP]
  1141 00000CB5 8B 15 [00000000]                	MOV	EDX,DWORD [_taskctl]
  1142 00000CBB 69 C0 000000C0                  	IMUL	EAX,EAX,192
  1143 00000CC1 01 D0                           	ADD	EAX,EDX
  1144 00000CC3 89 85 FFFFFB6C                  	MOV	DWORD [-1172+EBP],EAX
  1145 00000CC9 2D 0002F008                     	SUB	EAX,192520
  1146 00000CCE 50                              	PUSH	EAX
  1147 00000CCF E8 000002A1                     	CALL	_close_constask
  1148 00000CD4 EB C1                           	JMP	L99
  1149 00000CD6                                 L86:
  1150 00000CD6 8B 85 FFFFFB6C                  	MOV	EAX,DWORD [-1172+EBP]
  1151 00000CDC 2D 000007E8                     	SUB	EAX,2024
  1152 00000CE1 3D 000000FF                     	CMP	EAX,255
  1153 00000CE6 0F 87 FFFFF8D9                  	JA	L59
  1154 00000CEC 6B 85 FFFFFB6C 28               	IMUL	EAX,DWORD [-1172+EBP],40
  1155 00000CF3 03 85 FFFFFBC0                  	ADD	EAX,DWORD [-1088+EBP]
  1156 00000CF9 68 0000A500                     	PUSH	42240
  1157 00000CFE FF B0 FFFEC7D4                  	PUSH	DWORD [-79916+EAX]
  1158 00000D04 68 003C0000                     	PUSH	3932160
  1159 00000D09 8D 98 FFFEC7D4                  	LEA	EBX,DWORD [-79916+EAX]
  1160 00000D0F E8 [00000000]                   	CALL	_memman_free_4k
  1161 00000D14 53                              	PUSH	EBX
  1162 00000D15 E8 [00000000]                   	CALL	_sheet_free
  1163 00000D1A 83 C4 10                        	ADD	ESP,16
  1164 00000D1D E9 FFFFF8A3                     	JMP	L59
  1165 00000D22                                 L101:
  1166 00000D22 83 BD FFFFFBB4 00               	CMP	DWORD [-1100+EBP],0
  1167 00000D29 79 4D                           	JNS	L120
  1168 00000D2B 81 BD FFFFFBAC 7FFFFFFF         	CMP	DWORD [-1108+EBP],2147483647
  1169 00000D35 75 16                           	JNE	L121
  1170 00000D37 FF B5 FFFFFB98                  	PUSH	DWORD [-1128+EBP]
  1171 00000D3D E8 [00000000]                   	CALL	_task_sleep
  1172 00000D42 E8 [00000000]                   	CALL	_io_sti
  1173 00000D47 5E                              	POP	ESI
  1174 00000D48 E9 FFFFF647                     	JMP	L14
  1175 00000D4D                                 L121:
  1176 00000D4D E8 [00000000]                   	CALL	_io_sti
  1177 00000D52 FF B5 FFFFFBA8                  	PUSH	DWORD [-1112+EBP]
  1178 00000D58 FF B5 FFFFFBAC                  	PUSH	DWORD [-1108+EBP]
  1179 00000D5E FF B5 FFFFFB7C                  	PUSH	DWORD [-1156+EBP]
  1180 00000D64 E8 [00000000]                   	CALL	_sheet_slide
  1181 00000D69 C7 85 FFFFFBAC 7FFFFFFF         	MOV	DWORD [-1108+EBP],2147483647
  1182 00000D73 E9 FFFFF619                     	JMP	L97
  1183 00000D78                                 L120:
  1184 00000D78 E8 [00000000]                   	CALL	_io_sti
  1185 00000D7D FF B5 FFFFFBB0                  	PUSH	DWORD [-1104+EBP]
  1186 00000D83 FF B5 FFFFFBB4                  	PUSH	DWORD [-1100+EBP]
  1187 00000D89 FF B5 FFFFFB9C                  	PUSH	DWORD [-1124+EBP]
  1188 00000D8F E8 [00000000]                   	CALL	_sheet_slide
  1189 00000D94 C7 85 FFFFFBB4 FFFFFFFF         	MOV	DWORD [-1100+EBP],-1
  1190 00000D9E E9 FFFFF5EE                     	JMP	L97
  1191 00000DA3                                 L100:
  1192 00000DA3 53                              	PUSH	EBX
  1193 00000DA4 E8 [00000000]                   	CALL	_fifo32_get
  1194 00000DA9 89 85 FFFFFB8C                  	MOV	DWORD [-1140+EBP],EAX
  1195 00000DAF E8 [00000000]                   	CALL	_wait_KBC_sendready
  1196 00000DB4 FF B5 FFFFFB8C                  	PUSH	DWORD [-1140+EBP]
  1197 00000DBA 6A 60                           	PUSH	96
  1198 00000DBC E8 [00000000]                   	CALL	_io_out8
  1199 00000DC1 83 C4 0C                        	ADD	ESP,12
  1200 00000DC4 E9 FFFFF619                     	JMP	L22
  1201 00000DC9                                 L2:
  1202 00000DC9 31 D2                           	XOR	EDX,EDX
  1203 00000DCB                                 L8:
  1204 00000DCB 8A 82 [00000000]                	MOV	AL,BYTE [_hankaku+EDX]
  1205 00000DD1 88 04 1A                        	MOV	BYTE [EDX+EBX*1],AL
  1206 00000DD4 42                              	INC	EDX
  1207 00000DD5 81 FA 00000FFF                  	CMP	EDX,4095
  1208 00000DDB 7E EE                           	JLE	L8
  1209 00000DDD BA 00001000                     	MOV	EDX,4096
  1210 00000DE2                                 L13:
  1211 00000DE2 C6 04 1A FF                     	MOV	BYTE [EDX+EBX*1],-1
  1212 00000DE6 42                              	INC	EDX
  1213 00000DE7 81 FA 0002383F                  	CMP	EDX,145471
  1214 00000DED 7E F3                           	JLE	L13
  1215 00000DEF E9 FFFFF587                     	JMP	L3
  1216 00000DF4                                 	GLOBAL	_keywin_off
  1217 00000DF4                                 _keywin_off:
  1218 00000DF4 55                              	PUSH	EBP
  1219 00000DF5 89 E5                           	MOV	EBP,ESP
  1220 00000DF7 53                              	PUSH	EBX
  1221 00000DF8 6A 00                           	PUSH	0
  1222 00000DFA 8B 5D 08                        	MOV	EBX,DWORD [8+EBP]
  1223 00000DFD 53                              	PUSH	EBX
  1224 00000DFE E8 [00000000]                   	CALL	_change_wtitle8
  1225 00000E03 F6 43 1C 20                     	TEST	BYTE [28+EBX],32
  1226 00000E07 58                              	POP	EAX
  1227 00000E08 5A                              	POP	EDX
  1228 00000E09 75 05                           	JNE	L124
  1229 00000E0B                                 L122:
  1230 00000E0B 8B 5D FC                        	MOV	EBX,DWORD [-4+EBP]
  1231 00000E0E C9                              	LEAVE
  1232 00000E0F C3                              	RET
  1233 00000E10                                 L124:
  1234 00000E10 6A 03                           	PUSH	3
  1235 00000E12 8B 43 24                        	MOV	EAX,DWORD [36+EBX]
  1236 00000E15 83 C0 10                        	ADD	EAX,16
  1237 00000E18 50                              	PUSH	EAX
  1238 00000E19 E8 [00000000]                   	CALL	_fifo32_put
  1239 00000E1E 59                              	POP	ECX
  1240 00000E1F 5B                              	POP	EBX
  1241 00000E20 EB E9                           	JMP	L122
  1242 00000E22                                 	GLOBAL	_keywin_on
  1243 00000E22                                 _keywin_on:
  1244 00000E22 55                              	PUSH	EBP
  1245 00000E23 89 E5                           	MOV	EBP,ESP
  1246 00000E25 53                              	PUSH	EBX
  1247 00000E26 6A 01                           	PUSH	1
  1248 00000E28 8B 5D 08                        	MOV	EBX,DWORD [8+EBP]
  1249 00000E2B 53                              	PUSH	EBX
  1250 00000E2C E8 [00000000]                   	CALL	_change_wtitle8
  1251 00000E31 F6 43 1C 20                     	TEST	BYTE [28+EBX],32
  1252 00000E35 58                              	POP	EAX
  1253 00000E36 5A                              	POP	EDX
  1254 00000E37 75 05                           	JNE	L127
  1255 00000E39                                 L125:
  1256 00000E39 8B 5D FC                        	MOV	EBX,DWORD [-4+EBP]
  1257 00000E3C C9                              	LEAVE
  1258 00000E3D C3                              	RET
  1259 00000E3E                                 L127:
  1260 00000E3E 6A 02                           	PUSH	2
  1261 00000E40 8B 43 24                        	MOV	EAX,DWORD [36+EBX]
  1262 00000E43 83 C0 10                        	ADD	EAX,16
  1263 00000E46 50                              	PUSH	EAX
  1264 00000E47 E8 [00000000]                   	CALL	_fifo32_put
  1265 00000E4C 59                              	POP	ECX
  1266 00000E4D 5B                              	POP	EBX
  1267 00000E4E EB E9                           	JMP	L125
  1268 00000E50                                 	GLOBAL	_open_constask
  1269 00000E50                                 _open_constask:
  1270 00000E50 55                              	PUSH	EBP
  1271 00000E51 89 E5                           	MOV	EBP,ESP
  1272 00000E53 56                              	PUSH	ESI
  1273 00000E54 53                              	PUSH	EBX
  1274 00000E55 E8 [00000000]                   	CALL	_task_alloc
  1275 00000E5A 68 00000200                     	PUSH	512
  1276 00000E5F 68 003C0000                     	PUSH	3932160
  1277 00000E64 89 C3                           	MOV	EBX,EAX
  1278 00000E66 E8 [00000000]                   	CALL	_memman_alloc_4k
  1279 00000E6B 68 00010000                     	PUSH	65536
  1280 00000E70 68 003C0000                     	PUSH	3932160
  1281 00000E75 89 C6                           	MOV	ESI,EAX
  1282 00000E77 E8 [00000000]                   	CALL	_memman_alloc_4k
  1283 00000E7C 8B 55 08                        	MOV	EDX,DWORD [8+EBP]
  1284 00000E7F C7 43 4C [00000000]             	MOV	DWORD [76+EBX],_console_task
  1285 00000E86 89 83 000000AC                  	MOV	DWORD [172+EBX],EAX
  1286 00000E8C 05 0000FFF4                     	ADD	EAX,65524
  1287 00000E91 89 43 64                        	MOV	DWORD [100+EBX],EAX
  1288 00000E94 C7 43 74 00000008               	MOV	DWORD [116+EBX],8
  1289 00000E9B C7 43 78 00000010               	MOV	DWORD [120+EBX],16
  1290 00000EA2 C7 43 7C 00000008               	MOV	DWORD [124+EBX],8
  1291 00000EA9 C7 83 00000080 00000008         	MOV	DWORD [128+EBX],8
  1292 00000EB3 C7 83 00000084 00000008         	MOV	DWORD [132+EBX],8
  1293 00000EBD C7 83 00000088 00000008         	MOV	DWORD [136+EBX],8
  1294 00000EC7 89 50 04                        	MOV	DWORD [4+EAX],EDX
  1295 00000ECA 8B 53 64                        	MOV	EDX,DWORD [100+EBX]
  1296 00000ECD 8B 45 0C                        	MOV	EAX,DWORD [12+EBP]
  1297 00000ED0 89 42 08                        	MOV	DWORD [8+EDX],EAX
  1298 00000ED3 6A 02                           	PUSH	2
  1299 00000ED5 6A 02                           	PUSH	2
  1300 00000ED7 53                              	PUSH	EBX
  1301 00000ED8 E8 [00000000]                   	CALL	_task_run
  1302 00000EDD 8D 43 10                        	LEA	EAX,DWORD [16+EBX]
  1303 00000EE0 53                              	PUSH	EBX
  1304 00000EE1 56                              	PUSH	ESI
  1305 00000EE2 68 00000080                     	PUSH	128
  1306 00000EE7 50                              	PUSH	EAX
  1307 00000EE8 E8 [00000000]                   	CALL	_fifo32_init
  1308 00000EED 8D 65 F8                        	LEA	ESP,DWORD [-8+EBP]
  1309 00000EF0 89 D8                           	MOV	EAX,EBX
  1310 00000EF2 5B                              	POP	EBX
  1311 00000EF3 5E                              	POP	ESI
  1312 00000EF4 5D                              	POP	EBP
  1313 00000EF5 C3                              	RET
  1314                                          [SECTION .data]
  1315 00000154                                 LC7:
  1316 00000154 48 65 6C 6F 20 4F 53 20 63 6F   	DB	"Helo OS console",0x00
       0000015E 6E 73 6F 6C 65 00 
  1317                                          [SECTION .text]
  1318 00000EF6                                 	GLOBAL	_open_console
  1319 00000EF6                                 _open_console:
  1320 00000EF6 55                              	PUSH	EBP
  1321 00000EF7 89 E5                           	MOV	EBP,ESP
  1322 00000EF9 56                              	PUSH	ESI
  1323 00000EFA 53                              	PUSH	EBX
  1324 00000EFB FF 75 08                        	PUSH	DWORD [8+EBP]
  1325 00000EFE E8 [00000000]                   	CALL	_sheet_alloc
  1326 00000F03 68 0000EA60                     	PUSH	60000
  1327 00000F08 68 003C0000                     	PUSH	3932160
  1328 00000F0D 89 C3                           	MOV	EBX,EAX
  1329 00000F0F E8 [00000000]                   	CALL	_memman_alloc_4k
  1330 00000F14 6A FF                           	PUSH	-1
  1331 00000F16 68 000000C8                     	PUSH	200
  1332 00000F1B 89 C6                           	MOV	ESI,EAX
  1333 00000F1D 68 0000012C                     	PUSH	300
  1334 00000F22 50                              	PUSH	EAX
  1335 00000F23 53                              	PUSH	EBX
  1336 00000F24 E8 [00000000]                   	CALL	_sheet_setbuf
  1337 00000F29 83 C4 20                        	ADD	ESP,32
  1338 00000F2C 6A 00                           	PUSH	0
  1339 00000F2E 68 [00000154]                   	PUSH	LC7
  1340 00000F33 68 000000C8                     	PUSH	200
  1341 00000F38 68 0000012C                     	PUSH	300
  1342 00000F3D 56                              	PUSH	ESI
  1343 00000F3E E8 [00000000]                   	CALL	_make_window8
  1344 00000F43 6A 00                           	PUSH	0
  1345 00000F45 68 00000080                     	PUSH	128
  1346 00000F4A 68 000000F0                     	PUSH	240
  1347 00000F4F 6A 1C                           	PUSH	28
  1348 00000F51 6A 08                           	PUSH	8
  1349 00000F53 53                              	PUSH	EBX
  1350 00000F54 E8 [00000000]                   	CALL	_make_textbox8
  1351 00000F59 83 C4 2C                        	ADD	ESP,44
  1352 00000F5C FF 75 0C                        	PUSH	DWORD [12+EBP]
  1353 00000F5F 53                              	PUSH	EBX
  1354 00000F60 E8 FFFFFEEB                     	CALL	_open_constask
  1355 00000F65 83 4B 1C 20                     	OR	DWORD [28+EBX],32
  1356 00000F69 89 43 24                        	MOV	DWORD [36+EBX],EAX
  1357 00000F6C 8D 65 F8                        	LEA	ESP,DWORD [-8+EBP]
  1358 00000F6F 89 D8                           	MOV	EAX,EBX
  1359 00000F71 5B                              	POP	EBX
  1360 00000F72 5E                              	POP	ESI
  1361 00000F73 5D                              	POP	EBP
  1362 00000F74 C3                              	RET
  1363 00000F75                                 	GLOBAL	_close_constask
  1364 00000F75                                 _close_constask:
  1365 00000F75 55                              	PUSH	EBP
  1366 00000F76 89 E5                           	MOV	EBP,ESP
  1367 00000F78 53                              	PUSH	EBX
  1368 00000F79 8B 5D 08                        	MOV	EBX,DWORD [8+EBP]
  1369 00000F7C 53                              	PUSH	EBX
  1370 00000F7D E8 [00000000]                   	CALL	_task_sleep
  1371 00000F82 68 00010000                     	PUSH	65536
  1372 00000F87 FF B3 000000AC                  	PUSH	DWORD [172+EBX]
  1373 00000F8D 68 003C0000                     	PUSH	3932160
  1374 00000F92 E8 [00000000]                   	CALL	_memman_free_4k
  1375 00000F97 68 00000200                     	PUSH	512
  1376 00000F9C FF 73 10                        	PUSH	DWORD [16+EBX]
  1377 00000F9F 68 003C0000                     	PUSH	3932160
  1378 00000FA4 E8 [00000000]                   	CALL	_memman_free_4k
  1379 00000FA9 C7 43 04 00000000               	MOV	DWORD [4+EBX],0
  1380 00000FB0 8B 5D FC                        	MOV	EBX,DWORD [-4+EBP]
  1381 00000FB3 C9                              	LEAVE
  1382 00000FB4 C3                              	RET
  1383 00000FB5                                 	GLOBAL	_close_console
  1384 00000FB5                                 _close_console:
  1385 00000FB5 55                              	PUSH	EBP
  1386 00000FB6 89 E5                           	MOV	EBP,ESP
  1387 00000FB8 56                              	PUSH	ESI
  1388 00000FB9 53                              	PUSH	EBX
  1389 00000FBA 8B 5D 08                        	MOV	EBX,DWORD [8+EBP]
  1390 00000FBD 8B 73 24                        	MOV	ESI,DWORD [36+EBX]
  1391 00000FC0 68 0000A500                     	PUSH	42240
  1392 00000FC5 FF 33                           	PUSH	DWORD [EBX]
  1393 00000FC7 68 003C0000                     	PUSH	3932160
  1394 00000FCC E8 [00000000]                   	CALL	_memman_free_4k
  1395 00000FD1 53                              	PUSH	EBX
  1396 00000FD2 E8 [00000000]                   	CALL	_sheet_free
  1397 00000FD7 89 75 08                        	MOV	DWORD [8+EBP],ESI
  1398 00000FDA 83 C4 10                        	ADD	ESP,16
  1399 00000FDD 8D 65 F8                        	LEA	ESP,DWORD [-8+EBP]
  1400 00000FE0 5B                              	POP	EBX
  1401 00000FE1 5E                              	POP	ESI
  1402 00000FE2 5D                              	POP	EBP
  1403 00000FE3 EB 90                           	JMP	_close_constask
  1404                                          [SECTION .data]
  1405 00000164                                 LC8:
  1406 00000164 25 31 31 64 00                  	DB	"%11d",0x00
  1407                                          [SECTION .text]
  1408 00000FE5                                 	GLOBAL	_task_b_main
  1409 00000FE5                                 _task_b_main:
  1410 00000FE5 55                              	PUSH	EBP
  1411 00000FE6 89 E5                           	MOV	EBP,ESP
  1412 00000FE8 57                              	PUSH	EDI
  1413 00000FE9 56                              	PUSH	ESI
  1414 00000FEA 31 FF                           	XOR	EDI,EDI
  1415 00000FEC 53                              	PUSH	EBX
  1416 00000FED 8D 85 FFFFFDD4                  	LEA	EAX,DWORD [-556+EBP]
  1417 00000FF3 81 EC 00000234                  	SUB	ESP,564
  1418 00000FF9 8D 5D D4                        	LEA	EBX,DWORD [-44+EBP]
  1419 00000FFC C7 85 FFFFFDC0 00000000         	MOV	DWORD [-576+EBP],0
  1420 00001006 6A 00                           	PUSH	0
  1421 00001008 50                              	PUSH	EAX
  1422 00001009 68 00000080                     	PUSH	128
  1423 0000100E 53                              	PUSH	EBX
  1424 0000100F E8 [00000000]                   	CALL	_fifo32_init
  1425 00001014 E8 [00000000]                   	CALL	_timer_alloc
  1426 00001019 6A 64                           	PUSH	100
  1427 0000101B 53                              	PUSH	EBX
  1428 0000101C 89 C6                           	MOV	ESI,EAX
  1429 0000101E 50                              	PUSH	EAX
  1430 0000101F E8 [00000000]                   	CALL	_timer_init
  1431 00001024 6A 64                           	PUSH	100
  1432 00001026 56                              	PUSH	ESI
  1433 00001027 E8 [00000000]                   	CALL	_timer_settime
  1434 0000102C 83 C4 24                        	ADD	ESP,36
  1435 0000102F                                 L133:
  1436 0000102F 8D 5D D4                        	LEA	EBX,DWORD [-44+EBP]
  1437 00001032 E8 [00000000]                   	CALL	_io_cli
  1438 00001037 53                              	PUSH	EBX
  1439 00001038 47                              	INC	EDI
  1440 00001039 E8 [00000000]                   	CALL	_fifo32_status
  1441 0000103E 5A                              	POP	EDX
  1442 0000103F 85 C0                           	TEST	EAX,EAX
  1443 00001041 74 55                           	JE	L139
  1444 00001043 53                              	PUSH	EBX
  1445 00001044 E8 [00000000]                   	CALL	_fifo32_get
  1446 00001049 89 C3                           	MOV	EBX,EAX
  1447 0000104B E8 [00000000]                   	CALL	_io_sti
  1448 00001050 58                              	POP	EAX
  1449 00001051 83 FB 64                        	CMP	EBX,100
  1450 00001054 75 D9                           	JNE	L133
  1451 00001056 89 F8                           	MOV	EAX,EDI
  1452 00001058 8D 9D FFFFFDC4                  	LEA	EBX,DWORD [-572+EBP]
  1453 0000105E 2B 85 FFFFFDC0                  	SUB	EAX,DWORD [-576+EBP]
  1454 00001064 50                              	PUSH	EAX
  1455 00001065 68 [00000164]                   	PUSH	LC8
  1456 0000106A 53                              	PUSH	EBX
  1457 0000106B E8 [00000000]                   	CALL	_sprintf
  1458 00001070 6A 0B                           	PUSH	11
  1459 00001072 53                              	PUSH	EBX
  1460 00001073 6A 08                           	PUSH	8
  1461 00001075 6A 00                           	PUSH	0
  1462 00001077 6A 1C                           	PUSH	28
  1463 00001079 6A 18                           	PUSH	24
  1464 0000107B FF 75 08                        	PUSH	DWORD [8+EBP]
  1465 0000107E E8 [00000000]                   	CALL	_putfonts8_asc_sht
  1466 00001083 83 C4 28                        	ADD	ESP,40
  1467 00001086 89 BD FFFFFDC0                  	MOV	DWORD [-576+EBP],EDI
  1468 0000108C 6A 64                           	PUSH	100
  1469 0000108E 56                              	PUSH	ESI
  1470 0000108F E8 [00000000]                   	CALL	_timer_settime
  1471 00001094 59                              	POP	ECX
  1472 00001095 5B                              	POP	EBX
  1473 00001096 EB 97                           	JMP	L133
  1474 00001098                                 L139:
  1475 00001098 E8 [00000000]                   	CALL	_io_sti
  1476 0000109D EB 90                           	JMP	L133
