     1 00000000                                 [FORMAT "WCOFF"]
     2 00000000                                 [INSTRSET "i486p"]
     3 00000000                                 [OPTIMIZE 1]
     4 00000000                                 [OPTION 1]
     5 00000000                                 [BITS 32]
     6 00000000                                 	EXTERN	_table_rgb.0
     7 00000000                                 	EXTERN	_io_load_eflags
     8 00000000                                 	EXTERN	_io_cli
     9 00000000                                 	EXTERN	_io_out8
    10 00000000                                 	EXTERN	_io_store_eflags
    11 00000000                                 	EXTERN	_memman_alloc_4k
    12 00000000                                 	EXTERN	_file_readfat
    13 00000000                                 	EXTERN	_memman_free_4k
    14 00000000                                 	EXTERN	_task_now
    15 00000000                                 	EXTERN	_hankaku
    16 00000000                                 	EXTERN	_file_search
    17 00000000                                 	EXTERN	_file_loadfile2
    18 00000000                                 	EXTERN	_info_JPEG
    19 00000000                                 	EXTERN	_decode0_JPEG
    20 00000000                                 [FILE "graphic.c"]
    21                                          [SECTION .data]
    22 00000000                                 _table_rgb.0:
    23 00000000 00                              	DB	0
    24 00000001 00                              	DB	0
    25 00000002 00                              	DB	0
    26 00000003 FF                              	DB	-1
    27 00000004 00                              	DB	0
    28 00000005 00                              	DB	0
    29 00000006 00                              	DB	0
    30 00000007 FF                              	DB	-1
    31 00000008 00                              	DB	0
    32 00000009 FF                              	DB	-1
    33 0000000A FF                              	DB	-1
    34 0000000B 00                              	DB	0
    35 0000000C 00                              	DB	0
    36 0000000D 00                              	DB	0
    37 0000000E FF                              	DB	-1
    38 0000000F FF                              	DB	-1
    39 00000010 00                              	DB	0
    40 00000011 FF                              	DB	-1
    41 00000012 00                              	DB	0
    42 00000013 FF                              	DB	-1
    43 00000014 FF                              	DB	-1
    44 00000015 FF                              	DB	-1
    45 00000016 FF                              	DB	-1
    46 00000017 FF                              	DB	-1
    47 00000018 C6                              	DB	-58
    48 00000019 C6                              	DB	-58
    49 0000001A C6                              	DB	-58
    50 0000001B 84                              	DB	-124
    51 0000001C 00                              	DB	0
    52 0000001D 00                              	DB	0
    53 0000001E 00                              	DB	0
    54 0000001F 84                              	DB	-124
    55 00000020 00                              	DB	0
    56 00000021 84                              	DB	-124
    57 00000022 84                              	DB	-124
    58 00000023 00                              	DB	0
    59 00000024 00                              	DB	0
    60 00000025 00                              	DB	0
    61 00000026 84                              	DB	-124
    62 00000027 84                              	DB	-124
    63 00000028 00                              	DB	0
    64 00000029 84                              	DB	-124
    65 0000002A 00                              	DB	0
    66 0000002B 84                              	DB	-124
    67 0000002C 84                              	DB	-124
    68 0000002D 84                              	DB	-124
    69 0000002E 84                              	DB	-124
    70 0000002F 84                              	DB	-124
    71                                          [SECTION .text]
    72 00000000                                 	GLOBAL	_init_palette
    73 00000000                                 _init_palette:
    74 00000000 55                              	PUSH	EBP
    75 00000001 89 E5                           	MOV	EBP,ESP
    76 00000003 57                              	PUSH	EDI
    77 00000004 56                              	PUSH	ESI
    78 00000005 53                              	PUSH	EBX
    79 00000006 81 EC 000002A4                  	SUB	ESP,676
    80 0000000C 68 [00000000]                   	PUSH	_table_rgb.0
    81 00000011 6A 0F                           	PUSH	15
    82 00000013 6A 00                           	PUSH	0
    83 00000015 E8 000000B4                     	CALL	_set_palette
    84 0000001A 83 C4 0C                        	ADD	ESP,12
    85 0000001D C7 85 FFFFFD60 00000000         	MOV	DWORD [-672+EBP],0
    86 00000027 C7 85 FFFFFD5C 00000000         	MOV	DWORD [-676+EBP],0
    87 00000031 C7 85 FFFFFD58 00000000         	MOV	DWORD [-680+EBP],0
    88 0000003B                                 L16:
    89 0000003B 31 FF                           	XOR	EDI,EDI
    90 0000003D 31 F6                           	XOR	ESI,ESI
    91 0000003F 31 DB                           	XOR	EBX,EBX
    92 00000041                                 L15:
    93 00000041 31 D2                           	XOR	EDX,EDX
    94 00000043 C7 85 FFFFFD50 00000000         	MOV	DWORD [-688+EBP],0
    95 0000004D                                 L14:
    96 0000004D 8B 85 FFFFFD58                  	MOV	EAX,DWORD [-680+EBP]
    97 00000053 8A 8D FFFFFD50                  	MOV	CL,BYTE [-688+EBP]
    98 00000059 01 D8                           	ADD	EAX,EBX
    99 0000005B 01 D0                           	ADD	EAX,EDX
   100 0000005D 42                              	INC	EDX
   101 0000005E 6B C0 03                        	IMUL	EAX,EAX,3
   102 00000061 88 8C 05 FFFFFD64               	MOV	BYTE [-668+EBP+EAX*1],CL
   103 00000068 89 F1                           	MOV	ECX,ESI
   104 0000006A 88 8C 05 FFFFFD65               	MOV	BYTE [-667+EBP+EAX*1],CL
   105 00000071 8A 8D FFFFFD5C                  	MOV	CL,BYTE [-676+EBP]
   106 00000077 88 8C 05 FFFFFD66               	MOV	BYTE [-666+EBP+EAX*1],CL
   107 0000007E 83 85 FFFFFD50 33               	ADD	DWORD [-688+EBP],51
   108 00000085 83 FA 05                        	CMP	EDX,5
   109 00000088 7E C3                           	JLE	L14
   110 0000008A 47                              	INC	EDI
   111 0000008B 83 C6 33                        	ADD	ESI,51
   112 0000008E 83 C3 06                        	ADD	EBX,6
   113 00000091 83 FF 05                        	CMP	EDI,5
   114 00000094 7E AB                           	JLE	L15
   115 00000096 FF 85 FFFFFD60                  	INC	DWORD [-672+EBP]
   116 0000009C 83 85 FFFFFD5C 33               	ADD	DWORD [-676+EBP],51
   117 000000A3 83 85 FFFFFD58 24               	ADD	DWORD [-680+EBP],36
   118 000000AA 83 BD FFFFFD60 05               	CMP	DWORD [-672+EBP],5
   119 000000B1 7E 88                           	JLE	L16
   120 000000B3 8D 85 FFFFFD64                  	LEA	EAX,DWORD [-668+EBP]
   121 000000B9 50                              	PUSH	EAX
   122 000000BA 68 000000E7                     	PUSH	231
   123 000000BF 6A 10                           	PUSH	16
   124 000000C1 E8 00000008                     	CALL	_set_palette
   125 000000C6 8D 65 F4                        	LEA	ESP,DWORD [-12+EBP]
   126 000000C9 5B                              	POP	EBX
   127 000000CA 5E                              	POP	ESI
   128 000000CB 5F                              	POP	EDI
   129 000000CC 5D                              	POP	EBP
   130 000000CD C3                              	RET
   131 000000CE                                 	GLOBAL	_set_palette
   132 000000CE                                 _set_palette:
   133 000000CE 55                              	PUSH	EBP
   134 000000CF 89 E5                           	MOV	EBP,ESP
   135 000000D1 57                              	PUSH	EDI
   136 000000D2 56                              	PUSH	ESI
   137 000000D3 53                              	PUSH	EBX
   138 000000D4 51                              	PUSH	ECX
   139 000000D5 8B 5D 08                        	MOV	EBX,DWORD [8+EBP]
   140 000000D8 8B 7D 0C                        	MOV	EDI,DWORD [12+EBP]
   141 000000DB 8B 75 10                        	MOV	ESI,DWORD [16+EBP]
   142 000000DE E8 [00000000]                   	CALL	_io_load_eflags
   143 000000E3 89 45 F0                        	MOV	DWORD [-16+EBP],EAX
   144 000000E6 E8 [00000000]                   	CALL	_io_cli
   145 000000EB 53                              	PUSH	EBX
   146 000000EC 68 000003C8                     	PUSH	968
   147 000000F1 E8 [00000000]                   	CALL	_io_out8
   148 000000F6 39 FB                           	CMP	EBX,EDI
   149 000000F8 58                              	POP	EAX
   150 000000F9 5A                              	POP	EDX
   151 000000FA 7E 12                           	JLE	L28
   152 000000FC                                 L30:
   153 000000FC 8B 45 F0                        	MOV	EAX,DWORD [-16+EBP]
   154 000000FF 89 45 08                        	MOV	DWORD [8+EBP],EAX
   155 00000102 8D 65 F4                        	LEA	ESP,DWORD [-12+EBP]
   156 00000105 5B                              	POP	EBX
   157 00000106 5E                              	POP	ESI
   158 00000107 5F                              	POP	EDI
   159 00000108 5D                              	POP	EBP
   160 00000109 E9 [00000000]                   	JMP	_io_store_eflags
   161 0000010E                                 L28:
   162 0000010E 8A 06                           	MOV	AL,BYTE [ESI]
   163 00000110 43                              	INC	EBX
   164 00000111 C0 E8 02                        	SHR	AL,2
   165 00000114 0F B6 C0                        	MOVZX	EAX,AL
   166 00000117 50                              	PUSH	EAX
   167 00000118 68 000003C9                     	PUSH	969
   168 0000011D E8 [00000000]                   	CALL	_io_out8
   169 00000122 8A 46 01                        	MOV	AL,BYTE [1+ESI]
   170 00000125 C0 E8 02                        	SHR	AL,2
   171 00000128 0F B6 C0                        	MOVZX	EAX,AL
   172 0000012B 50                              	PUSH	EAX
   173 0000012C 68 000003C9                     	PUSH	969
   174 00000131 E8 [00000000]                   	CALL	_io_out8
   175 00000136 8A 46 02                        	MOV	AL,BYTE [2+ESI]
   176 00000139 C0 E8 02                        	SHR	AL,2
   177 0000013C 83 C6 03                        	ADD	ESI,3
   178 0000013F 0F B6 C0                        	MOVZX	EAX,AL
   179 00000142 50                              	PUSH	EAX
   180 00000143 68 000003C9                     	PUSH	969
   181 00000148 E8 [00000000]                   	CALL	_io_out8
   182 0000014D 83 C4 18                        	ADD	ESP,24
   183 00000150 39 FB                           	CMP	EBX,EDI
   184 00000152 7E BA                           	JLE	L28
   185 00000154 EB A6                           	JMP	L30
   186 00000156                                 	GLOBAL	_boxfill8
   187 00000156                                 _boxfill8:
   188 00000156 55                              	PUSH	EBP
   189 00000157 89 E5                           	MOV	EBP,ESP
   190 00000159 57                              	PUSH	EDI
   191 0000015A 56                              	PUSH	ESI
   192 0000015B 53                              	PUSH	EBX
   193 0000015C 57                              	PUSH	EDI
   194 0000015D 57                              	PUSH	EDI
   195 0000015E 8A 45 10                        	MOV	AL,BYTE [16+EBP]
   196 00000161 8B 4D 18                        	MOV	ECX,DWORD [24+EBP]
   197 00000164 8B 7D 1C                        	MOV	EDI,DWORD [28+EBP]
   198 00000167 88 45 F3                        	MOV	BYTE [-13+EBP],AL
   199 0000016A 3B 4D 20                        	CMP	ECX,DWORD [32+EBP]
   200 0000016D 7F 31                           	JG	L43
   201 0000016F 8B 5D 0C                        	MOV	EBX,DWORD [12+EBP]
   202 00000172 0F AF D9                        	IMUL	EBX,ECX
   203 00000175                                 L41:
   204 00000175 8B 55 14                        	MOV	EDX,DWORD [20+EBP]
   205 00000178 39 FA                           	CMP	EDX,EDI
   206 0000017A 7F 1B                           	JG	L45
   207 0000017C 8B 75 08                        	MOV	ESI,DWORD [8+EBP]
   208 0000017F 01 DE                           	ADD	ESI,EBX
   209 00000181 01 D6                           	ADD	ESI,EDX
   210 00000183 89 75 EC                        	MOV	DWORD [-20+EBP],ESI
   211 00000186                                 L40:
   212 00000186 8B 75 EC                        	MOV	ESI,DWORD [-20+EBP]
   213 00000189 8A 45 F3                        	MOV	AL,BYTE [-13+EBP]
   214 0000018C 42                              	INC	EDX
   215 0000018D 88 06                           	MOV	BYTE [ESI],AL
   216 0000018F 46                              	INC	ESI
   217 00000190 89 75 EC                        	MOV	DWORD [-20+EBP],ESI
   218 00000193 39 FA                           	CMP	EDX,EDI
   219 00000195 7E EF                           	JLE	L40
   220 00000197                                 L45:
   221 00000197 41                              	INC	ECX
   222 00000198 03 5D 0C                        	ADD	EBX,DWORD [12+EBP]
   223 0000019B 3B 4D 20                        	CMP	ECX,DWORD [32+EBP]
   224 0000019E 7E D5                           	JLE	L41
   225 000001A0                                 L43:
   226 000001A0 5B                              	POP	EBX
   227 000001A1 5E                              	POP	ESI
   228 000001A2 5B                              	POP	EBX
   229 000001A3 5E                              	POP	ESI
   230 000001A4 5F                              	POP	EDI
   231 000001A5 5D                              	POP	EBP
   232 000001A6 C3                              	RET
   233 000001A7                                 	GLOBAL	_init_screen8
   234 000001A7                                 _init_screen8:
   235 000001A7 55                              	PUSH	EBP
   236 000001A8 89 E5                           	MOV	EBP,ESP
   237 000001AA 57                              	PUSH	EDI
   238 000001AB 56                              	PUSH	ESI
   239 000001AC 53                              	PUSH	EBX
   240 000001AD 83 EC 10                        	SUB	ESP,16
   241 000001B0 8B 45 10                        	MOV	EAX,DWORD [16+EBP]
   242 000001B3 8B 75 0C                        	MOV	ESI,DWORD [12+EBP]
   243 000001B6 83 E8 1D                        	SUB	EAX,29
   244 000001B9 4E                              	DEC	ESI
   245 000001BA 50                              	PUSH	EAX
   246 000001BB 56                              	PUSH	ESI
   247 000001BC 6A 00                           	PUSH	0
   248 000001BE 6A 00                           	PUSH	0
   249 000001C0 6A 0E                           	PUSH	14
   250 000001C2 FF 75 0C                        	PUSH	DWORD [12+EBP]
   251 000001C5 FF 75 08                        	PUSH	DWORD [8+EBP]
   252 000001C8 E8 FFFFFF89                     	CALL	_boxfill8
   253 000001CD 68 00002D00                     	PUSH	11520
   254 000001D2 68 003C0000                     	PUSH	3932160
   255 000001D7 E8 [00000000]                   	CALL	_memman_alloc_4k
   256 000001DC 83 C4 24                        	ADD	ESP,36
   257 000001DF 89 C3                           	MOV	EBX,EAX
   258 000001E1 68 00100200                     	PUSH	1049088
   259 000001E6 50                              	PUSH	EAX
   260 000001E7 E8 [00000000]                   	CALL	_file_readfat
   261 000001EC FF 75 10                        	PUSH	DWORD [16+EBP]
   262 000001EF FF 75 0C                        	PUSH	DWORD [12+EBP]
   263 000001F2 FF 75 08                        	PUSH	DWORD [8+EBP]
   264 000001F5 53                              	PUSH	EBX
   265 000001F6 E8 0000070F                     	CALL	_read_picture
   266 000001FB 68 00002D00                     	PUSH	11520
   267 00000200 53                              	PUSH	EBX
   268 00000201 68 003C0000                     	PUSH	3932160
   269 00000206 E8 [00000000]                   	CALL	_memman_free_4k
   270 0000020B 8B 45 10                        	MOV	EAX,DWORD [16+EBP]
   271 0000020E 83 C4 24                        	ADD	ESP,36
   272 00000211 83 E8 1C                        	SUB	EAX,28
   273 00000214 50                              	PUSH	EAX
   274 00000215 56                              	PUSH	ESI
   275 00000216 50                              	PUSH	EAX
   276 00000217 6A 00                           	PUSH	0
   277 00000219 6A 08                           	PUSH	8
   278 0000021B FF 75 0C                        	PUSH	DWORD [12+EBP]
   279 0000021E FF 75 08                        	PUSH	DWORD [8+EBP]
   280 00000221 E8 FFFFFF30                     	CALL	_boxfill8
   281 00000226 8B 45 10                        	MOV	EAX,DWORD [16+EBP]
   282 00000229 83 E8 1B                        	SUB	EAX,27
   283 0000022C 50                              	PUSH	EAX
   284 0000022D 56                              	PUSH	ESI
   285 0000022E 50                              	PUSH	EAX
   286 0000022F 6A 00                           	PUSH	0
   287 00000231 6A 07                           	PUSH	7
   288 00000233 FF 75 0C                        	PUSH	DWORD [12+EBP]
   289 00000236 FF 75 08                        	PUSH	DWORD [8+EBP]
   290 00000239 E8 FFFFFF18                     	CALL	_boxfill8
   291 0000023E 8B 45 10                        	MOV	EAX,DWORD [16+EBP]
   292 00000241 83 C4 38                        	ADD	ESP,56
   293 00000244 48                              	DEC	EAX
   294 00000245 50                              	PUSH	EAX
   295 00000246 8B 45 10                        	MOV	EAX,DWORD [16+EBP]
   296 00000249 56                              	PUSH	ESI
   297 0000024A 83 E8 1A                        	SUB	EAX,26
   298 0000024D 50                              	PUSH	EAX
   299 0000024E 6A 00                           	PUSH	0
   300 00000250 6A 08                           	PUSH	8
   301 00000252 FF 75 0C                        	PUSH	DWORD [12+EBP]
   302 00000255 FF 75 08                        	PUSH	DWORD [8+EBP]
   303 00000258 E8 FFFFFEF9                     	CALL	_boxfill8
   304 0000025D 8B 7D 10                        	MOV	EDI,DWORD [16+EBP]
   305 00000260 83 EF 18                        	SUB	EDI,24
   306 00000263 57                              	PUSH	EDI
   307 00000264 6A 3B                           	PUSH	59
   308 00000266 57                              	PUSH	EDI
   309 00000267 6A 03                           	PUSH	3
   310 00000269 6A 07                           	PUSH	7
   311 0000026B FF 75 0C                        	PUSH	DWORD [12+EBP]
   312 0000026E FF 75 08                        	PUSH	DWORD [8+EBP]
   313 00000271 E8 FFFFFEE0                     	CALL	_boxfill8
   314 00000276 8B 45 10                        	MOV	EAX,DWORD [16+EBP]
   315 00000279 83 C4 38                        	ADD	ESP,56
   316 0000027C 83 E8 04                        	SUB	EAX,4
   317 0000027F 89 45 F0                        	MOV	DWORD [-16+EBP],EAX
   318 00000282 50                              	PUSH	EAX
   319 00000283 6A 02                           	PUSH	2
   320 00000285 57                              	PUSH	EDI
   321 00000286 6A 02                           	PUSH	2
   322 00000288 6A 07                           	PUSH	7
   323 0000028A FF 75 0C                        	PUSH	DWORD [12+EBP]
   324 0000028D FF 75 08                        	PUSH	DWORD [8+EBP]
   325 00000290 E8 FFFFFEC1                     	CALL	_boxfill8
   326 00000295 FF 75 F0                        	PUSH	DWORD [-16+EBP]
   327 00000298 6A 3B                           	PUSH	59
   328 0000029A FF 75 F0                        	PUSH	DWORD [-16+EBP]
   329 0000029D 6A 03                           	PUSH	3
   330 0000029F 6A 0F                           	PUSH	15
   331 000002A1 FF 75 0C                        	PUSH	DWORD [12+EBP]
   332 000002A4 FF 75 08                        	PUSH	DWORD [8+EBP]
   333 000002A7 E8 FFFFFEAA                     	CALL	_boxfill8
   334 000002AC 8B 45 10                        	MOV	EAX,DWORD [16+EBP]
   335 000002AF 83 C4 38                        	ADD	ESP,56
   336 000002B2 83 E8 05                        	SUB	EAX,5
   337 000002B5 50                              	PUSH	EAX
   338 000002B6 8B 45 10                        	MOV	EAX,DWORD [16+EBP]
   339 000002B9 6A 3B                           	PUSH	59
   340 000002BB 83 E8 17                        	SUB	EAX,23
   341 000002BE 50                              	PUSH	EAX
   342 000002BF 89 45 EC                        	MOV	DWORD [-20+EBP],EAX
   343 000002C2 6A 3B                           	PUSH	59
   344 000002C4 6A 0F                           	PUSH	15
   345 000002C6 FF 75 0C                        	PUSH	DWORD [12+EBP]
   346 000002C9 FF 75 08                        	PUSH	DWORD [8+EBP]
   347 000002CC E8 FFFFFE85                     	CALL	_boxfill8
   348 000002D1 8B 45 10                        	MOV	EAX,DWORD [16+EBP]
   349 000002D4 83 E8 03                        	SUB	EAX,3
   350 000002D7 50                              	PUSH	EAX
   351 000002D8 89 45 E8                        	MOV	DWORD [-24+EBP],EAX
   352 000002DB 6A 3B                           	PUSH	59
   353 000002DD 50                              	PUSH	EAX
   354 000002DE 6A 02                           	PUSH	2
   355 000002E0 6A 00                           	PUSH	0
   356 000002E2 FF 75 0C                        	PUSH	DWORD [12+EBP]
   357 000002E5 FF 75 08                        	PUSH	DWORD [8+EBP]
   358 000002E8 E8 FFFFFE69                     	CALL	_boxfill8
   359 000002ED 83 C4 38                        	ADD	ESP,56
   360 000002F0 FF 75 E8                        	PUSH	DWORD [-24+EBP]
   361 000002F3 6A 3C                           	PUSH	60
   362 000002F5 57                              	PUSH	EDI
   363 000002F6 6A 3C                           	PUSH	60
   364 000002F8 6A 00                           	PUSH	0
   365 000002FA FF 75 0C                        	PUSH	DWORD [12+EBP]
   366 000002FD FF 75 08                        	PUSH	DWORD [8+EBP]
   367 00000300 E8 FFFFFE51                     	CALL	_boxfill8
   368 00000305 8B 5D 0C                        	MOV	EBX,DWORD [12+EBP]
   369 00000308 8B 45 0C                        	MOV	EAX,DWORD [12+EBP]
   370 0000030B 57                              	PUSH	EDI
   371 0000030C 83 E8 04                        	SUB	EAX,4
   372 0000030F 83 EB 2F                        	SUB	EBX,47
   373 00000312 50                              	PUSH	EAX
   374 00000313 89 45 E4                        	MOV	DWORD [-28+EBP],EAX
   375 00000316 57                              	PUSH	EDI
   376 00000317 53                              	PUSH	EBX
   377 00000318 6A 0F                           	PUSH	15
   378 0000031A FF 75 0C                        	PUSH	DWORD [12+EBP]
   379 0000031D FF 75 08                        	PUSH	DWORD [8+EBP]
   380 00000320 E8 FFFFFE31                     	CALL	_boxfill8
   381 00000325 83 C4 38                        	ADD	ESP,56
   382 00000328 FF 75 F0                        	PUSH	DWORD [-16+EBP]
   383 0000032B 53                              	PUSH	EBX
   384 0000032C FF 75 EC                        	PUSH	DWORD [-20+EBP]
   385 0000032F 53                              	PUSH	EBX
   386 00000330 6A 0F                           	PUSH	15
   387 00000332 FF 75 0C                        	PUSH	DWORD [12+EBP]
   388 00000335 FF 75 08                        	PUSH	DWORD [8+EBP]
   389 00000338 E8 FFFFFE19                     	CALL	_boxfill8
   390 0000033D FF 75 E8                        	PUSH	DWORD [-24+EBP]
   391 00000340 FF 75 E4                        	PUSH	DWORD [-28+EBP]
   392 00000343 FF 75 E8                        	PUSH	DWORD [-24+EBP]
   393 00000346 53                              	PUSH	EBX
   394 00000347 6A 07                           	PUSH	7
   395 00000349 FF 75 0C                        	PUSH	DWORD [12+EBP]
   396 0000034C FF 75 08                        	PUSH	DWORD [8+EBP]
   397 0000034F E8 FFFFFE02                     	CALL	_boxfill8
   398 00000354 8B 45 0C                        	MOV	EAX,DWORD [12+EBP]
   399 00000357 83 C4 38                        	ADD	ESP,56
   400 0000035A 83 E8 03                        	SUB	EAX,3
   401 0000035D FF 75 E8                        	PUSH	DWORD [-24+EBP]
   402 00000360 50                              	PUSH	EAX
   403 00000361 57                              	PUSH	EDI
   404 00000362 50                              	PUSH	EAX
   405 00000363 6A 07                           	PUSH	7
   406 00000365 FF 75 0C                        	PUSH	DWORD [12+EBP]
   407 00000368 FF 75 08                        	PUSH	DWORD [8+EBP]
   408 0000036B E8 FFFFFDE6                     	CALL	_boxfill8
   409 00000370 8D 65 F4                        	LEA	ESP,DWORD [-12+EBP]
   410 00000373 5B                              	POP	EBX
   411 00000374 5E                              	POP	ESI
   412 00000375 5F                              	POP	EDI
   413 00000376 5D                              	POP	EBP
   414 00000377 C3                              	RET
   415 00000378                                 	GLOBAL	_putfont8
   416 00000378                                 _putfont8:
   417 00000378 55                              	PUSH	EBP
   418 00000379 89 E5                           	MOV	EBP,ESP
   419 0000037B 57                              	PUSH	EDI
   420 0000037C 56                              	PUSH	ESI
   421 0000037D 31 F6                           	XOR	ESI,ESI
   422 0000037F 53                              	PUSH	EBX
   423 00000380 8B 7D 1C                        	MOV	EDI,DWORD [28+EBP]
   424 00000383 8A 5D 18                        	MOV	BL,BYTE [24+EBP]
   425 00000386                                 L60:
   426 00000386 8B 45 14                        	MOV	EAX,DWORD [20+EBP]
   427 00000389 8B 55 10                        	MOV	EDX,DWORD [16+EBP]
   428 0000038C 01 F0                           	ADD	EAX,ESI
   429 0000038E 0F AF 45 0C                     	IMUL	EAX,DWORD [12+EBP]
   430 00000392 03 45 08                        	ADD	EAX,DWORD [8+EBP]
   431 00000395 8D 0C 02                        	LEA	ECX,DWORD [EDX+EAX*1]
   432 00000398 8A 14 3E                        	MOV	DL,BYTE [ESI+EDI*1]
   433 0000039B 84 D2                           	TEST	DL,DL
   434 0000039D 79 02                           	JNS	L52
   435 0000039F 88 19                           	MOV	BYTE [ECX],BL
   436 000003A1                                 L52:
   437 000003A1 88 D0                           	MOV	AL,DL
   438 000003A3 83 E0 40                        	AND	EAX,64
   439 000003A6 84 C0                           	TEST	AL,AL
   440 000003A8 74 03                           	JE	L53
   441 000003AA 88 59 01                        	MOV	BYTE [1+ECX],BL
   442 000003AD                                 L53:
   443 000003AD 88 D0                           	MOV	AL,DL
   444 000003AF 83 E0 20                        	AND	EAX,32
   445 000003B2 84 C0                           	TEST	AL,AL
   446 000003B4 74 03                           	JE	L54
   447 000003B6 88 59 02                        	MOV	BYTE [2+ECX],BL
   448 000003B9                                 L54:
   449 000003B9 88 D0                           	MOV	AL,DL
   450 000003BB 83 E0 10                        	AND	EAX,16
   451 000003BE 84 C0                           	TEST	AL,AL
   452 000003C0 74 03                           	JE	L55
   453 000003C2 88 59 03                        	MOV	BYTE [3+ECX],BL
   454 000003C5                                 L55:
   455 000003C5 88 D0                           	MOV	AL,DL
   456 000003C7 83 E0 08                        	AND	EAX,8
   457 000003CA 84 C0                           	TEST	AL,AL
   458 000003CC 74 03                           	JE	L56
   459 000003CE 88 59 04                        	MOV	BYTE [4+ECX],BL
   460 000003D1                                 L56:
   461 000003D1 88 D0                           	MOV	AL,DL
   462 000003D3 83 E0 04                        	AND	EAX,4
   463 000003D6 84 C0                           	TEST	AL,AL
   464 000003D8 74 03                           	JE	L57
   465 000003DA 88 59 05                        	MOV	BYTE [5+ECX],BL
   466 000003DD                                 L57:
   467 000003DD 88 D0                           	MOV	AL,DL
   468 000003DF 83 E0 02                        	AND	EAX,2
   469 000003E2 84 C0                           	TEST	AL,AL
   470 000003E4 74 03                           	JE	L58
   471 000003E6 88 59 06                        	MOV	BYTE [6+ECX],BL
   472 000003E9                                 L58:
   473 000003E9 83 E2 01                        	AND	EDX,1
   474 000003EC 84 D2                           	TEST	DL,DL
   475 000003EE 74 03                           	JE	L50
   476 000003F0 88 59 07                        	MOV	BYTE [7+ECX],BL
   477 000003F3                                 L50:
   478 000003F3 46                              	INC	ESI
   479 000003F4 83 FE 0F                        	CMP	ESI,15
   480 000003F7 7E 8D                           	JLE	L60
   481 000003F9 5B                              	POP	EBX
   482 000003FA 5E                              	POP	ESI
   483 000003FB 5F                              	POP	EDI
   484 000003FC 5D                              	POP	EBP
   485 000003FD C3                              	RET
   486 000003FE                                 	GLOBAL	_putfont32
   487 000003FE                                 _putfont32:
   488 000003FE 55                              	PUSH	EBP
   489 000003FF 89 E5                           	MOV	EBP,ESP
   490 00000401 57                              	PUSH	EDI
   491 00000402 56                              	PUSH	ESI
   492 00000403 53                              	PUSH	EBX
   493 00000404 83 EC 10                        	SUB	ESP,16
   494 00000407 8A 45 18                        	MOV	AL,BYTE [24+EBP]
   495 0000040A 8B 55 10                        	MOV	EDX,DWORD [16+EBP]
   496 0000040D 88 45 F3                        	MOV	BYTE [-13+EBP],AL
   497 00000410 8B 45 14                        	MOV	EAX,DWORD [20+EBP]
   498 00000413 0F AF 45 0C                     	IMUL	EAX,DWORD [12+EBP]
   499 00000417 03 45 08                        	ADD	EAX,DWORD [8+EBP]
   500 0000041A C7 45 E8 00000001               	MOV	DWORD [-24+EBP],1
   501 00000421 8D 3C 02                        	LEA	EDI,DWORD [EDX+EAX*1]
   502 00000424 C7 45 EC 00000000               	MOV	DWORD [-20+EBP],0
   503 0000042B                                 L80:
   504 0000042B 31 DB                           	XOR	EBX,EBX
   505 0000042D                                 L73:
   506 0000042D 8B 4D 1C                        	MOV	ECX,DWORD [28+EBP]
   507 00000430 8B 45 EC                        	MOV	EAX,DWORD [-20+EBP]
   508 00000433 0F BE 14 08                     	MOVSX	EDX,BYTE [EAX+ECX*1]
   509 00000437 B8 00000080                     	MOV	EAX,128
   510 0000043C 88 D9                           	MOV	CL,BL
   511 0000043E D3 F8                           	SAR	EAX,CL
   512 00000440 85 C2                           	TEST	EDX,EAX
   513 00000442 74 16                           	JE	L70
   514 00000444 8B 45 EC                        	MOV	EAX,DWORD [-20+EBP]
   515 00000447 BA 00000002                     	MOV	EDX,2
   516 0000044C 89 D1                           	MOV	ECX,EDX
   517 0000044E 99                              	CDQ
   518 0000044F F7 F9                           	IDIV	ECX
   519 00000451 8A 45 F3                        	MOV	AL,BYTE [-13+EBP]
   520 00000454 8D 14 D3                        	LEA	EDX,DWORD [EBX+EDX*8]
   521 00000457 88 04 3A                        	MOV	BYTE [EDX+EDI*1],AL
   522 0000045A                                 L70:
   523 0000045A 43                              	INC	EBX
   524 0000045B 83 FB 07                        	CMP	EBX,7
   525 0000045E 7E CD                           	JLE	L73
   526 00000460 31 DB                           	XOR	EBX,EBX
   527 00000462                                 L78:
   528 00000462 8B 45 EC                        	MOV	EAX,DWORD [-20+EBP]
   529 00000465 BA 00000002                     	MOV	EDX,2
   530 0000046A 89 D1                           	MOV	ECX,EDX
   531 0000046C 99                              	CDQ
   532 0000046D F7 F9                           	IDIV	ECX
   533 0000046F C1 E2 03                        	SAL	EDX,3
   534 00000472 8D 0C 13                        	LEA	ECX,DWORD [EBX+EDX*1]
   535 00000475 29 DA                           	SUB	EDX,EBX
   536 00000477 43                              	INC	EBX
   537 00000478 0F BE 34 39                     	MOVSX	ESI,BYTE [ECX+EDI*1]
   538 0000047C 8A 44 3A 07                     	MOV	AL,BYTE [7+EDX+EDI*1]
   539 00000480 83 FB 03                        	CMP	EBX,3
   540 00000483 88 04 39                        	MOV	BYTE [ECX+EDI*1],AL
   541 00000486 89 F0                           	MOV	EAX,ESI
   542 00000488 88 44 3A 07                     	MOV	BYTE [7+EDX+EDI*1],AL
   543 0000048C 7E D4                           	JLE	L78
   544 0000048E F7 45 EC 00000001               	TEST	DWORD [-20+EBP],1
   545 00000495 74 16                           	JE	L66
   546 00000497 8B 45 14                        	MOV	EAX,DWORD [20+EBP]
   547 0000049A 8B 55 10                        	MOV	EDX,DWORD [16+EBP]
   548 0000049D 03 45 E8                        	ADD	EAX,DWORD [-24+EBP]
   549 000004A0 FF 45 E8                        	INC	DWORD [-24+EBP]
   550 000004A3 0F AF 45 0C                     	IMUL	EAX,DWORD [12+EBP]
   551 000004A7 03 45 08                        	ADD	EAX,DWORD [8+EBP]
   552 000004AA 8D 3C 02                        	LEA	EDI,DWORD [EDX+EAX*1]
   553 000004AD                                 L66:
   554 000004AD FF 45 EC                        	INC	DWORD [-20+EBP]
   555 000004B0 83 7D EC 0F                     	CMP	DWORD [-20+EBP],15
   556 000004B4 0F 8E FFFFFF71                  	JLE	L80
   557 000004BA C7 45 EC 00000000               	MOV	DWORD [-20+EBP],0
   558 000004C1                                 L97:
   559 000004C1 31 DB                           	XOR	EBX,EBX
   560 000004C3                                 L90:
   561 000004C3 8B 4D 20                        	MOV	ECX,DWORD [32+EBP]
   562 000004C6 8B 45 EC                        	MOV	EAX,DWORD [-20+EBP]
   563 000004C9 0F BE 14 08                     	MOVSX	EDX,BYTE [EAX+ECX*1]
   564 000004CD B8 00000080                     	MOV	EAX,128
   565 000004D2 88 D9                           	MOV	CL,BL
   566 000004D4 D3 F8                           	SAR	EAX,CL
   567 000004D6 85 C2                           	TEST	EDX,EAX
   568 000004D8 74 16                           	JE	L87
   569 000004DA 8B 45 EC                        	MOV	EAX,DWORD [-20+EBP]
   570 000004DD BA 00000002                     	MOV	EDX,2
   571 000004E2 89 D1                           	MOV	ECX,EDX
   572 000004E4 99                              	CDQ
   573 000004E5 F7 F9                           	IDIV	ECX
   574 000004E7 8A 45 F3                        	MOV	AL,BYTE [-13+EBP]
   575 000004EA 8D 14 D3                        	LEA	EDX,DWORD [EBX+EDX*8]
   576 000004ED 88 04 3A                        	MOV	BYTE [EDX+EDI*1],AL
   577 000004F0                                 L87:
   578 000004F0 43                              	INC	EBX
   579 000004F1 83 FB 07                        	CMP	EBX,7
   580 000004F4 7E CD                           	JLE	L90
   581 000004F6 31 DB                           	XOR	EBX,EBX
   582 000004F8                                 L95:
   583 000004F8 8B 45 EC                        	MOV	EAX,DWORD [-20+EBP]
   584 000004FB BA 00000002                     	MOV	EDX,2
   585 00000500 89 D1                           	MOV	ECX,EDX
   586 00000502 99                              	CDQ
   587 00000503 F7 F9                           	IDIV	ECX
   588 00000505 C1 E2 03                        	SAL	EDX,3
   589 00000508 8D 0C 13                        	LEA	ECX,DWORD [EBX+EDX*1]
   590 0000050B 29 DA                           	SUB	EDX,EBX
   591 0000050D 43                              	INC	EBX
   592 0000050E 0F BE 34 39                     	MOVSX	ESI,BYTE [ECX+EDI*1]
   593 00000512 8A 44 3A 07                     	MOV	AL,BYTE [7+EDX+EDI*1]
   594 00000516 83 FB 03                        	CMP	EBX,3
   595 00000519 88 04 39                        	MOV	BYTE [ECX+EDI*1],AL
   596 0000051C 89 F0                           	MOV	EAX,ESI
   597 0000051E 88 44 3A 07                     	MOV	BYTE [7+EDX+EDI*1],AL
   598 00000522 7E D4                           	JLE	L95
   599 00000524 F7 45 EC 00000001               	TEST	DWORD [-20+EBP],1
   600 0000052B 74 16                           	JE	L83
   601 0000052D 8B 45 14                        	MOV	EAX,DWORD [20+EBP]
   602 00000530 8B 55 10                        	MOV	EDX,DWORD [16+EBP]
   603 00000533 03 45 E8                        	ADD	EAX,DWORD [-24+EBP]
   604 00000536 FF 45 E8                        	INC	DWORD [-24+EBP]
   605 00000539 0F AF 45 0C                     	IMUL	EAX,DWORD [12+EBP]
   606 0000053D 03 45 08                        	ADD	EAX,DWORD [8+EBP]
   607 00000540 8D 3C 02                        	LEA	EDI,DWORD [EDX+EAX*1]
   608 00000543                                 L83:
   609 00000543 FF 45 EC                        	INC	DWORD [-20+EBP]
   610 00000546 83 7D EC 0F                     	CMP	DWORD [-20+EBP],15
   611 0000054A 0F 8E FFFFFF71                  	JLE	L97
   612 00000550 83 C4 10                        	ADD	ESP,16
   613 00000553 5B                              	POP	EBX
   614 00000554 5E                              	POP	ESI
   615 00000555 5F                              	POP	EDI
   616 00000556 5D                              	POP	EBP
   617 00000557 C3                              	RET
   618 00000558                                 	GLOBAL	_putfonts8_asc
   619 00000558                                 _putfonts8_asc:
   620 00000558 55                              	PUSH	EBP
   621 00000559 89 E5                           	MOV	EBP,ESP
   622 0000055B 57                              	PUSH	EDI
   623 0000055C 56                              	PUSH	ESI
   624 0000055D 53                              	PUSH	EBX
   625 0000055E 83 EC 0C                        	SUB	ESP,12
   626 00000561 8A 45 18                        	MOV	AL,BYTE [24+EBP]
   627 00000564 8B 7D 1C                        	MOV	EDI,DWORD [28+EBP]
   628 00000567 88 45 F3                        	MOV	BYTE [-13+EBP],AL
   629 0000056A E8 [00000000]                   	CALL	_task_now
   630 0000056F 8B 15 00000FE8                  	MOV	EDX,DWORD [4072]
   631 00000575 89 45 EC                        	MOV	DWORD [-20+EBP],EAX
   632 00000578 89 55 E8                        	MOV	DWORD [-24+EBP],EDX
   633 0000057B 80 B8 000000BC 00               	CMP	BYTE [188+EAX],0
   634 00000582 75 09                           	JNE	L111
   635 00000584 80 3F 00                        	CMP	BYTE [EDI],0
   636 00000587 0F 85 00000296                  	JNE	L116
   637 0000058D                                 L111:
   638 0000058D 8B 4D EC                        	MOV	ECX,DWORD [-20+EBP]
   639 00000590 80 B9 000000BC 01               	CMP	BYTE [188+ECX],1
   640 00000597 0F 84 0000017F                  	JE	L158
   641 0000059D                                 L117:
   642 0000059D 8B 4D EC                        	MOV	ECX,DWORD [-20+EBP]
   643 000005A0 80 B9 000000BC 02               	CMP	BYTE [188+ECX],2
   644 000005A7 0F 84 000000B1                  	JE	L159
   645 000005AD                                 L134:
   646 000005AD 8B 4D EC                        	MOV	ECX,DWORD [-20+EBP]
   647 000005B0 80 B9 000000BC 03               	CMP	BYTE [188+ECX],3
   648 000005B7 74 08                           	JE	L160
   649 000005B9                                 L110:
   650 000005B9 8D 65 F4                        	LEA	ESP,DWORD [-12+EBP]
   651 000005BC 5B                              	POP	EBX
   652 000005BD 5E                              	POP	ESI
   653 000005BE 5F                              	POP	EDI
   654 000005BF 5D                              	POP	EBP
   655 000005C0 C3                              	RET
   656 000005C1                                 L160:
   657 000005C1 80 3F 00                        	CMP	BYTE [EDI],0
   658 000005C4 74 F3                           	JE	L110
   659 000005C6                                 L153:
   660 000005C6 8B 55 EC                        	MOV	EDX,DWORD [-20+EBP]
   661 000005C9 8A 82 000000BD                  	MOV	AL,BYTE [189+EDX]
   662 000005CF 84 C0                           	TEST	AL,AL
   663 000005D1 75 45                           	JNE	L149
   664 000005D3 8A 17                           	MOV	DL,BYTE [EDI]
   665 000005D5 8D 42 5F                        	LEA	EAX,DWORD [95+EDX]
   666 000005D8 3C 5D                           	CMP	AL,93
   667 000005DA 77 15                           	JA	L150
   668 000005DC 8B 4D EC                        	MOV	ECX,DWORD [-20+EBP]
   669 000005DF 88 91 000000BD                  	MOV	BYTE [189+ECX],DL
   670 000005E5                                 L152:
   671 000005E5 83 45 10 08                     	ADD	DWORD [16+EBP],8
   672 000005E9 47                              	INC	EDI
   673 000005EA 80 3F 00                        	CMP	BYTE [EDI],0
   674 000005ED 75 D7                           	JNE	L153
   675 000005EF EB C8                           	JMP	L110
   676 000005F1                                 L150:
   677 000005F1 0F B6 C2                        	MOVZX	EAX,DL
   678 000005F4 C1 E0 04                        	SAL	EAX,4
   679 000005F7 05 [00000000]                   	ADD	EAX,_hankaku
   680 000005FC 50                              	PUSH	EAX
   681 000005FD 0F BE 45 F3                     	MOVSX	EAX,BYTE [-13+EBP]
   682 00000601 50                              	PUSH	EAX
   683 00000602 FF 75 14                        	PUSH	DWORD [20+EBP]
   684 00000605 FF 75 10                        	PUSH	DWORD [16+EBP]
   685 00000608 FF 75 0C                        	PUSH	DWORD [12+EBP]
   686 0000060B FF 75 08                        	PUSH	DWORD [8+EBP]
   687 0000060E E8 FFFFFD65                     	CALL	_putfont8
   688 00000613 83 C4 18                        	ADD	ESP,24
   689 00000616 EB CD                           	JMP	L152
   690 00000618                                 L149:
   691 00000618 0F B6 C0                        	MOVZX	EAX,AL
   692 0000061B 6B C0 5E                        	IMUL	EAX,EAX,94
   693 0000061E 0F B6 17                        	MOVZX	EDX,BYTE [EDI]
   694 00000621 8B 4D EC                        	MOV	ECX,DWORD [-20+EBP]
   695 00000624 8D 84 02 FFFFC441               	LEA	EAX,DWORD [-15295+EDX+EAX*1]
   696 0000062B C6 81 000000BD 00               	MOV	BYTE [189+ECX],0
   697 00000632 C1 E0 05                        	SAL	EAX,5
   698 00000635 8B 55 E8                        	MOV	EDX,DWORD [-24+EBP]
   699 00000638 01 C2                           	ADD	EDX,EAX
   700 0000063A 8D 42 10                        	LEA	EAX,DWORD [16+EDX]
   701 0000063D 50                              	PUSH	EAX
   702 0000063E 52                              	PUSH	EDX
   703 0000063F 0F BE 45 F3                     	MOVSX	EAX,BYTE [-13+EBP]
   704 00000643 50                              	PUSH	EAX
   705 00000644 8B 45 10                        	MOV	EAX,DWORD [16+EBP]
   706 00000647 FF 75 14                        	PUSH	DWORD [20+EBP]
   707 0000064A 83 E8 08                        	SUB	EAX,8
   708 0000064D 50                              	PUSH	EAX
   709 0000064E FF 75 0C                        	PUSH	DWORD [12+EBP]
   710 00000651 FF 75 08                        	PUSH	DWORD [8+EBP]
   711 00000654 E8 FFFFFDA5                     	CALL	_putfont32
   712 00000659 83 C4 1C                        	ADD	ESP,28
   713 0000065C EB 87                           	JMP	L152
   714 0000065E                                 L159:
   715 0000065E 80 3F 00                        	CMP	BYTE [EDI],0
   716 00000661 0F 84 FFFFFF46                  	JE	L134
   717 00000667                                 L143:
   718 00000667 8B 55 EC                        	MOV	EDX,DWORD [-20+EBP]
   719 0000066A 8A 82 000000BD                  	MOV	AL,BYTE [189+EDX]
   720 00000670 84 C0                           	TEST	AL,AL
   721 00000672 75 46                           	JNE	L139
   722 00000674 8A 17                           	MOV	DL,BYTE [EDI]
   723 00000676 8D 42 7F                        	LEA	EAX,DWORD [127+EDX]
   724 00000679 3C 7D                           	CMP	AL,125
   725 0000067B 77 18                           	JA	L140
   726 0000067D 8B 4D EC                        	MOV	ECX,DWORD [-20+EBP]
   727 00000680 88 91 000000BD                  	MOV	BYTE [189+ECX],DL
   728 00000686                                 L142:
   729 00000686 83 45 10 08                     	ADD	DWORD [16+EBP],8
   730 0000068A 47                              	INC	EDI
   731 0000068B 80 3F 00                        	CMP	BYTE [EDI],0
   732 0000068E 75 D7                           	JNE	L143
   733 00000690 E9 FFFFFF18                     	JMP	L134
   734 00000695                                 L140:
   735 00000695 0F B6 C2                        	MOVZX	EAX,DL
   736 00000698 C1 E0 04                        	SAL	EAX,4
   737 0000069B 03 45 E8                        	ADD	EAX,DWORD [-24+EBP]
   738 0000069E 50                              	PUSH	EAX
   739 0000069F 0F BE 45 F3                     	MOVSX	EAX,BYTE [-13+EBP]
   740 000006A3 50                              	PUSH	EAX
   741 000006A4 FF 75 14                        	PUSH	DWORD [20+EBP]
   742 000006A7 FF 75 10                        	PUSH	DWORD [16+EBP]
   743 000006AA FF 75 0C                        	PUSH	DWORD [12+EBP]
   744 000006AD FF 75 08                        	PUSH	DWORD [8+EBP]
   745 000006B0 E8 FFFFFCC3                     	CALL	_putfont8
   746 000006B5 83 C4 18                        	ADD	ESP,24
   747 000006B8 EB CC                           	JMP	L142
   748 000006BA                                 L139:
   749 000006BA 0F B6 D8                        	MOVZX	EBX,AL
   750 000006BD 6B DB 5E                        	IMUL	EBX,EBX,94
   751 000006C0 0F B6 07                        	MOVZX	EAX,BYTE [EDI]
   752 000006C3 8B 55 EC                        	MOV	EDX,DWORD [-20+EBP]
   753 000006C6 8D 9C 18 FFFFC441               	LEA	EBX,DWORD [-15295+EAX+EBX*1]
   754 000006CD C6 82 000000BD 00               	MOV	BYTE [189+EDX],0
   755 000006D4 C1 E3 05                        	SAL	EBX,5
   756 000006D7 8B 45 10                        	MOV	EAX,DWORD [16+EBP]
   757 000006DA 03 5D E8                        	ADD	EBX,DWORD [-24+EBP]
   758 000006DD 83 E8 08                        	SUB	EAX,8
   759 000006E0 0F BE 75 F3                     	MOVSX	ESI,BYTE [-13+EBP]
   760 000006E4 8D 93 00001000                  	LEA	EDX,DWORD [4096+EBX]
   761 000006EA 81 C3 00001010                  	ADD	EBX,4112
   762 000006F0 52                              	PUSH	EDX
   763 000006F1 56                              	PUSH	ESI
   764 000006F2 FF 75 14                        	PUSH	DWORD [20+EBP]
   765 000006F5 50                              	PUSH	EAX
   766 000006F6 FF 75 0C                        	PUSH	DWORD [12+EBP]
   767 000006F9 FF 75 08                        	PUSH	DWORD [8+EBP]
   768 000006FC E8 FFFFFC77                     	CALL	_putfont8
   769 00000701 53                              	PUSH	EBX
   770 00000702 56                              	PUSH	ESI
   771 00000703 FF 75 14                        	PUSH	DWORD [20+EBP]
   772 00000706 FF 75 10                        	PUSH	DWORD [16+EBP]
   773 00000709 FF 75 0C                        	PUSH	DWORD [12+EBP]
   774 0000070C FF 75 08                        	PUSH	DWORD [8+EBP]
   775 0000070F E8 FFFFFC64                     	CALL	_putfont8
   776 00000714 83 C4 30                        	ADD	ESP,48
   777 00000717 E9 FFFFFF6A                     	JMP	L142
   778 0000071C                                 L158:
   779 0000071C 80 3F 00                        	CMP	BYTE [EDI],0
   780 0000071F 0F 84 FFFFFE78                  	JE	L117
   781 00000725                                 L133:
   782 00000725 8B 45 EC                        	MOV	EAX,DWORD [-20+EBP]
   783 00000728 8A 90 000000BD                  	MOV	DL,BYTE [189+EAX]
   784 0000072E 84 D2                           	TEST	DL,DL
   785 00000730 75 4D                           	JNE	L122
   786 00000732 8A 17                           	MOV	DL,BYTE [EDI]
   787 00000734 8D 42 7F                        	LEA	EAX,DWORD [127+EDX]
   788 00000737 3C 1E                           	CMP	AL,30
   789 00000739 76 07                           	JBE	L124
   790 0000073B 8D 42 20                        	LEA	EAX,DWORD [32+EDX]
   791 0000073E 3C 1C                           	CMP	AL,28
   792 00000740 77 18                           	JA	L123
   793 00000742                                 L124:
   794 00000742 8B 4D EC                        	MOV	ECX,DWORD [-20+EBP]
   795 00000745 88 91 000000BD                  	MOV	BYTE [189+ECX],DL
   796 0000074B                                 L126:
   797 0000074B 83 45 10 08                     	ADD	DWORD [16+EBP],8
   798 0000074F 47                              	INC	EDI
   799 00000750 80 3F 00                        	CMP	BYTE [EDI],0
   800 00000753 75 D0                           	JNE	L133
   801 00000755 E9 FFFFFE43                     	JMP	L117
   802 0000075A                                 L123:
   803 0000075A 0F B6 C2                        	MOVZX	EAX,DL
   804 0000075D C1 E0 04                        	SAL	EAX,4
   805 00000760 03 45 E8                        	ADD	EAX,DWORD [-24+EBP]
   806 00000763 50                              	PUSH	EAX
   807 00000764 0F BE 45 F3                     	MOVSX	EAX,BYTE [-13+EBP]
   808 00000768 50                              	PUSH	EAX
   809 00000769 FF 75 14                        	PUSH	DWORD [20+EBP]
   810 0000076C FF 75 10                        	PUSH	DWORD [16+EBP]
   811 0000076F FF 75 0C                        	PUSH	DWORD [12+EBP]
   812 00000772 FF 75 08                        	PUSH	DWORD [8+EBP]
   813 00000775 E8 FFFFFBFE                     	CALL	_putfont8
   814 0000077A 83 C4 18                        	ADD	ESP,24
   815 0000077D EB CC                           	JMP	L126
   816 0000077F                                 L122:
   817 0000077F 8D 42 7F                        	LEA	EAX,DWORD [127+EDX]
   818 00000782 3C 1E                           	CMP	AL,30
   819 00000784 0F 87 0000008A                  	JA	L127
   820 0000078A 0F B6 C2                        	MOVZX	EAX,DL
   821 0000078D 8D 8C 00 FFFFFEFE               	LEA	ECX,DWORD [-258+EAX+EAX*1]
   822 00000794                                 L128:
   823 00000794 8A 17                           	MOV	DL,BYTE [EDI]
   824 00000796 8D 42 C0                        	LEA	EAX,DWORD [-64+EDX]
   825 00000799 3C 3E                           	CMP	AL,62
   826 0000079B 77 5D                           	JA	L129
   827 0000079D 0F B6 C2                        	MOVZX	EAX,DL
   828 000007A0 83 E8 40                        	SUB	EAX,64
   829 000007A3                                 L130:
   830 000007A3 6B D9 5E                        	IMUL	EBX,ECX,94
   831 000007A6 8B 55 EC                        	MOV	EDX,DWORD [-20+EBP]
   832 000007A9 01 C3                           	ADD	EBX,EAX
   833 000007AB C1 E3 05                        	SAL	EBX,5
   834 000007AE C6 82 000000BD 00               	MOV	BYTE [189+EDX],0
   835 000007B5 03 5D E8                        	ADD	EBX,DWORD [-24+EBP]
   836 000007B8 8B 45 10                        	MOV	EAX,DWORD [16+EBP]
   837 000007BB 0F BE 75 F3                     	MOVSX	ESI,BYTE [-13+EBP]
   838 000007BF 83 E8 08                        	SUB	EAX,8
   839 000007C2 8D 93 00001000                  	LEA	EDX,DWORD [4096+EBX]
   840 000007C8 81 C3 00001010                  	ADD	EBX,4112
   841 000007CE 52                              	PUSH	EDX
   842 000007CF 56                              	PUSH	ESI
   843 000007D0 FF 75 14                        	PUSH	DWORD [20+EBP]
   844 000007D3 50                              	PUSH	EAX
   845 000007D4 FF 75 0C                        	PUSH	DWORD [12+EBP]
   846 000007D7 FF 75 08                        	PUSH	DWORD [8+EBP]
   847 000007DA E8 FFFFFB99                     	CALL	_putfont8
   848 000007DF 53                              	PUSH	EBX
   849 000007E0 56                              	PUSH	ESI
   850 000007E1 FF 75 14                        	PUSH	DWORD [20+EBP]
   851 000007E4 FF 75 10                        	PUSH	DWORD [16+EBP]
   852 000007E7 FF 75 0C                        	PUSH	DWORD [12+EBP]
   853 000007EA FF 75 08                        	PUSH	DWORD [8+EBP]
   854 000007ED E8 FFFFFB86                     	CALL	_putfont8
   855 000007F2 83 C4 30                        	ADD	ESP,48
   856 000007F5 E9 FFFFFF51                     	JMP	L126
   857 000007FA                                 L129:
   858 000007FA 8D 42 80                        	LEA	EAX,DWORD [-128+EDX]
   859 000007FD 3C 1E                           	CMP	AL,30
   860 000007FF 77 08                           	JA	L131
   861 00000801 0F B6 C2                        	MOVZX	EAX,DL
   862 00000804 83 E8 41                        	SUB	EAX,65
   863 00000807 EB 9A                           	JMP	L130
   864 00000809                                 L131:
   865 00000809 0F B6 C2                        	MOVZX	EAX,DL
   866 0000080C 2D 0000009F                     	SUB	EAX,159
   867 00000811 41                              	INC	ECX
   868 00000812 EB 8F                           	JMP	L130
   869 00000814                                 L127:
   870 00000814 0F B6 C2                        	MOVZX	EAX,DL
   871 00000817 8D 8C 00 FFFFFE7E               	LEA	ECX,DWORD [-386+EAX+EAX*1]
   872 0000081E E9 FFFFFF71                     	JMP	L128
   873 00000823                                 L116:
   874 00000823 0F B6 07                        	MOVZX	EAX,BYTE [EDI]
   875 00000826 C1 E0 04                        	SAL	EAX,4
   876 00000829 47                              	INC	EDI
   877 0000082A 05 [00000000]                   	ADD	EAX,_hankaku
   878 0000082F 50                              	PUSH	EAX
   879 00000830 0F BE 45 F3                     	MOVSX	EAX,BYTE [-13+EBP]
   880 00000834 50                              	PUSH	EAX
   881 00000835 FF 75 14                        	PUSH	DWORD [20+EBP]
   882 00000838 FF 75 10                        	PUSH	DWORD [16+EBP]
   883 0000083B FF 75 0C                        	PUSH	DWORD [12+EBP]
   884 0000083E FF 75 08                        	PUSH	DWORD [8+EBP]
   885 00000841 E8 FFFFFB32                     	CALL	_putfont8
   886 00000846 83 C4 18                        	ADD	ESP,24
   887 00000849 83 45 10 08                     	ADD	DWORD [16+EBP],8
   888 0000084D 80 3F 00                        	CMP	BYTE [EDI],0
   889 00000850 75 D1                           	JNE	L116
   890 00000852 E9 FFFFFD36                     	JMP	L111
   891                                          [SECTION .data]
   892 00000030                                 _cursor.1:
   893 00000030 2A 2A 2E 2E 2E 2E 2E 2E 2E 2E   	DB	"**.............."
       0000003A 2E 2E 2E 2E 2E 2E 
   894 00000040 2A 2A 2A 2E 2E 2E 2E 2E 2E 2E   	DB	"***............."
       0000004A 2E 2E 2E 2E 2E 2E 
   895 00000050 2A 4F 2A 2A 2E 2E 2E 2E 2E 2E   	DB	"*O**............"
       0000005A 2E 2E 2E 2E 2E 2E 
   896 00000060 2A 4F 4F 2A 2A 2E 2E 2E 2E 2E   	DB	"*OO**..........."
       0000006A 2E 2E 2E 2E 2E 2E 
   897 00000070 2A 4F 4F 4F 2A 2A 2E 2E 2E 2E   	DB	"*OOO**.........."
       0000007A 2E 2E 2E 2E 2E 2E 
   898 00000080 2A 4F 4F 4F 4F 2A 2A 2E 2E 2E   	DB	"*OOOO**........."
       0000008A 2E 2E 2E 2E 2E 2E 
   899 00000090 2A 4F 4F 4F 4F 4F 2A 2A 2E 2E   	DB	"*OOOOO**........"
       0000009A 2E 2E 2E 2E 2E 2E 
   900 000000A0 2A 4F 4F 4F 4F 4F 4F 2A 2A 2E   	DB	"*OOOOOO**......."
       000000AA 2E 2E 2E 2E 2E 2E 
   901 000000B0 2A 4F 4F 4F 4F 4F 4F 4F 2A 2A   	DB	"*OOOOOOO**......"
       000000BA 2E 2E 2E 2E 2E 2E 
   902 000000C0 2A 4F 4F 4F 4F 4F 4F 4F 4F 2A   	DB	"*OOOOOOOO**....."
       000000CA 2A 2E 2E 2E 2E 2E 
   903 000000D0 2A 4F 4F 4F 4F 4F 4F 4F 4F 4F   	DB	"*OOOOOOOOO**...."
       000000DA 2A 2A 2E 2E 2E 2E 
   904 000000E0 2A 4F 4F 4F 4F 2A 2A 2A 2A 2A   	DB	"*OOOO********..."
       000000EA 2A 2A 2A 2E 2E 2E 
   905 000000F0 2A 4F 4F 4F 2A 2A 2E 2E 2E 2E   	DB	"*OOO**.........."
       000000FA 2E 2E 2E 2E 2E 2E 
   906 00000100 2A 4F 2A 2A 2E 2E 2E 2E 2E 2E   	DB	"*O**............"
       0000010A 2E 2E 2E 2E 2E 2E 
   907 00000110 2A 2A 2A 2E 2E 2E 2E 2E 2E 2E   	DB	"***............."
       0000011A 2E 2E 2E 2E 2E 2E 
   908 00000120 2A 2A 2E 2E 2E 2E 2E 2E 2E 2E   	DB	"**.............."
       0000012A 2E 2E 2E 2E 2E 2E 
   909                                          [SECTION .text]
   910 00000857                                 	GLOBAL	_init_mouse_cursor8
   911 00000857                                 _init_mouse_cursor8:
   912 00000857 55                              	PUSH	EBP
   913 00000858 89 E5                           	MOV	EBP,ESP
   914 0000085A 57                              	PUSH	EDI
   915 0000085B 56                              	PUSH	ESI
   916 0000085C 31 FF                           	XOR	EDI,EDI
   917 0000085E 53                              	PUSH	EBX
   918 0000085F 31 DB                           	XOR	EBX,EBX
   919 00000861 50                              	PUSH	EAX
   920 00000862 8A 45 0C                        	MOV	AL,BYTE [12+EBP]
   921 00000865 8B 75 08                        	MOV	ESI,DWORD [8+EBP]
   922 00000868 88 45 F3                        	MOV	BYTE [-13+EBP],AL
   923 0000086B                                 L174:
   924 0000086B 31 D2                           	XOR	EDX,EDX
   925 0000086D                                 L173:
   926 0000086D 8D 04 3A                        	LEA	EAX,DWORD [EDX+EDI*1]
   927 00000870 80 B8 [00000030] 2A             	CMP	BYTE [_cursor.1+EAX],42
   928 00000877 74 35                           	JE	L179
   929 00000879                                 L170:
   930 00000879 80 B8 [00000030] 4F             	CMP	BYTE [_cursor.1+EAX],79
   931 00000880 74 26                           	JE	L180
   932 00000882                                 L171:
   933 00000882 80 B8 [00000030] 2E             	CMP	BYTE [_cursor.1+EAX],46
   934 00000889 74 15                           	JE	L181
   935 0000088B                                 L168:
   936 0000088B 42                              	INC	EDX
   937 0000088C 83 FA 0F                        	CMP	EDX,15
   938 0000088F 7E DC                           	JLE	L173
   939 00000891 43                              	INC	EBX
   940 00000892 83 C7 10                        	ADD	EDI,16
   941 00000895 83 FB 0F                        	CMP	EBX,15
   942 00000898 7E D1                           	JLE	L174
   943 0000089A 58                              	POP	EAX
   944 0000089B 5B                              	POP	EBX
   945 0000089C 5E                              	POP	ESI
   946 0000089D 5F                              	POP	EDI
   947 0000089E 5D                              	POP	EBP
   948 0000089F C3                              	RET
   949 000008A0                                 L181:
   950 000008A0 8A 4D F3                        	MOV	CL,BYTE [-13+EBP]
   951 000008A3 88 0C 30                        	MOV	BYTE [EAX+ESI*1],CL
   952 000008A6 EB E3                           	JMP	L168
   953 000008A8                                 L180:
   954 000008A8 C6 04 30 07                     	MOV	BYTE [EAX+ESI*1],7
   955 000008AC EB D4                           	JMP	L171
   956 000008AE                                 L179:
   957 000008AE C6 04 30 00                     	MOV	BYTE [EAX+ESI*1],0
   958 000008B2 EB C5                           	JMP	L170
   959 000008B4                                 	GLOBAL	_putblock8_8
   960 000008B4                                 _putblock8_8:
   961 000008B4 55                              	PUSH	EBP
   962 000008B5 89 E5                           	MOV	EBP,ESP
   963 000008B7 57                              	PUSH	EDI
   964 000008B8 56                              	PUSH	ESI
   965 000008B9 31 F6                           	XOR	ESI,ESI
   966 000008BB 53                              	PUSH	EBX
   967 000008BC 83 EC 0C                        	SUB	ESP,12
   968 000008BF 3B 75 14                        	CMP	ESI,DWORD [20+EBP]
   969 000008C2 7D 3E                           	JGE	L194
   970 000008C4 31 FF                           	XOR	EDI,EDI
   971 000008C6                                 L192:
   972 000008C6 31 DB                           	XOR	EBX,EBX
   973 000008C8 3B 5D 10                        	CMP	EBX,DWORD [16+EBP]
   974 000008CB 7D 2C                           	JGE	L196
   975 000008CD 8B 45 20                        	MOV	EAX,DWORD [32+EBP]
   976 000008D0 01 F8                           	ADD	EAX,EDI
   977 000008D2 89 45 EC                        	MOV	DWORD [-20+EBP],EAX
   978 000008D5                                 L191:
   979 000008D5 8B 45 1C                        	MOV	EAX,DWORD [28+EBP]
   980 000008D8 8B 55 18                        	MOV	EDX,DWORD [24+EBP]
   981 000008DB 01 F0                           	ADD	EAX,ESI
   982 000008DD 01 DA                           	ADD	EDX,EBX
   983 000008DF 0F AF 45 0C                     	IMUL	EAX,DWORD [12+EBP]
   984 000008E3 01 D0                           	ADD	EAX,EDX
   985 000008E5 8B 4D 08                        	MOV	ECX,DWORD [8+EBP]
   986 000008E8 8B 55 EC                        	MOV	EDX,DWORD [-20+EBP]
   987 000008EB 43                              	INC	EBX
   988 000008EC 8A 12                           	MOV	DL,BYTE [EDX]
   989 000008EE 88 14 08                        	MOV	BYTE [EAX+ECX*1],DL
   990 000008F1 FF 45 EC                        	INC	DWORD [-20+EBP]
   991 000008F4 3B 5D 10                        	CMP	EBX,DWORD [16+EBP]
   992 000008F7 7C DC                           	JL	L191
   993 000008F9                                 L196:
   994 000008F9 46                              	INC	ESI
   995 000008FA 03 7D 24                        	ADD	EDI,DWORD [36+EBP]
   996 000008FD 3B 75 14                        	CMP	ESI,DWORD [20+EBP]
   997 00000900 7C C4                           	JL	L192
   998 00000902                                 L194:
   999 00000902 83 C4 0C                        	ADD	ESP,12
  1000 00000905 5B                              	POP	EBX
  1001 00000906 5E                              	POP	ESI
  1002 00000907 5F                              	POP	EDI
  1003 00000908 5D                              	POP	EBP
  1004 00000909 C3                              	RET
  1005                                          [SECTION .data]
  1006 00000130                                 LC0:
  1007 00000130 68 65 6C 6F 6F 73 2E 6A 70 67   	DB	"heloos.jpg",0x00
       0000013A 00 
  1008                                          [SECTION .text]
  1009 0000090A                                 	GLOBAL	_read_picture
  1010 0000090A                                 _read_picture:
  1011 0000090A 55                              	PUSH	EBP
  1012 0000090B 89 E5                           	MOV	EBP,ESP
  1013 0000090D 57                              	PUSH	EDI
  1014 0000090E 56                              	PUSH	ESI
  1015 0000090F 53                              	PUSH	EBX
  1016 00000910 83 EC 38                        	SUB	ESP,56
  1017 00000913 68 000000E0                     	PUSH	224
  1018 00000918 68 00102600                     	PUSH	1058304
  1019 0000091D 68 [00000130]                   	PUSH	LC0
  1020 00000922 E8 [00000000]                   	CALL	_file_search
  1021 00000927 83 C4 0C                        	ADD	ESP,12
  1022 0000092A 89 C3                           	MOV	EBX,EAX
  1023 0000092C 83 C8 FF                        	OR	EAX,-1
  1024 0000092F 85 DB                           	TEST	EBX,EBX
  1025 00000931 0F 84 000000EF                  	JE	L197
  1026 00000937 8B 43 1C                        	MOV	EAX,DWORD [28+EBX]
  1027 0000093A 31 FF                           	XOR	EDI,EDI
  1028 0000093C 50                              	PUSH	EAX
  1029 0000093D 89 45 E0                        	MOV	DWORD [-32+EBP],EAX
  1030 00000940 68 003C0000                     	PUSH	3932160
  1031 00000945 E8 [00000000]                   	CALL	_memman_alloc_4k
  1032 0000094A 8D 45 E0                        	LEA	EAX,DWORD [-32+EBP]
  1033 0000094D FF 75 08                        	PUSH	DWORD [8+EBP]
  1034 00000950 50                              	PUSH	EAX
  1035 00000951 0F B7 43 1A                     	MOVZX	EAX,WORD [26+EBX]
  1036 00000955 50                              	PUSH	EAX
  1037 00000956 E8 [00000000]                   	CALL	_file_loadfile2
  1038 0000095B 68 00010000                     	PUSH	65536
  1039 00000960 68 003C0000                     	PUSH	3932160
  1040 00000965 89 45 DC                        	MOV	DWORD [-36+EBP],EAX
  1041 00000968 E8 [00000000]                   	CALL	_memman_alloc_4k
  1042 0000096D FF 75 DC                        	PUSH	DWORD [-36+EBP]
  1043 00000970 FF 75 E0                        	PUSH	DWORD [-32+EBP]
  1044 00000973 89 45 D4                        	MOV	DWORD [-44+EBP],EAX
  1045 00000976 8D 45 E4                        	LEA	EAX,DWORD [-28+EBP]
  1046 00000979 50                              	PUSH	EAX
  1047 0000097A FF 75 D4                        	PUSH	DWORD [-44+EBP]
  1048 0000097D E8 [00000000]                   	CALL	_info_JPEG
  1049 00000982 8B 45 F0                        	MOV	EAX,DWORD [-16+EBP]
  1050 00000985 0F AF 45 EC                     	IMUL	EAX,DWORD [-20+EBP]
  1051 00000989 C1 E0 02                        	SAL	EAX,2
  1052 0000098C 83 C4 2C                        	ADD	ESP,44
  1053 0000098F 50                              	PUSH	EAX
  1054 00000990 68 003C0000                     	PUSH	3932160
  1055 00000995 E8 [00000000]                   	CALL	_memman_alloc_4k
  1056 0000099A 6A 00                           	PUSH	0
  1057 0000099C 50                              	PUSH	EAX
  1058 0000099D 89 45 D8                        	MOV	DWORD [-40+EBP],EAX
  1059 000009A0 6A 04                           	PUSH	4
  1060 000009A2 FF 75 DC                        	PUSH	DWORD [-36+EBP]
  1061 000009A5 FF 75 E0                        	PUSH	DWORD [-32+EBP]
  1062 000009A8 FF 75 D4                        	PUSH	DWORD [-44+EBP]
  1063 000009AB E8 [00000000]                   	CALL	_decode0_JPEG
  1064 000009B0 83 C4 20                        	ADD	ESP,32
  1065 000009B3 8B 45 10                        	MOV	EAX,DWORD [16+EBP]
  1066 000009B6 B9 00000002                     	MOV	ECX,2
  1067 000009BB 2B 45 EC                        	SUB	EAX,DWORD [-20+EBP]
  1068 000009BE 99                              	CDQ
  1069 000009BF 89 45 D0                        	MOV	DWORD [-48+EBP],EAX
  1070 000009C2 F7 F9                           	IDIV	ECX
  1071 000009C4 89 45 CC                        	MOV	DWORD [-52+EBP],EAX
  1072 000009C7 8B 45 F0                        	MOV	EAX,DWORD [-16+EBP]
  1073 000009CA 29 45 14                        	SUB	DWORD [20+EBP],EAX
  1074 000009CD 8B 45 14                        	MOV	EAX,DWORD [20+EBP]
  1075 000009D0 99                              	CDQ
  1076 000009D1 F7 F9                           	IDIV	ECX
  1077 000009D3 3B 7D F0                        	CMP	EDI,DWORD [-16+EBP]
  1078 000009D6 89 45 C4                        	MOV	DWORD [-60+EBP],EAX
  1079 000009D9 7D 0F                           	JGE	L210
  1080 000009DB                                 L208:
  1081 000009DB 31 F6                           	XOR	ESI,ESI
  1082 000009DD 8B 45 EC                        	MOV	EAX,DWORD [-20+EBP]
  1083 000009E0 39 C6                           	CMP	ESI,EAX
  1084 000009E2 7C 4A                           	JL	L207
  1085 000009E4                                 L212:
  1086 000009E4 47                              	INC	EDI
  1087 000009E5 3B 7D F0                        	CMP	EDI,DWORD [-16+EBP]
  1088 000009E8 7C F1                           	JL	L208
  1089 000009EA                                 L210:
  1090 000009EA FF 75 E0                        	PUSH	DWORD [-32+EBP]
  1091 000009ED FF 75 DC                        	PUSH	DWORD [-36+EBP]
  1092 000009F0 68 003C0000                     	PUSH	3932160
  1093 000009F5 E8 [00000000]                   	CALL	_memman_free_4k
  1094 000009FA 8B 45 F0                        	MOV	EAX,DWORD [-16+EBP]
  1095 000009FD 0F AF 45 EC                     	IMUL	EAX,DWORD [-20+EBP]
  1096 00000A01 C1 E0 02                        	SAL	EAX,2
  1097 00000A04 50                              	PUSH	EAX
  1098 00000A05 FF 75 D8                        	PUSH	DWORD [-40+EBP]
  1099 00000A08 68 003C0000                     	PUSH	3932160
  1100 00000A0D E8 [00000000]                   	CALL	_memman_free_4k
  1101 00000A12 68 00010000                     	PUSH	65536
  1102 00000A17 FF 75 D4                        	PUSH	DWORD [-44+EBP]
  1103 00000A1A 68 003C0000                     	PUSH	3932160
  1104 00000A1F E8 [00000000]                   	CALL	_memman_free_4k
  1105 00000A24 31 C0                           	XOR	EAX,EAX
  1106 00000A26                                 L197:
  1107 00000A26 8D 65 F4                        	LEA	ESP,DWORD [-12+EBP]
  1108 00000A29 5B                              	POP	EBX
  1109 00000A2A 5E                              	POP	ESI
  1110 00000A2B 5F                              	POP	EDI
  1111 00000A2C 5D                              	POP	EBP
  1112 00000A2D C3                              	RET
  1113 00000A2E                                 L207:
  1114 00000A2E 0F AF C7                        	IMUL	EAX,EDI
  1115 00000A31 8B 5D C4                        	MOV	EBX,DWORD [-60+EBP]
  1116 00000A34 01 F0                           	ADD	EAX,ESI
  1117 00000A36 01 FB                           	ADD	EBX,EDI
  1118 00000A38 89 45 BC                        	MOV	DWORD [-68+EBP],EAX
  1119 00000A3B 0F AF 5D 10                     	IMUL	EBX,DWORD [16+EBP]
  1120 00000A3F 8B 45 CC                        	MOV	EAX,DWORD [-52+EBP]
  1121 00000A42 8B 55 BC                        	MOV	EDX,DWORD [-68+EBP]
  1122 00000A45 01 F0                           	ADD	EAX,ESI
  1123 00000A47 8B 4D D8                        	MOV	ECX,DWORD [-40+EBP]
  1124 00000A4A 01 C3                           	ADD	EBX,EAX
  1125 00000A4C 0F BE 05 00000FF2               	MOVSX	EAX,BYTE [4082]
  1126 00000A53 50                              	PUSH	EAX
  1127 00000A54 57                              	PUSH	EDI
  1128 00000A55 56                              	PUSH	ESI
  1129 00000A56 46                              	INC	ESI
  1130 00000A57 0F B6 04 91                     	MOVZX	EAX,BYTE [ECX+EDX*4]
  1131 00000A5B 50                              	PUSH	EAX
  1132 00000A5C 0F B6 44 91 01                  	MOVZX	EAX,BYTE [1+ECX+EDX*4]
  1133 00000A61 50                              	PUSH	EAX
  1134 00000A62 0F B6 44 91 02                  	MOVZX	EAX,BYTE [2+ECX+EDX*4]
  1135 00000A67 50                              	PUSH	EAX
  1136 00000A68 E8 00000016                     	CALL	_rgb2pal
  1137 00000A6D 83 C4 18                        	ADD	ESP,24
  1138 00000A70 8B 55 0C                        	MOV	EDX,DWORD [12+EBP]
  1139 00000A73 66 89 04 5A                     	MOV	WORD [EDX+EBX*2],AX
  1140 00000A77 8B 45 EC                        	MOV	EAX,DWORD [-20+EBP]
  1141 00000A7A 39 C6                           	CMP	ESI,EAX
  1142 00000A7C 7C B0                           	JL	L207
  1143 00000A7E E9 FFFFFF61                     	JMP	L212
  1144                                          [SECTION .data]
  1145 0000013B 00                              	ALIGNB	4
  1146 0000013C                                 _table.2:
  1147 0000013C 00000003                        	DD	3
  1148 00000140 00000001                        	DD	1
  1149 00000144 00000000                        	DD	0
  1150 00000148 00000002                        	DD	2
  1151                                          [SECTION .text]
  1152 00000A83                                 	GLOBAL	_rgb2pal
  1153 00000A83                                 _rgb2pal:
  1154 00000A83 55                              	PUSH	EBP
  1155 00000A84 89 E5                           	MOV	EBP,ESP
  1156 00000A86 57                              	PUSH	EDI
  1157 00000A87 56                              	PUSH	ESI
  1158 00000A88 53                              	PUSH	EBX
  1159 00000A89 83 EC 14                        	SUB	ESP,20
  1160 00000A8C 8B 4D 08                        	MOV	ECX,DWORD [8+EBP]
  1161 00000A8F 8B 7D 0C                        	MOV	EDI,DWORD [12+EBP]
  1162 00000A92 8B 5D 10                        	MOV	EBX,DWORD [16+EBP]
  1163 00000A95 8B 55 14                        	MOV	EDX,DWORD [20+EBP]
  1164 00000A98 8B 45 18                        	MOV	EAX,DWORD [24+EBP]
  1165 00000A9B 83 7D 1C 08                     	CMP	DWORD [28+EBP],8
  1166 00000A9F 74 27                           	JE	L216
  1167 00000AA1 C1 E1 08                        	SAL	ECX,8
  1168 00000AA4 8D 04 FD 00000000               	LEA	EAX,DWORD [0+EDI*8]
  1169 00000AAB 66 25 07E0                      	AND	AX,2016
  1170 00000AAF 89 CA                           	MOV	EDX,ECX
  1171 00000AB1 66 81 E2 F800                   	AND	DX,-2048
  1172 00000AB6 C1 FB 03                        	SAR	EBX,3
  1173 00000AB9 09 C2                           	OR	EDX,EAX
  1174 00000ABB 09 DA                           	OR	EDX,EBX
  1175 00000ABD 0F B7 C2                        	MOVZX	EAX,DX
  1176 00000AC0                                 L213:
  1177 00000AC0 83 C4 14                        	ADD	ESP,20
  1178 00000AC3 5B                              	POP	EBX
  1179 00000AC4 5E                              	POP	ESI
  1180 00000AC5 5F                              	POP	EDI
  1181 00000AC6 5D                              	POP	EBP
  1182 00000AC7 C3                              	RET
  1183 00000AC8                                 L216:
  1184 00000AC8 6B C9 15                        	IMUL	ECX,ECX,21
  1185 00000ACB 83 E2 01                        	AND	EDX,1
  1186 00000ACE 83 E0 01                        	AND	EAX,1
  1187 00000AD1 BE 00000100                     	MOV	ESI,256
  1188 00000AD6 8D 04 42                        	LEA	EAX,DWORD [EDX+EAX*2]
  1189 00000AD9 6B FF 15                        	IMUL	EDI,EDI,21
  1190 00000ADC 8B 04 85 [0000013C]             	MOV	EAX,DWORD [_table.2+EAX*4]
  1191 00000AE3 89 45 E0                        	MOV	DWORD [-32+EBP],EAX
  1192 00000AE6 89 C8                           	MOV	EAX,ECX
  1193 00000AE8 99                              	CDQ
  1194 00000AE9 F7 FE                           	IDIV	ESI
  1195 00000AEB 89 C1                           	MOV	ECX,EAX
  1196 00000AED 89 F8                           	MOV	EAX,EDI
  1197 00000AEF 99                              	CDQ
  1198 00000AF0 F7 FE                           	IDIV	ESI
  1199 00000AF2 6B DB 15                        	IMUL	EBX,EBX,21
  1200 00000AF5 89 C7                           	MOV	EDI,EAX
  1201 00000AF7 03 4D E0                        	ADD	ECX,DWORD [-32+EBP]
  1202 00000AFA 89 D8                           	MOV	EAX,EBX
  1203 00000AFC 99                              	CDQ
  1204 00000AFD F7 FE                           	IDIV	ESI
  1205 00000AFF 89 C3                           	MOV	EBX,EAX
  1206 00000B01 BE 00000004                     	MOV	ESI,4
  1207 00000B06 89 C8                           	MOV	EAX,ECX
  1208 00000B08 03 7D E0                        	ADD	EDI,DWORD [-32+EBP]
  1209 00000B0B 03 5D E0                        	ADD	EBX,DWORD [-32+EBP]
  1210 00000B0E 99                              	CDQ
  1211 00000B0F F7 FE                           	IDIV	ESI
  1212 00000B11 89 C1                           	MOV	ECX,EAX
  1213 00000B13 89 F8                           	MOV	EAX,EDI
  1214 00000B15 99                              	CDQ
  1215 00000B16 F7 FE                           	IDIV	ESI
  1216 00000B18 89 C7                           	MOV	EDI,EAX
  1217 00000B1A 89 D8                           	MOV	EAX,EBX
  1218 00000B1C 99                              	CDQ
  1219 00000B1D F7 FE                           	IDIV	ESI
  1220 00000B1F 89 C3                           	MOV	EBX,EAX
  1221 00000B21 6B C7 06                        	IMUL	EAX,EDI,6
  1222 00000B24 6B D3 24                        	IMUL	EDX,EBX,36
  1223 00000B27 8D 04 08                        	LEA	EAX,DWORD [EAX+ECX*1]
  1224 00000B2A 8D 44 02 10                     	LEA	EAX,DWORD [16+EDX+EAX*1]
  1225 00000B2E 0F B7 C0                        	MOVZX	EAX,AX
  1226 00000B31 EB 8D                           	JMP	L213
