     1 00000000                                 [FORMAT "WCOFF"]
     2 00000000                                 [INSTRSET "i486p"]
     3 00000000                                 [OPTIMIZE 1]
     4 00000000                                 [OPTION 1]
     5 00000000                                 [BITS 32]
     6 00000000                                 	EXTERN	_file_search
     7 00000000                                 	EXTERN	_memman_alloc_4k
     8 00000000                                 	EXTERN	_file_loadfile2
     9 00000000                                 	EXTERN	_info_JPEG
    10 00000000                                 	EXTERN	_decode0_JPEG
    11 00000000                                 	EXTERN	_memman_free_4k
    12 00000000                                 	EXTERN	_boxfill8
    13 00000000                                 	EXTERN	_putfonts8_asc_sht
    14 00000000                                 	EXTERN	_sheet_refresh
    15 00000000                                 	EXTERN	_rgb2pal
    16 00000000                                 [FILE "icon.c"]
    17                                          [SECTION .data]
    18 00000000                                 LC0:
    19 00000000 6D 65 6E 75 00                  	DB	"menu",0x00
    20                                          [SECTION .text]
    21 00000000                                 	GLOBAL	_newBackGround
    22 00000000                                 _newBackGround:
    23 00000000 55                              	PUSH	EBP
    24 00000001 89 E5                           	MOV	EBP,ESP
    25 00000003 57                              	PUSH	EDI
    26 00000004 56                              	PUSH	ESI
    27 00000005 31 FF                           	XOR	EDI,EDI
    28 00000007 53                              	PUSH	EBX
    29 00000008 BE 00000006                     	MOV	ESI,6
    30 0000000D 83 EC 68                        	SUB	ESP,104
    31 00000010 A1 00000FE4                     	MOV	EAX,DWORD [4068]
    32 00000015 8B 55 08                        	MOV	EDX,DWORD [8+EBP]
    33 00000018 89 45 BC                        	MOV	DWORD [-68+EBP],EAX
    34 0000001B 8B 40 14                        	MOV	EAX,DWORD [20+EAX]
    35 0000001E 0F BF 0D 00000FF4               	MOVSX	ECX,WORD [4084]
    36 00000025 8B 00                           	MOV	EAX,DWORD [EAX]
    37 00000027 89 4D AC                        	MOV	DWORD [-84+EBP],ECX
    38 0000002A 89 45 B0                        	MOV	DWORD [-80+EBP],EAX
    39 0000002D 0F BF 05 00000FF6               	MOVSX	EAX,WORD [4086]
    40 00000034 89 45 A8                        	MOV	DWORD [-88+EBP],EAX
    41 00000037 80 7A 06 00                     	CMP	BYTE [6+EDX],0
    42 0000003B 74 0F                           	JE	L23
    43 0000003D                                 L6:
    44 0000003D 8A 04 16                        	MOV	AL,BYTE [ESI+EDX*1]
    45 00000040 46                              	INC	ESI
    46 00000041 88 44 3D C4                     	MOV	BYTE [-60+EBP+EDI*1],AL
    47 00000045 47                              	INC	EDI
    48 00000046 80 3C 16 00                     	CMP	BYTE [ESI+EDX*1],0
    49 0000004A 75 F1                           	JNE	L6
    50 0000004C                                 L23:
    51 0000004C 68 000000E0                     	PUSH	224
    52 00000051 8D 75 C4                        	LEA	ESI,DWORD [-60+EBP]
    53 00000054 68 00102600                     	PUSH	1058304
    54 00000059 56                              	PUSH	ESI
    55 0000005A C6 44 3D C4 00                  	MOV	BYTE [-60+EBP+EDI*1],0
    56 0000005F E8 [00000000]                   	CALL	_file_search
    57 00000064 83 C4 0C                        	ADD	ESP,12
    58 00000067 89 C3                           	MOV	EBX,EAX
    59 00000069 85 C0                           	TEST	EAX,EAX
    60 0000006B 74 06                           	JE	L8
    61 0000006D F6 40 0B 18                     	TEST	BYTE [11+EAX],24
    62 00000071 74 45                           	JE	L7
    63 00000073                                 L8:
    64 00000073 68 000000E0                     	PUSH	224
    65 00000078 68 00102600                     	PUSH	1058304
    66 0000007D 56                              	PUSH	ESI
    67 0000007E C6 44 3D C4 2E                  	MOV	BYTE [-60+EBP+EDI*1],46
    68 00000083 C6 44 3D C5 4A                  	MOV	BYTE [-59+EBP+EDI*1],74
    69 00000088 C6 44 3D C6 50                  	MOV	BYTE [-58+EBP+EDI*1],80
    70 0000008D C6 44 3D C7 47                  	MOV	BYTE [-57+EBP+EDI*1],71
    71 00000092 C6 44 3D C8 00                  	MOV	BYTE [-56+EBP+EDI*1],0
    72 00000097 E8 [00000000]                   	CALL	_file_search
    73 0000009C 83 C4 0C                        	ADD	ESP,12
    74 0000009F 89 C3                           	MOV	EBX,EAX
    75 000000A1 85 C0                           	TEST	EAX,EAX
    76 000000A3 74 06                           	JE	L10
    77 000000A5 F6 40 0B 18                     	TEST	BYTE [11+EAX],24
    78 000000A9 74 0D                           	JE	L7
    79 000000AB                                 L10:
    80 000000AB 83 CA FF                        	OR	EDX,-1
    81 000000AE                                 L1:
    82 000000AE 8D 65 F4                        	LEA	ESP,DWORD [-12+EBP]
    83 000000B1 89 D0                           	MOV	EAX,EDX
    84 000000B3 5B                              	POP	EBX
    85 000000B4 5E                              	POP	ESI
    86 000000B5 5F                              	POP	EDI
    87 000000B6 5D                              	POP	EBP
    88 000000B7 C3                              	RET
    89 000000B8                                 L7:
    90 000000B8 8B 43 1C                        	MOV	EAX,DWORD [28+EBX]
    91 000000BB 50                              	PUSH	EAX
    92 000000BC 89 45 C0                        	MOV	DWORD [-64+EBP],EAX
    93 000000BF 68 003C0000                     	PUSH	3932160
    94 000000C4 E8 [00000000]                   	CALL	_memman_alloc_4k
    95 000000C9 8D 45 C0                        	LEA	EAX,DWORD [-64+EBP]
    96 000000CC FF 75 0C                        	PUSH	DWORD [12+EBP]
    97 000000CF 50                              	PUSH	EAX
    98 000000D0 0F B7 43 1A                     	MOVZX	EAX,WORD [26+EBX]
    99 000000D4 50                              	PUSH	EAX
   100 000000D5 E8 [00000000]                   	CALL	_file_loadfile2
   101 000000DA 68 00010000                     	PUSH	65536
   102 000000DF 68 003C0000                     	PUSH	3932160
   103 000000E4 89 45 A4                        	MOV	DWORD [-92+EBP],EAX
   104 000000E7 E8 [00000000]                   	CALL	_memman_alloc_4k
   105 000000EC FF 75 A4                        	PUSH	DWORD [-92+EBP]
   106 000000EF FF 75 C0                        	PUSH	DWORD [-64+EBP]
   107 000000F2 89 45 B4                        	MOV	DWORD [-76+EBP],EAX
   108 000000F5 8D 45 E4                        	LEA	EAX,DWORD [-28+EBP]
   109 000000F8 50                              	PUSH	EAX
   110 000000F9 FF 75 B4                        	PUSH	DWORD [-76+EBP]
   111 000000FC E8 [00000000]                   	CALL	_info_JPEG
   112 00000101 83 CA FF                        	OR	EDX,-1
   113 00000104 83 C4 2C                        	ADD	ESP,44
   114 00000107 85 C0                           	TEST	EAX,EAX
   115 00000109 74 A3                           	JE	L1
   116 0000010B 8B 45 F0                        	MOV	EAX,DWORD [-16+EBP]
   117 0000010E BB 00000002                     	MOV	EBX,2
   118 00000113 0F AF 45 EC                     	IMUL	EAX,DWORD [-20+EBP]
   119 00000117 C1 E0 02                        	SAL	EAX,2
   120 0000011A 31 F6                           	XOR	ESI,ESI
   121 0000011C 50                              	PUSH	EAX
   122 0000011D 68 003C0000                     	PUSH	3932160
   123 00000122 E8 [00000000]                   	CALL	_memman_alloc_4k
   124 00000127 6A 00                           	PUSH	0
   125 00000129 50                              	PUSH	EAX
   126 0000012A 89 45 B8                        	MOV	DWORD [-72+EBP],EAX
   127 0000012D 6A 04                           	PUSH	4
   128 0000012F FF 75 A4                        	PUSH	DWORD [-92+EBP]
   129 00000132 FF 75 C0                        	PUSH	DWORD [-64+EBP]
   130 00000135 FF 75 B4                        	PUSH	DWORD [-76+EBP]
   131 00000138 E8 [00000000]                   	CALL	_decode0_JPEG
   132 0000013D 83 C4 20                        	ADD	ESP,32
   133 00000140 8B 4D AC                        	MOV	ECX,DWORD [-84+EBP]
   134 00000143 8B 7D A8                        	MOV	EDI,DWORD [-88+EBP]
   135 00000146 2B 4D EC                        	SUB	ECX,DWORD [-20+EBP]
   136 00000149 89 C8                           	MOV	EAX,ECX
   137 0000014B 8B 4D F0                        	MOV	ECX,DWORD [-16+EBP]
   138 0000014E 99                              	CDQ
   139 0000014F F7 FB                           	IDIV	EBX
   140 00000151 29 CF                           	SUB	EDI,ECX
   141 00000153 89 45 A0                        	MOV	DWORD [-96+EBP],EAX
   142 00000156 89 F8                           	MOV	EAX,EDI
   143 00000158 99                              	CDQ
   144 00000159 F7 FB                           	IDIV	EBX
   145 0000015B 39 CE                           	CMP	ESI,ECX
   146 0000015D 89 45 98                        	MOV	DWORD [-104+EBP],EAX
   147 00000160 7D 13                           	JGE	L25
   148 00000162                                 L21:
   149 00000162 31 FF                           	XOR	EDI,EDI
   150 00000164 8B 45 EC                        	MOV	EAX,DWORD [-20+EBP]
   151 00000167 39 C7                           	CMP	EDI,EAX
   152 00000169 0F 8C 000001E5                  	JL	L20
   153 0000016F                                 L27:
   154 0000016F 46                              	INC	ESI
   155 00000170 3B 75 F0                        	CMP	ESI,DWORD [-16+EBP]
   156 00000173 7C ED                           	JL	L21
   157 00000175                                 L25:
   158 00000175 FF 75 C0                        	PUSH	DWORD [-64+EBP]
   159 00000178 FF 75 A4                        	PUSH	DWORD [-92+EBP]
   160 0000017B 68 003C0000                     	PUSH	3932160
   161 00000180 E8 [00000000]                   	CALL	_memman_free_4k
   162 00000185 8B 45 F0                        	MOV	EAX,DWORD [-16+EBP]
   163 00000188 0F AF 45 EC                     	IMUL	EAX,DWORD [-20+EBP]
   164 0000018C C1 E0 02                        	SAL	EAX,2
   165 0000018F 50                              	PUSH	EAX
   166 00000190 FF 75 B8                        	PUSH	DWORD [-72+EBP]
   167 00000193 68 003C0000                     	PUSH	3932160
   168 00000198 E8 [00000000]                   	CALL	_memman_free_4k
   169 0000019D 68 00010000                     	PUSH	65536
   170 000001A2 FF 75 B4                        	PUSH	DWORD [-76+EBP]
   171 000001A5 68 003C0000                     	PUSH	3932160
   172 000001AA E8 [00000000]                   	CALL	_memman_free_4k
   173 000001AF 8B 5D AC                        	MOV	EBX,DWORD [-84+EBP]
   174 000001B2 83 C4 24                        	ADD	ESP,36
   175 000001B5 8B 45 A8                        	MOV	EAX,DWORD [-88+EBP]
   176 000001B8 83 E8 1C                        	SUB	EAX,28
   177 000001BB 4B                              	DEC	EBX
   178 000001BC 50                              	PUSH	EAX
   179 000001BD 53                              	PUSH	EBX
   180 000001BE 50                              	PUSH	EAX
   181 000001BF 6A 00                           	PUSH	0
   182 000001C1 6A 08                           	PUSH	8
   183 000001C3 FF 75 AC                        	PUSH	DWORD [-84+EBP]
   184 000001C6 FF 75 B0                        	PUSH	DWORD [-80+EBP]
   185 000001C9 E8 [00000000]                   	CALL	_boxfill8
   186 000001CE 8B 45 A8                        	MOV	EAX,DWORD [-88+EBP]
   187 000001D1 83 E8 1B                        	SUB	EAX,27
   188 000001D4 50                              	PUSH	EAX
   189 000001D5 53                              	PUSH	EBX
   190 000001D6 50                              	PUSH	EAX
   191 000001D7 6A 00                           	PUSH	0
   192 000001D9 6A 07                           	PUSH	7
   193 000001DB FF 75 AC                        	PUSH	DWORD [-84+EBP]
   194 000001DE FF 75 B0                        	PUSH	DWORD [-80+EBP]
   195 000001E1 E8 [00000000]                   	CALL	_boxfill8
   196 000001E6 8B 45 A8                        	MOV	EAX,DWORD [-88+EBP]
   197 000001E9 83 C4 38                        	ADD	ESP,56
   198 000001EC 48                              	DEC	EAX
   199 000001ED 50                              	PUSH	EAX
   200 000001EE 8B 45 A8                        	MOV	EAX,DWORD [-88+EBP]
   201 000001F1 53                              	PUSH	EBX
   202 000001F2 83 E8 1A                        	SUB	EAX,26
   203 000001F5 50                              	PUSH	EAX
   204 000001F6 6A 00                           	PUSH	0
   205 000001F8 6A 08                           	PUSH	8
   206 000001FA FF 75 AC                        	PUSH	DWORD [-84+EBP]
   207 000001FD FF 75 B0                        	PUSH	DWORD [-80+EBP]
   208 00000200 E8 [00000000]                   	CALL	_boxfill8
   209 00000205 8B 7D A8                        	MOV	EDI,DWORD [-88+EBP]
   210 00000208 83 EF 18                        	SUB	EDI,24
   211 0000020B 57                              	PUSH	EDI
   212 0000020C 6A 3B                           	PUSH	59
   213 0000020E 57                              	PUSH	EDI
   214 0000020F 6A 03                           	PUSH	3
   215 00000211 6A 07                           	PUSH	7
   216 00000213 FF 75 AC                        	PUSH	DWORD [-84+EBP]
   217 00000216 FF 75 B0                        	PUSH	DWORD [-80+EBP]
   218 00000219 E8 [00000000]                   	CALL	_boxfill8
   219 0000021E 8B 4D A8                        	MOV	ECX,DWORD [-88+EBP]
   220 00000221 83 C4 38                        	ADD	ESP,56
   221 00000224 83 E9 04                        	SUB	ECX,4
   222 00000227 89 4D 94                        	MOV	DWORD [-108+EBP],ECX
   223 0000022A 51                              	PUSH	ECX
   224 0000022B 6A 02                           	PUSH	2
   225 0000022D 57                              	PUSH	EDI
   226 0000022E 6A 02                           	PUSH	2
   227 00000230 6A 07                           	PUSH	7
   228 00000232 FF 75 AC                        	PUSH	DWORD [-84+EBP]
   229 00000235 FF 75 B0                        	PUSH	DWORD [-80+EBP]
   230 00000238 E8 [00000000]                   	CALL	_boxfill8
   231 0000023D FF 75 94                        	PUSH	DWORD [-108+EBP]
   232 00000240 6A 3B                           	PUSH	59
   233 00000242 FF 75 94                        	PUSH	DWORD [-108+EBP]
   234 00000245 6A 03                           	PUSH	3
   235 00000247 6A 0F                           	PUSH	15
   236 00000249 FF 75 AC                        	PUSH	DWORD [-84+EBP]
   237 0000024C FF 75 B0                        	PUSH	DWORD [-80+EBP]
   238 0000024F E8 [00000000]                   	CALL	_boxfill8
   239 00000254 8B 45 A8                        	MOV	EAX,DWORD [-88+EBP]
   240 00000257 83 C4 38                        	ADD	ESP,56
   241 0000025A 83 E8 05                        	SUB	EAX,5
   242 0000025D 50                              	PUSH	EAX
   243 0000025E 8B 45 A8                        	MOV	EAX,DWORD [-88+EBP]
   244 00000261 6A 3B                           	PUSH	59
   245 00000263 83 E8 17                        	SUB	EAX,23
   246 00000266 50                              	PUSH	EAX
   247 00000267 89 45 90                        	MOV	DWORD [-112+EBP],EAX
   248 0000026A 6A 3B                           	PUSH	59
   249 0000026C 6A 0F                           	PUSH	15
   250 0000026E FF 75 AC                        	PUSH	DWORD [-84+EBP]
   251 00000271 FF 75 B0                        	PUSH	DWORD [-80+EBP]
   252 00000274 E8 [00000000]                   	CALL	_boxfill8
   253 00000279 8B 75 A8                        	MOV	ESI,DWORD [-88+EBP]
   254 0000027C 83 EE 03                        	SUB	ESI,3
   255 0000027F 56                              	PUSH	ESI
   256 00000280 6A 3B                           	PUSH	59
   257 00000282 56                              	PUSH	ESI
   258 00000283 6A 02                           	PUSH	2
   259 00000285 6A 00                           	PUSH	0
   260 00000287 FF 75 AC                        	PUSH	DWORD [-84+EBP]
   261 0000028A FF 75 B0                        	PUSH	DWORD [-80+EBP]
   262 0000028D E8 [00000000]                   	CALL	_boxfill8
   263 00000292 83 C4 38                        	ADD	ESP,56
   264 00000295 56                              	PUSH	ESI
   265 00000296 6A 3C                           	PUSH	60
   266 00000298 57                              	PUSH	EDI
   267 00000299 6A 3C                           	PUSH	60
   268 0000029B 6A 00                           	PUSH	0
   269 0000029D FF 75 AC                        	PUSH	DWORD [-84+EBP]
   270 000002A0 FF 75 B0                        	PUSH	DWORD [-80+EBP]
   271 000002A3 E8 [00000000]                   	CALL	_boxfill8
   272 000002A8 8B 5D AC                        	MOV	EBX,DWORD [-84+EBP]
   273 000002AB 8B 55 AC                        	MOV	EDX,DWORD [-84+EBP]
   274 000002AE 57                              	PUSH	EDI
   275 000002AF 83 EA 04                        	SUB	EDX,4
   276 000002B2 83 EB 2F                        	SUB	EBX,47
   277 000002B5 52                              	PUSH	EDX
   278 000002B6 89 55 8C                        	MOV	DWORD [-116+EBP],EDX
   279 000002B9 57                              	PUSH	EDI
   280 000002BA 53                              	PUSH	EBX
   281 000002BB 6A 0F                           	PUSH	15
   282 000002BD FF 75 AC                        	PUSH	DWORD [-84+EBP]
   283 000002C0 FF 75 B0                        	PUSH	DWORD [-80+EBP]
   284 000002C3 E8 [00000000]                   	CALL	_boxfill8
   285 000002C8 83 C4 38                        	ADD	ESP,56
   286 000002CB FF 75 94                        	PUSH	DWORD [-108+EBP]
   287 000002CE 53                              	PUSH	EBX
   288 000002CF FF 75 90                        	PUSH	DWORD [-112+EBP]
   289 000002D2 53                              	PUSH	EBX
   290 000002D3 6A 0F                           	PUSH	15
   291 000002D5 FF 75 AC                        	PUSH	DWORD [-84+EBP]
   292 000002D8 FF 75 B0                        	PUSH	DWORD [-80+EBP]
   293 000002DB E8 [00000000]                   	CALL	_boxfill8
   294 000002E0 56                              	PUSH	ESI
   295 000002E1 FF 75 8C                        	PUSH	DWORD [-116+EBP]
   296 000002E4 56                              	PUSH	ESI
   297 000002E5 53                              	PUSH	EBX
   298 000002E6 6A 07                           	PUSH	7
   299 000002E8 FF 75 AC                        	PUSH	DWORD [-84+EBP]
   300 000002EB FF 75 B0                        	PUSH	DWORD [-80+EBP]
   301 000002EE E8 [00000000]                   	CALL	_boxfill8
   302 000002F3 8B 45 AC                        	MOV	EAX,DWORD [-84+EBP]
   303 000002F6 83 C4 38                        	ADD	ESP,56
   304 000002F9 83 E8 03                        	SUB	EAX,3
   305 000002FC 56                              	PUSH	ESI
   306 000002FD 50                              	PUSH	EAX
   307 000002FE 57                              	PUSH	EDI
   308 000002FF 50                              	PUSH	EAX
   309 00000300 6A 07                           	PUSH	7
   310 00000302 FF 75 AC                        	PUSH	DWORD [-84+EBP]
   311 00000305 FF 75 B0                        	PUSH	DWORD [-80+EBP]
   312 00000308 E8 [00000000]                   	CALL	_boxfill8
   313 0000030D 8B 4D BC                        	MOV	ECX,DWORD [-68+EBP]
   314 00000310 6A 05                           	PUSH	5
   315 00000312 68 [00000000]                   	PUSH	LC0
   316 00000317 6A 08                           	PUSH	8
   317 00000319 6A 00                           	PUSH	0
   318 0000031B 0F BF 05 00000FF6               	MOVSX	EAX,WORD [4086]
   319 00000322 83 E8 14                        	SUB	EAX,20
   320 00000325 50                              	PUSH	EAX
   321 00000326 6A 08                           	PUSH	8
   322 00000328 FF 71 14                        	PUSH	DWORD [20+ECX]
   323 0000032B E8 [00000000]                   	CALL	_putfonts8_asc_sht
   324 00000330 83 C4 38                        	ADD	ESP,56
   325 00000333 0F BF 05 00000FF6               	MOVSX	EAX,WORD [4086]
   326 0000033A 50                              	PUSH	EAX
   327 0000033B 8B 45 BC                        	MOV	EAX,DWORD [-68+EBP]
   328 0000033E FF 75 AC                        	PUSH	DWORD [-84+EBP]
   329 00000341 6A 00                           	PUSH	0
   330 00000343 6A 00                           	PUSH	0
   331 00000345 FF 70 14                        	PUSH	DWORD [20+EAX]
   332 00000348 E8 [00000000]                   	CALL	_sheet_refresh
   333 0000034D 31 D2                           	XOR	EDX,EDX
   334 0000034F E9 FFFFFD5A                     	JMP	L1
   335 00000354                                 L20:
   336 00000354 8B 5D 98                        	MOV	EBX,DWORD [-104+EBP]
   337 00000357 89 F2                           	MOV	EDX,ESI
   338 00000359 01 F3                           	ADD	EBX,ESI
   339 0000035B 8B 4D B8                        	MOV	ECX,DWORD [-72+EBP]
   340 0000035E 0F AF 5D AC                     	IMUL	EBX,DWORD [-84+EBP]
   341 00000362 0F AF D0                        	IMUL	EDX,EAX
   342 00000365 8B 45 A0                        	MOV	EAX,DWORD [-96+EBP]
   343 00000368 01 FA                           	ADD	EDX,EDI
   344 0000036A 01 F8                           	ADD	EAX,EDI
   345 0000036C 01 C3                           	ADD	EBX,EAX
   346 0000036E 0F BE 05 00000FF2               	MOVSX	EAX,BYTE [4082]
   347 00000375 50                              	PUSH	EAX
   348 00000376 56                              	PUSH	ESI
   349 00000377 57                              	PUSH	EDI
   350 00000378 47                              	INC	EDI
   351 00000379 0F B6 04 91                     	MOVZX	EAX,BYTE [ECX+EDX*4]
   352 0000037D 50                              	PUSH	EAX
   353 0000037E 0F B6 44 91 01                  	MOVZX	EAX,BYTE [1+ECX+EDX*4]
   354 00000383 50                              	PUSH	EAX
   355 00000384 0F B6 44 91 02                  	MOVZX	EAX,BYTE [2+ECX+EDX*4]
   356 00000389 50                              	PUSH	EAX
   357 0000038A E8 [00000000]                   	CALL	_rgb2pal
   358 0000038F 83 C4 18                        	ADD	ESP,24
   359 00000392 8B 55 B0                        	MOV	EDX,DWORD [-80+EBP]
   360 00000395 88 04 13                        	MOV	BYTE [EBX+EDX*1],AL
   361 00000398 8B 45 EC                        	MOV	EAX,DWORD [-20+EBP]
   362 0000039B 39 C7                           	CMP	EDI,EAX
   363 0000039D 7C B5                           	JL	L20
   364 0000039F E9 FFFFFDCB                     	JMP	L27
   365 000003A4                                 	GLOBAL	_InitIcon_xxx
   366 000003A4                                 _InitIcon_xxx:
   367 000003A4 55                              	PUSH	EBP
   368 000003A5 89 E5                           	MOV	EBP,ESP
   369 000003A7 57                              	PUSH	EDI
   370 000003A8 56                              	PUSH	ESI
   371 000003A9 53                              	PUSH	EBX
   372 000003AA 83 EC 40                        	SUB	ESP,64
   373 000003AD 8B 45 10                        	MOV	EAX,DWORD [16+EBP]
   374 000003B0 83 F8 02                        	CMP	EAX,2
   375 000003B3 0F 84 000001D3                  	JE	L51
   376 000003B9 83 F8 03                        	CMP	EAX,3
   377 000003BC 0F 84 000001B4                  	JE	L52
   378 000003C2 83 F8 04                        	CMP	EAX,4
   379 000003C5 0F 84 0000017E                  	JE	L53
   380 000003CB                                 L30:
   381 000003CB 68 000000E0                     	PUSH	224
   382 000003D0 8D 45 E4                        	LEA	EAX,DWORD [-28+EBP]
   383 000003D3 68 00102600                     	PUSH	1058304
   384 000003D8 50                              	PUSH	EAX
   385 000003D9 E8 [00000000]                   	CALL	_file_search
   386 000003DE 83 C4 0C                        	ADD	ESP,12
   387 000003E1 89 C3                           	MOV	EBX,EAX
   388 000003E3 85 C0                           	TEST	EAX,EAX
   389 000003E5 74 06                           	JE	L35
   390 000003E7 F6 40 0B 18                     	TEST	BYTE [11+EAX],24
   391 000003EB 74 0B                           	JE	L34
   392 000003ED                                 L35:
   393 000003ED 83 C8 FF                        	OR	EAX,-1
   394 000003F0                                 L28:
   395 000003F0 8D 65 F4                        	LEA	ESP,DWORD [-12+EBP]
   396 000003F3 5B                              	POP	EBX
   397 000003F4 5E                              	POP	ESI
   398 000003F5 5F                              	POP	EDI
   399 000003F6 5D                              	POP	EBP
   400 000003F7 C3                              	RET
   401 000003F8                                 L34:
   402 000003F8 8B 40 1C                        	MOV	EAX,DWORD [28+EAX]
   403 000003FB 50                              	PUSH	EAX
   404 000003FC 89 45 D0                        	MOV	DWORD [-48+EBP],EAX
   405 000003FF 68 003C0000                     	PUSH	3932160
   406 00000404 E8 [00000000]                   	CALL	_memman_alloc_4k
   407 00000409 8D 45 D0                        	LEA	EAX,DWORD [-48+EBP]
   408 0000040C FF 75 0C                        	PUSH	DWORD [12+EBP]
   409 0000040F 50                              	PUSH	EAX
   410 00000410 0F B7 43 1A                     	MOVZX	EAX,WORD [26+EBX]
   411 00000414 50                              	PUSH	EAX
   412 00000415 E8 [00000000]                   	CALL	_file_loadfile2
   413 0000041A 68 00010000                     	PUSH	65536
   414 0000041F 68 003C0000                     	PUSH	3932160
   415 00000424 89 45 B8                        	MOV	DWORD [-72+EBP],EAX
   416 00000427 E8 [00000000]                   	CALL	_memman_alloc_4k
   417 0000042C FF 75 B8                        	PUSH	DWORD [-72+EBP]
   418 0000042F FF 75 D0                        	PUSH	DWORD [-48+EBP]
   419 00000432 89 45 CC                        	MOV	DWORD [-52+EBP],EAX
   420 00000435 8D 45 D4                        	LEA	EAX,DWORD [-44+EBP]
   421 00000438 50                              	PUSH	EAX
   422 00000439 FF 75 CC                        	PUSH	DWORD [-52+EBP]
   423 0000043C E8 [00000000]                   	CALL	_info_JPEG
   424 00000441 8B 45 E0                        	MOV	EAX,DWORD [-32+EBP]
   425 00000444 0F AF 45 DC                     	IMUL	EAX,DWORD [-36+EBP]
   426 00000448 C1 E0 02                        	SAL	EAX,2
   427 0000044B 83 C4 2C                        	ADD	ESP,44
   428 0000044E 50                              	PUSH	EAX
   429 0000044F 68 003C0000                     	PUSH	3932160
   430 00000454 E8 [00000000]                   	CALL	_memman_alloc_4k
   431 00000459 6A 00                           	PUSH	0
   432 0000045B 50                              	PUSH	EAX
   433 0000045C 89 45 C4                        	MOV	DWORD [-60+EBP],EAX
   434 0000045F 6A 04                           	PUSH	4
   435 00000461 FF 75 B8                        	PUSH	DWORD [-72+EBP]
   436 00000464 FF 75 D0                        	PUSH	DWORD [-48+EBP]
   437 00000467 FF 75 CC                        	PUSH	DWORD [-52+EBP]
   438 0000046A E8 [00000000]                   	CALL	_decode0_JPEG
   439 0000046F 83 C4 20                        	ADD	ESP,32
   440 00000472 8B 55 08                        	MOV	EDX,DWORD [8+EBP]
   441 00000475 8B 45 08                        	MOV	EAX,DWORD [8+EBP]
   442 00000478 C7 45 C0 00000000               	MOV	DWORD [-64+EBP],0
   443 0000047F 8B 4A 08                        	MOV	ECX,DWORD [8+EDX]
   444 00000482 8B 00                           	MOV	EAX,DWORD [EAX]
   445 00000484 89 45 C8                        	MOV	DWORD [-56+EBP],EAX
   446 00000487 8B 7A 04                        	MOV	EDI,DWORD [4+EDX]
   447 0000048A 89 4D BC                        	MOV	DWORD [-68+EBP],ECX
   448 0000048D 39 4D C0                        	CMP	DWORD [-64+EBP],ECX
   449 00000490 7D 1B                           	JGE	L47
   450 00000492 C7 45 B4 00000000               	MOV	DWORD [-76+EBP],0
   451 00000499                                 L45:
   452 00000499 31 F6                           	XOR	ESI,ESI
   453 0000049B 39 FE                           	CMP	ESI,EDI
   454 0000049D 7C 6C                           	JL	L44
   455 0000049F                                 L49:
   456 0000049F 8B 4D BC                        	MOV	ECX,DWORD [-68+EBP]
   457 000004A2 FF 45 C0                        	INC	DWORD [-64+EBP]
   458 000004A5 01 7D B4                        	ADD	DWORD [-76+EBP],EDI
   459 000004A8 39 4D C0                        	CMP	DWORD [-64+EBP],ECX
   460 000004AB 7C EC                           	JL	L45
   461 000004AD                                 L47:
   462 000004AD FF 75 D0                        	PUSH	DWORD [-48+EBP]
   463 000004B0 FF 75 B8                        	PUSH	DWORD [-72+EBP]
   464 000004B3 68 003C0000                     	PUSH	3932160
   465 000004B8 E8 [00000000]                   	CALL	_memman_free_4k
   466 000004BD 8B 45 E0                        	MOV	EAX,DWORD [-32+EBP]
   467 000004C0 0F AF 45 DC                     	IMUL	EAX,DWORD [-36+EBP]
   468 000004C4 C1 E0 02                        	SAL	EAX,2
   469 000004C7 50                              	PUSH	EAX
   470 000004C8 FF 75 C4                        	PUSH	DWORD [-60+EBP]
   471 000004CB 68 003C0000                     	PUSH	3932160
   472 000004D0 E8 [00000000]                   	CALL	_memman_free_4k
   473 000004D5 68 00010000                     	PUSH	65536
   474 000004DA FF 75 CC                        	PUSH	DWORD [-52+EBP]
   475 000004DD 68 003C0000                     	PUSH	3932160
   476 000004E2 E8 [00000000]                   	CALL	_memman_free_4k
   477 000004E7 8B 55 08                        	MOV	EDX,DWORD [8+EBP]
   478 000004EA 83 C4 24                        	ADD	ESP,36
   479 000004ED 8B 42 08                        	MOV	EAX,DWORD [8+EDX]
   480 000004F0 83 E8 23                        	SUB	EAX,35
   481 000004F3 50                              	PUSH	EAX
   482 000004F4 FF 72 04                        	PUSH	DWORD [4+EDX]
   483 000004F7 6A 00                           	PUSH	0
   484 000004F9 6A 00                           	PUSH	0
   485 000004FB 52                              	PUSH	EDX
   486 000004FC E8 [00000000]                   	CALL	_sheet_refresh
   487 00000501 B8 00000001                     	MOV	EAX,1
   488 00000506 E9 FFFFFEE5                     	JMP	L28
   489 0000050B                                 L44:
   490 0000050B 8B 55 C0                        	MOV	EDX,DWORD [-64+EBP]
   491 0000050E 8B 4D C4                        	MOV	ECX,DWORD [-60+EBP]
   492 00000511 0F AF 55 DC                     	IMUL	EDX,DWORD [-36+EBP]
   493 00000515 FF 75 C0                        	PUSH	DWORD [-64+EBP]
   494 00000518 01 F2                           	ADD	EDX,ESI
   495 0000051A 56                              	PUSH	ESI
   496 0000051B 8B 5D B4                        	MOV	EBX,DWORD [-76+EBP]
   497 0000051E 0F B6 04 91                     	MOVZX	EAX,BYTE [ECX+EDX*4]
   498 00000522 50                              	PUSH	EAX
   499 00000523 01 F3                           	ADD	EBX,ESI
   500 00000525 0F B6 44 91 01                  	MOVZX	EAX,BYTE [1+ECX+EDX*4]
   501 0000052A 50                              	PUSH	EAX
   502 0000052B 46                              	INC	ESI
   503 0000052C 0F B6 44 91 02                  	MOVZX	EAX,BYTE [2+ECX+EDX*4]
   504 00000531 50                              	PUSH	EAX
   505 00000532 E8 [00000000]                   	CALL	_rgb2pal
   506 00000537 83 C4 14                        	ADD	ESP,20
   507 0000053A 8B 55 C8                        	MOV	EDX,DWORD [-56+EBP]
   508 0000053D 39 FE                           	CMP	ESI,EDI
   509 0000053F 88 04 13                        	MOV	BYTE [EBX+EDX*1],AL
   510 00000542 7C C7                           	JL	L44
   511 00000544 E9 FFFFFF56                     	JMP	L49
   512 00000549                                 L53:
   513 00000549 C6 45 E4 49                     	MOV	BYTE [-28+EBP],73
   514 0000054D C6 45 E5 43                     	MOV	BYTE [-27+EBP],67
   515 00000551 C6 45 E6 4F                     	MOV	BYTE [-26+EBP],79
   516 00000555 C6 45 E7 4E                     	MOV	BYTE [-25+EBP],78
   517 00000559 C6 45 E8 36                     	MOV	BYTE [-24+EBP],54
   518 0000055D                                 L50:
   519 0000055D C6 45 E9 2E                     	MOV	BYTE [-23+EBP],46
   520 00000561 C6 45 EA 4A                     	MOV	BYTE [-22+EBP],74
   521 00000565 C6 45 EB 50                     	MOV	BYTE [-21+EBP],80
   522 00000569 C6 45 EC 47                     	MOV	BYTE [-20+EBP],71
   523 0000056D C6 45 ED 00                     	MOV	BYTE [-19+EBP],0
   524 00000571 E9 FFFFFE55                     	JMP	L30
   525 00000576                                 L52:
   526 00000576 C6 45 E4 49                     	MOV	BYTE [-28+EBP],73
   527 0000057A C6 45 E5 43                     	MOV	BYTE [-27+EBP],67
   528 0000057E C6 45 E6 4F                     	MOV	BYTE [-26+EBP],79
   529 00000582 C6 45 E7 4E                     	MOV	BYTE [-25+EBP],78
   530 00000586 C6 45 E8 33                     	MOV	BYTE [-24+EBP],51
   531 0000058A EB D1                           	JMP	L50
   532 0000058C                                 L51:
   533 0000058C C6 45 E4 49                     	MOV	BYTE [-28+EBP],73
   534 00000590 C6 45 E5 43                     	MOV	BYTE [-27+EBP],67
   535 00000594 C6 45 E6 4F                     	MOV	BYTE [-26+EBP],79
   536 00000598 C6 45 E7 4E                     	MOV	BYTE [-25+EBP],78
   537 0000059C C6 45 E8 32                     	MOV	BYTE [-24+EBP],50
   538 000005A0 EB BB                           	JMP	L50
