     1 00000000                                 [FORMAT "WCOFF"]
     2 00000000                                 [INSTRSET "i486p"]
     3 00000000                                 [OPTIMIZE 1]
     4 00000000                                 [OPTION 1]
     5 00000000                                 [BITS 32]
     6 00000000                                 	EXTERN	_boxfill8
     7 00000000                                 	EXTERN	_putfonts8_asc
     8 00000000                                 	EXTERN	_closebtn.0
     9 00000000                                 	EXTERN	_task_now
    10 00000000                                 	EXTERN	_sheet_refresh
    11 00000000                                 [FILE "window.c"]
    12                                          [SECTION .data]
    13 00000000                                 _closebtn.0:
    14 00000000 4F 4F 4F 4F 4F 4F 4F 4F 4F 4F   	DB	"OOOOOOOOOOOOOOO@"
       0000000A 4F 4F 4F 4F 4F 40 
    15 00000010 4F 51 51 51 51 51 51 51 51 51   	DB	"OQQQQQQQQQQQQQ$@"
       0000001A 51 51 51 51 24 40 
    16 00000020 4F 51 51 51 51 51 51 51 51 51   	DB	"OQQQQQQQQQQQQQ$@"
       0000002A 51 51 51 51 24 40 
    17 00000030 4F 51 51 51 40 40 51 51 51 51   	DB	"OQQQ@@QQQQ@@QQ$@"
       0000003A 40 40 51 51 24 40 
    18 00000040 4F 51 51 51 51 40 40 51 51 40   	DB	"OQQQQ@@QQ@@QQQ$@"
       0000004A 40 51 51 51 24 40 
    19 00000050 4F 51 51 51 51 51 40 40 40 40   	DB	"OQQQQQ@@@@QQQQ$@"
       0000005A 51 51 51 51 24 40 
    20 00000060 4F 51 51 51 51 51 51 40 40 51   	DB	"OQQQQQQ@@QQQQQ$@"
       0000006A 51 51 51 51 24 40 
    21 00000070 4F 51 51 51 51 51 40 40 40 40   	DB	"OQQQQQ@@@@QQQQ$@"
       0000007A 51 51 51 51 24 40 
    22 00000080 4F 51 51 51 51 40 40 51 51 40   	DB	"OQQQQ@@QQ@@QQQ$@"
       0000008A 40 51 51 51 24 40 
    23 00000090 4F 51 51 51 40 40 51 51 51 51   	DB	"OQQQ@@QQQQ@@QQ$@"
       0000009A 40 40 51 51 24 40 
    24 000000A0 4F 51 51 51 51 51 51 51 51 51   	DB	"OQQQQQQQQQQQQQ$@"
       000000AA 51 51 51 51 24 40 
    25 000000B0 4F 51 51 51 51 51 51 51 51 51   	DB	"OQQQQQQQQQQQQQ$@"
       000000BA 51 51 51 51 24 40 
    26 000000C0 4F 24 24 24 24 24 24 24 24 24   	DB	"O$$$$$$$$$$$$$$@"
       000000CA 24 24 24 24 24 40 
    27 000000D0 40 40 40 40 40 40 40 40 40 40   	DB	"@@@@@@@@@@@@@@@@"
       000000DA 40 40 40 40 40 40 
    28                                          [SECTION .text]
    29 00000000                                 	GLOBAL	_make_window6
    30 00000000                                 _make_window6:
    31 00000000 55                              	PUSH	EBP
    32 00000001 89 E5                           	MOV	EBP,ESP
    33 00000003 57                              	PUSH	EDI
    34 00000004 56                              	PUSH	ESI
    35 00000005 53                              	PUSH	EBX
    36 00000006 83 EC 14                        	SUB	ESP,20
    37 00000009 8B 5D 0C                        	MOV	EBX,DWORD [12+EBP]
    38 0000000C 6A 00                           	PUSH	0
    39 0000000E 8D 43 FF                        	LEA	EAX,DWORD [-1+EBX]
    40 00000011 8D 7B FE                        	LEA	EDI,DWORD [-2+EBX]
    41 00000014 50                              	PUSH	EAX
    42 00000015 89 45 EC                        	MOV	DWORD [-20+EBP],EAX
    43 00000018 6A 00                           	PUSH	0
    44 0000001A 6A 00                           	PUSH	0
    45 0000001C 6A 08                           	PUSH	8
    46 0000001E 53                              	PUSH	EBX
    47 0000001F FF 75 08                        	PUSH	DWORD [8+EBP]
    48 00000022 E8 [00000000]                   	CALL	_boxfill8
    49 00000027 6A 01                           	PUSH	1
    50 00000029 57                              	PUSH	EDI
    51 0000002A 6A 01                           	PUSH	1
    52 0000002C 6A 01                           	PUSH	1
    53 0000002E 6A 07                           	PUSH	7
    54 00000030 53                              	PUSH	EBX
    55 00000031 FF 75 08                        	PUSH	DWORD [8+EBP]
    56 00000034 E8 [00000000]                   	CALL	_boxfill8
    57 00000039 8B 55 10                        	MOV	EDX,DWORD [16+EBP]
    58 0000003C 83 C4 38                        	ADD	ESP,56
    59 0000003F 4A                              	DEC	EDX
    60 00000040 89 55 E8                        	MOV	DWORD [-24+EBP],EDX
    61 00000043 52                              	PUSH	EDX
    62 00000044 6A 00                           	PUSH	0
    63 00000046 6A 00                           	PUSH	0
    64 00000048 6A 00                           	PUSH	0
    65 0000004A 6A 08                           	PUSH	8
    66 0000004C 53                              	PUSH	EBX
    67 0000004D FF 75 08                        	PUSH	DWORD [8+EBP]
    68 00000050 E8 [00000000]                   	CALL	_boxfill8
    69 00000055 8B 75 10                        	MOV	ESI,DWORD [16+EBP]
    70 00000058 83 EE 02                        	SUB	ESI,2
    71 0000005B 56                              	PUSH	ESI
    72 0000005C 6A 01                           	PUSH	1
    73 0000005E 6A 01                           	PUSH	1
    74 00000060 6A 01                           	PUSH	1
    75 00000062 6A 07                           	PUSH	7
    76 00000064 53                              	PUSH	EBX
    77 00000065 FF 75 08                        	PUSH	DWORD [8+EBP]
    78 00000068 E8 [00000000]                   	CALL	_boxfill8
    79 0000006D 83 C4 38                        	ADD	ESP,56
    80 00000070 56                              	PUSH	ESI
    81 00000071 57                              	PUSH	EDI
    82 00000072 6A 01                           	PUSH	1
    83 00000074 57                              	PUSH	EDI
    84 00000075 6A 0F                           	PUSH	15
    85 00000077 53                              	PUSH	EBX
    86 00000078 FF 75 08                        	PUSH	DWORD [8+EBP]
    87 0000007B E8 [00000000]                   	CALL	_boxfill8
    88 00000080 FF 75 E8                        	PUSH	DWORD [-24+EBP]
    89 00000083 FF 75 EC                        	PUSH	DWORD [-20+EBP]
    90 00000086 6A 00                           	PUSH	0
    91 00000088 FF 75 EC                        	PUSH	DWORD [-20+EBP]
    92 0000008B 6A 00                           	PUSH	0
    93 0000008D 53                              	PUSH	EBX
    94 0000008E FF 75 08                        	PUSH	DWORD [8+EBP]
    95 00000091 E8 [00000000]                   	CALL	_boxfill8
    96 00000096 8B 45 10                        	MOV	EAX,DWORD [16+EBP]
    97 00000099 83 C4 38                        	ADD	ESP,56
    98 0000009C 83 E8 03                        	SUB	EAX,3
    99 0000009F 50                              	PUSH	EAX
   100 000000A0 8D 43 FD                        	LEA	EAX,DWORD [-3+EBX]
   101 000000A3 50                              	PUSH	EAX
   102 000000A4 6A 02                           	PUSH	2
   103 000000A6 6A 02                           	PUSH	2
   104 000000A8 6A 08                           	PUSH	8
   105 000000AA 53                              	PUSH	EBX
   106 000000AB FF 75 08                        	PUSH	DWORD [8+EBP]
   107 000000AE E8 [00000000]                   	CALL	_boxfill8
   108 000000B3 8D 43 FC                        	LEA	EAX,DWORD [-4+EBX]
   109 000000B6 6A 14                           	PUSH	20
   110 000000B8 50                              	PUSH	EAX
   111 000000B9 6A 03                           	PUSH	3
   112 000000BB 6A 03                           	PUSH	3
   113 000000BD 6A 0C                           	PUSH	12
   114 000000BF 53                              	PUSH	EBX
   115 000000C0 FF 75 08                        	PUSH	DWORD [8+EBP]
   116 000000C3 E8 [00000000]                   	CALL	_boxfill8
   117 000000C8 83 C4 38                        	ADD	ESP,56
   118 000000CB 56                              	PUSH	ESI
   119 000000CC 57                              	PUSH	EDI
   120 000000CD 56                              	PUSH	ESI
   121 000000CE 6A 01                           	PUSH	1
   122 000000D0 6A 0F                           	PUSH	15
   123 000000D2 53                              	PUSH	EBX
   124 000000D3 FF 75 08                        	PUSH	DWORD [8+EBP]
   125 000000D6 E8 [00000000]                   	CALL	_boxfill8
   126 000000DB FF 75 E8                        	PUSH	DWORD [-24+EBP]
   127 000000DE FF 75 EC                        	PUSH	DWORD [-20+EBP]
   128 000000E1 FF 75 E8                        	PUSH	DWORD [-24+EBP]
   129 000000E4 6A 00                           	PUSH	0
   130 000000E6 6A 00                           	PUSH	0
   131 000000E8 53                              	PUSH	EBX
   132 000000E9 FF 75 08                        	PUSH	DWORD [8+EBP]
   133 000000EC E8 [00000000]                   	CALL	_boxfill8
   134 000000F1 83 C4 38                        	ADD	ESP,56
   135 000000F4 6B F3 05                        	IMUL	ESI,EBX,5
   136 000000F7 6A 24                           	PUSH	36
   137 000000F9 6A 10                           	PUSH	16
   138 000000FB 6A 16                           	PUSH	22
   139 000000FD 6A 02                           	PUSH	2
   140 000000FF 6A 00                           	PUSH	0
   141 00000101 53                              	PUSH	EBX
   142 00000102 FF 75 08                        	PUSH	DWORD [8+EBP]
   143 00000105 E8 [00000000]                   	CALL	_boxfill8
   144 0000010A 6A 24                           	PUSH	36
   145 0000010C 6A 1E                           	PUSH	30
   146 0000010E 6A 16                           	PUSH	22
   147 00000110 6A 10                           	PUSH	16
   148 00000112 6A 01                           	PUSH	1
   149 00000114 53                              	PUSH	EBX
   150 00000115 FF 75 08                        	PUSH	DWORD [8+EBP]
   151 00000118 E8 [00000000]                   	CALL	_boxfill8
   152 0000011D 83 C4 38                        	ADD	ESP,56
   153 00000120 6A 24                           	PUSH	36
   154 00000122 6A 2C                           	PUSH	44
   155 00000124 6A 16                           	PUSH	22
   156 00000126 6A 1E                           	PUSH	30
   157 00000128 6A 02                           	PUSH	2
   158 0000012A 53                              	PUSH	EBX
   159 0000012B FF 75 08                        	PUSH	DWORD [8+EBP]
   160 0000012E E8 [00000000]                   	CALL	_boxfill8
   161 00000133 6A 24                           	PUSH	36
   162 00000135 6A 3A                           	PUSH	58
   163 00000137 6A 16                           	PUSH	22
   164 00000139 6A 2C                           	PUSH	44
   165 0000013B 6A 03                           	PUSH	3
   166 0000013D 53                              	PUSH	EBX
   167 0000013E FF 75 08                        	PUSH	DWORD [8+EBP]
   168 00000141 E8 [00000000]                   	CALL	_boxfill8
   169 00000146 83 C4 38                        	ADD	ESP,56
   170 00000149 6A 24                           	PUSH	36
   171 0000014B 6A 48                           	PUSH	72
   172 0000014D 6A 16                           	PUSH	22
   173 0000014F 6A 3A                           	PUSH	58
   174 00000151 6A 04                           	PUSH	4
   175 00000153 53                              	PUSH	EBX
   176 00000154 FF 75 08                        	PUSH	DWORD [8+EBP]
   177 00000157 E8 [00000000]                   	CALL	_boxfill8
   178 0000015C 6A 24                           	PUSH	36
   179 0000015E 6A 56                           	PUSH	86
   180 00000160 6A 16                           	PUSH	22
   181 00000162 6A 48                           	PUSH	72
   182 00000164 6A 05                           	PUSH	5
   183 00000166 53                              	PUSH	EBX
   184 00000167 FF 75 08                        	PUSH	DWORD [8+EBP]
   185 0000016A E8 [00000000]                   	CALL	_boxfill8
   186 0000016F 83 C4 38                        	ADD	ESP,56
   187 00000172 6A 24                           	PUSH	36
   188 00000174 6A 64                           	PUSH	100
   189 00000176 6A 16                           	PUSH	22
   190 00000178 6A 56                           	PUSH	86
   191 0000017A 6A 06                           	PUSH	6
   192 0000017C 53                              	PUSH	EBX
   193 0000017D FF 75 08                        	PUSH	DWORD [8+EBP]
   194 00000180 E8 [00000000]                   	CALL	_boxfill8
   195 00000185 6A 24                           	PUSH	36
   196 00000187 6A 72                           	PUSH	114
   197 00000189 6A 16                           	PUSH	22
   198 0000018B 6A 64                           	PUSH	100
   199 0000018D 6A 09                           	PUSH	9
   200 0000018F 53                              	PUSH	EBX
   201 00000190 FF 75 08                        	PUSH	DWORD [8+EBP]
   202 00000193 E8 [00000000]                   	CALL	_boxfill8
   203 00000198 83 C4 38                        	ADD	ESP,56
   204 0000019B 6A 24                           	PUSH	36
   205 0000019D 68 00000080                     	PUSH	128
   206 000001A2 6A 16                           	PUSH	22
   207 000001A4 6A 72                           	PUSH	114
   208 000001A6 6A 0A                           	PUSH	10
   209 000001A8 53                              	PUSH	EBX
   210 000001A9 FF 75 08                        	PUSH	DWORD [8+EBP]
   211 000001AC E8 [00000000]                   	CALL	_boxfill8
   212 000001B1 6A 24                           	PUSH	36
   213 000001B3 68 0000008E                     	PUSH	142
   214 000001B8 6A 16                           	PUSH	22
   215 000001BA 68 00000080                     	PUSH	128
   216 000001BF 6A 0B                           	PUSH	11
   217 000001C1 53                              	PUSH	EBX
   218 000001C2 FF 75 08                        	PUSH	DWORD [8+EBP]
   219 000001C5 E8 [00000000]                   	CALL	_boxfill8
   220 000001CA 83 C4 38                        	ADD	ESP,56
   221 000001CD 6A 24                           	PUSH	36
   222 000001CF 68 0000009C                     	PUSH	156
   223 000001D4 6A 16                           	PUSH	22
   224 000001D6 68 0000008E                     	PUSH	142
   225 000001DB 6A 0C                           	PUSH	12
   226 000001DD 53                              	PUSH	EBX
   227 000001DE FF 75 08                        	PUSH	DWORD [8+EBP]
   228 000001E1 E8 [00000000]                   	CALL	_boxfill8
   229 000001E6 6A 32                           	PUSH	50
   230 000001E8 6A 10                           	PUSH	16
   231 000001EA 6A 24                           	PUSH	36
   232 000001EC 6A 02                           	PUSH	2
   233 000001EE 6A 0E                           	PUSH	14
   234 000001F0 53                              	PUSH	EBX
   235 000001F1 FF 75 08                        	PUSH	DWORD [8+EBP]
   236 000001F4 E8 [00000000]                   	CALL	_boxfill8
   237 000001F9 83 C4 38                        	ADD	ESP,56
   238 000001FC 6A 32                           	PUSH	50
   239 000001FE 6A 1E                           	PUSH	30
   240 00000200 6A 24                           	PUSH	36
   241 00000202 6A 10                           	PUSH	16
   242 00000204 6A 11                           	PUSH	17
   243 00000206 53                              	PUSH	EBX
   244 00000207 FF 75 08                        	PUSH	DWORD [8+EBP]
   245 0000020A E8 [00000000]                   	CALL	_boxfill8
   246 0000020F 6A 32                           	PUSH	50
   247 00000211 6A 2C                           	PUSH	44
   248 00000213 6A 24                           	PUSH	36
   249 00000215 6A 1E                           	PUSH	30
   250 00000217 6A 12                           	PUSH	18
   251 00000219 53                              	PUSH	EBX
   252 0000021A FF 75 08                        	PUSH	DWORD [8+EBP]
   253 0000021D E8 [00000000]                   	CALL	_boxfill8
   254 00000222 83 C4 38                        	ADD	ESP,56
   255 00000225 6A 32                           	PUSH	50
   256 00000227 6A 3A                           	PUSH	58
   257 00000229 6A 24                           	PUSH	36
   258 0000022B 6A 2C                           	PUSH	44
   259 0000022D 6A 13                           	PUSH	19
   260 0000022F 53                              	PUSH	EBX
   261 00000230 FF 75 08                        	PUSH	DWORD [8+EBP]
   262 00000233 E8 [00000000]                   	CALL	_boxfill8
   263 00000238 6A 32                           	PUSH	50
   264 0000023A 6A 48                           	PUSH	72
   265 0000023C 6A 24                           	PUSH	36
   266 0000023E 6A 3A                           	PUSH	58
   267 00000240 6A 14                           	PUSH	20
   268 00000242 53                              	PUSH	EBX
   269 00000243 FF 75 08                        	PUSH	DWORD [8+EBP]
   270 00000246 E8 [00000000]                   	CALL	_boxfill8
   271 0000024B 83 C4 38                        	ADD	ESP,56
   272 0000024E 6A 32                           	PUSH	50
   273 00000250 6A 56                           	PUSH	86
   274 00000252 6A 24                           	PUSH	36
   275 00000254 6A 48                           	PUSH	72
   276 00000256 6A 15                           	PUSH	21
   277 00000258 53                              	PUSH	EBX
   278 00000259 FF 75 08                        	PUSH	DWORD [8+EBP]
   279 0000025C E8 [00000000]                   	CALL	_boxfill8
   280 00000261 6A 32                           	PUSH	50
   281 00000263 6A 64                           	PUSH	100
   282 00000265 6A 24                           	PUSH	36
   283 00000267 6A 56                           	PUSH	86
   284 00000269 6A 16                           	PUSH	22
   285 0000026B 53                              	PUSH	EBX
   286 0000026C FF 75 08                        	PUSH	DWORD [8+EBP]
   287 0000026F E8 [00000000]                   	CALL	_boxfill8
   288 00000274 83 C4 38                        	ADD	ESP,56
   289 00000277 6A 32                           	PUSH	50
   290 00000279 6A 72                           	PUSH	114
   291 0000027B 6A 24                           	PUSH	36
   292 0000027D 6A 64                           	PUSH	100
   293 0000027F 6A 17                           	PUSH	23
   294 00000281 53                              	PUSH	EBX
   295 00000282 FF 75 08                        	PUSH	DWORD [8+EBP]
   296 00000285 E8 [00000000]                   	CALL	_boxfill8
   297 0000028A 6A 32                           	PUSH	50
   298 0000028C 68 00000080                     	PUSH	128
   299 00000291 6A 24                           	PUSH	36
   300 00000293 6A 72                           	PUSH	114
   301 00000295 6A 18                           	PUSH	24
   302 00000297 53                              	PUSH	EBX
   303 00000298 FF 75 08                        	PUSH	DWORD [8+EBP]
   304 0000029B E8 [00000000]                   	CALL	_boxfill8
   305 000002A0 83 C4 38                        	ADD	ESP,56
   306 000002A3 6A 32                           	PUSH	50
   307 000002A5 68 0000008E                     	PUSH	142
   308 000002AA 6A 24                           	PUSH	36
   309 000002AC 68 00000080                     	PUSH	128
   310 000002B1 6A 19                           	PUSH	25
   311 000002B3 53                              	PUSH	EBX
   312 000002B4 FF 75 08                        	PUSH	DWORD [8+EBP]
   313 000002B7 E8 [00000000]                   	CALL	_boxfill8
   314 000002BC 6A 32                           	PUSH	50
   315 000002BE 68 0000009C                     	PUSH	156
   316 000002C3 6A 24                           	PUSH	36
   317 000002C5 68 0000008E                     	PUSH	142
   318 000002CA 6A 07                           	PUSH	7
   319 000002CC 53                              	PUSH	EBX
   320 000002CD FF 75 08                        	PUSH	DWORD [8+EBP]
   321 000002D0 E8 [00000000]                   	CALL	_boxfill8
   322 000002D5 83 C4 38                        	ADD	ESP,56
   323 000002D8 FF 75 14                        	PUSH	DWORD [20+EBP]
   324 000002DB 6A 07                           	PUSH	7
   325 000002DD 6A 04                           	PUSH	4
   326 000002DF 6A 18                           	PUSH	24
   327 000002E1 53                              	PUSH	EBX
   328 000002E2 FF 75 08                        	PUSH	DWORD [8+EBP]
   329 000002E5 E8 [00000000]                   	CALL	_putfonts8_asc
   330 000002EA 83 C4 18                        	ADD	ESP,24
   331 000002ED C7 45 F0 00000000               	MOV	DWORD [-16+EBP],0
   332 000002F4 C7 45 E0 00000000               	MOV	DWORD [-32+EBP],0
   333 000002FB                                 L17:
   334 000002FB 8D 04 1E                        	LEA	EAX,DWORD [ESI+EBX*1]
   335 000002FE 8B 55 08                        	MOV	EDX,DWORD [8+EBP]
   336 00000301 31 FF                           	XOR	EDI,EDI
   337 00000303 8D 4C 02 EB                     	LEA	ECX,DWORD [-21+EDX+EAX*1]
   338 00000307                                 L16:
   339 00000307 8B 45 E0                        	MOV	EAX,DWORD [-32+EBP]
   340 0000030A 8A 94 07 [00000000]             	MOV	DL,BYTE [_closebtn.0+EDI+EAX*1]
   341 00000311 80 FA 40                        	CMP	DL,64
   342 00000314 74 33                           	JE	L22
   343 00000316 80 FA 24                        	CMP	DL,36
   344 00000319 74 2A                           	JE	L23
   345 0000031B 80 FA 51                        	CMP	DL,81
   346 0000031E B2 08                           	MOV	DL,8
   347 00000320 0F 95 C0                        	SETNE	AL
   348 00000323 28 C2                           	SUB	DL,AL
   349 00000325                                 L11:
   350 00000325 47                              	INC	EDI
   351 00000326 88 11                           	MOV	BYTE [ECX],DL
   352 00000328 41                              	INC	ECX
   353 00000329 83 FF 0F                        	CMP	EDI,15
   354 0000032C 7E D9                           	JLE	L16
   355 0000032E FF 45 F0                        	INC	DWORD [-16+EBP]
   356 00000331 01 DE                           	ADD	ESI,EBX
   357 00000333 83 45 E0 10                     	ADD	DWORD [-32+EBP],16
   358 00000337 83 7D F0 0D                     	CMP	DWORD [-16+EBP],13
   359 0000033B 7E BE                           	JLE	L17
   360 0000033D 8D 65 F4                        	LEA	ESP,DWORD [-12+EBP]
   361 00000340 5B                              	POP	EBX
   362 00000341 5E                              	POP	ESI
   363 00000342 5F                              	POP	EDI
   364 00000343 5D                              	POP	EBP
   365 00000344 C3                              	RET
   366 00000345                                 L23:
   367 00000345 B2 0F                           	MOV	DL,15
   368 00000347 EB DC                           	JMP	L11
   369 00000349                                 L22:
   370 00000349 31 D2                           	XOR	EDX,EDX
   371 0000034B EB D8                           	JMP	L11
   372                                          [SECTION .data]
   373 000000E0                                 _closebtn.1:
   374 000000E0 4F 4F 4F 4F 4F 4F 4F 4F 4F 4F   	DB	"OOOOOOOOOOOOOOO@"
       000000EA 4F 4F 4F 4F 4F 40 
   375 000000F0 4F 51 51 51 51 51 51 51 51 51   	DB	"OQQQQQQQQQQQQQ$@"
       000000FA 51 51 51 51 24 40 
   376 00000100 4F 51 51 51 51 51 51 51 51 51   	DB	"OQQQQQQQQQQQQQ$@"
       0000010A 51 51 51 51 24 40 
   377 00000110 4F 51 51 51 40 40 51 51 51 51   	DB	"OQQQ@@QQQQ@@QQ$@"
       0000011A 40 40 51 51 24 40 
   378 00000120 4F 51 51 51 51 40 40 51 51 40   	DB	"OQQQQ@@QQ@@QQQ$@"
       0000012A 40 51 51 51 24 40 
   379 00000130 4F 51 51 51 51 51 40 40 40 40   	DB	"OQQQQQ@@@@QQQQ$@"
       0000013A 51 51 51 51 24 40 
   380 00000140 4F 51 51 51 51 51 51 40 40 51   	DB	"OQQQQQQ@@QQQQQ$@"
       0000014A 51 51 51 51 24 40 
   381 00000150 4F 51 51 51 51 51 40 40 40 40   	DB	"OQQQQQ@@@@QQQQ$@"
       0000015A 51 51 51 51 24 40 
   382 00000160 4F 51 51 51 51 40 40 51 51 40   	DB	"OQQQQ@@QQ@@QQQ$@"
       0000016A 40 51 51 51 24 40 
   383 00000170 4F 51 51 51 40 40 51 51 51 51   	DB	"OQQQ@@QQQQ@@QQ$@"
       0000017A 40 40 51 51 24 40 
   384 00000180 4F 51 51 51 51 51 51 51 51 51   	DB	"OQQQQQQQQQQQQQ$@"
       0000018A 51 51 51 51 24 40 
   385 00000190 4F 51 51 51 51 51 51 51 51 51   	DB	"OQQQQQQQQQQQQQ$@"
       0000019A 51 51 51 51 24 40 
   386 000001A0 4F 24 24 24 24 24 24 24 24 24   	DB	"O$$$$$$$$$$$$$$@"
       000001AA 24 24 24 24 24 40 
   387 000001B0 40 40 40 40 40 40 40 40 40 40   	DB	"@@@@@@@@@@@@@@@@"
       000001BA 40 40 40 40 40 40 
   388                                          [SECTION .text]
   389 0000034D                                 	GLOBAL	_make_window7
   390 0000034D                                 _make_window7:
   391 0000034D 55                              	PUSH	EBP
   392 0000034E 89 E5                           	MOV	EBP,ESP
   393 00000350 57                              	PUSH	EDI
   394 00000351 56                              	PUSH	ESI
   395 00000352 53                              	PUSH	EBX
   396 00000353 83 EC 14                        	SUB	ESP,20
   397 00000356 8B 5D 0C                        	MOV	EBX,DWORD [12+EBP]
   398 00000359 6A 00                           	PUSH	0
   399 0000035B 8D 43 FF                        	LEA	EAX,DWORD [-1+EBX]
   400 0000035E 8D 7B FE                        	LEA	EDI,DWORD [-2+EBX]
   401 00000361 50                              	PUSH	EAX
   402 00000362 89 45 EC                        	MOV	DWORD [-20+EBP],EAX
   403 00000365 6A 00                           	PUSH	0
   404 00000367 6A 00                           	PUSH	0
   405 00000369 6A 08                           	PUSH	8
   406 0000036B 53                              	PUSH	EBX
   407 0000036C FF 75 08                        	PUSH	DWORD [8+EBP]
   408 0000036F E8 [00000000]                   	CALL	_boxfill8
   409 00000374 6A 01                           	PUSH	1
   410 00000376 57                              	PUSH	EDI
   411 00000377 6A 01                           	PUSH	1
   412 00000379 6A 01                           	PUSH	1
   413 0000037B 6A 07                           	PUSH	7
   414 0000037D 53                              	PUSH	EBX
   415 0000037E FF 75 08                        	PUSH	DWORD [8+EBP]
   416 00000381 E8 [00000000]                   	CALL	_boxfill8
   417 00000386 8B 55 10                        	MOV	EDX,DWORD [16+EBP]
   418 00000389 83 C4 38                        	ADD	ESP,56
   419 0000038C 4A                              	DEC	EDX
   420 0000038D 89 55 E8                        	MOV	DWORD [-24+EBP],EDX
   421 00000390 52                              	PUSH	EDX
   422 00000391 6A 00                           	PUSH	0
   423 00000393 6A 00                           	PUSH	0
   424 00000395 6A 00                           	PUSH	0
   425 00000397 6A 08                           	PUSH	8
   426 00000399 53                              	PUSH	EBX
   427 0000039A FF 75 08                        	PUSH	DWORD [8+EBP]
   428 0000039D E8 [00000000]                   	CALL	_boxfill8
   429 000003A2 8B 75 10                        	MOV	ESI,DWORD [16+EBP]
   430 000003A5 83 EE 02                        	SUB	ESI,2
   431 000003A8 56                              	PUSH	ESI
   432 000003A9 6A 01                           	PUSH	1
   433 000003AB 6A 01                           	PUSH	1
   434 000003AD 6A 01                           	PUSH	1
   435 000003AF 6A 07                           	PUSH	7
   436 000003B1 53                              	PUSH	EBX
   437 000003B2 FF 75 08                        	PUSH	DWORD [8+EBP]
   438 000003B5 E8 [00000000]                   	CALL	_boxfill8
   439 000003BA 83 C4 38                        	ADD	ESP,56
   440 000003BD 56                              	PUSH	ESI
   441 000003BE 57                              	PUSH	EDI
   442 000003BF 6A 01                           	PUSH	1
   443 000003C1 57                              	PUSH	EDI
   444 000003C2 6A 0F                           	PUSH	15
   445 000003C4 53                              	PUSH	EBX
   446 000003C5 FF 75 08                        	PUSH	DWORD [8+EBP]
   447 000003C8 E8 [00000000]                   	CALL	_boxfill8
   448 000003CD FF 75 E8                        	PUSH	DWORD [-24+EBP]
   449 000003D0 FF 75 EC                        	PUSH	DWORD [-20+EBP]
   450 000003D3 6A 00                           	PUSH	0
   451 000003D5 FF 75 EC                        	PUSH	DWORD [-20+EBP]
   452 000003D8 6A 00                           	PUSH	0
   453 000003DA 53                              	PUSH	EBX
   454 000003DB FF 75 08                        	PUSH	DWORD [8+EBP]
   455 000003DE E8 [00000000]                   	CALL	_boxfill8
   456 000003E3 8B 45 10                        	MOV	EAX,DWORD [16+EBP]
   457 000003E6 83 C4 38                        	ADD	ESP,56
   458 000003E9 83 E8 03                        	SUB	EAX,3
   459 000003EC 50                              	PUSH	EAX
   460 000003ED 8D 43 FD                        	LEA	EAX,DWORD [-3+EBX]
   461 000003F0 50                              	PUSH	EAX
   462 000003F1 6A 02                           	PUSH	2
   463 000003F3 6A 02                           	PUSH	2
   464 000003F5 6A 08                           	PUSH	8
   465 000003F7 53                              	PUSH	EBX
   466 000003F8 FF 75 08                        	PUSH	DWORD [8+EBP]
   467 000003FB E8 [00000000]                   	CALL	_boxfill8
   468 00000400 8D 43 FC                        	LEA	EAX,DWORD [-4+EBX]
   469 00000403 6A 14                           	PUSH	20
   470 00000405 50                              	PUSH	EAX
   471 00000406 6A 03                           	PUSH	3
   472 00000408 6A 03                           	PUSH	3
   473 0000040A 6A 0C                           	PUSH	12
   474 0000040C 53                              	PUSH	EBX
   475 0000040D FF 75 08                        	PUSH	DWORD [8+EBP]
   476 00000410 E8 [00000000]                   	CALL	_boxfill8
   477 00000415 83 C4 38                        	ADD	ESP,56
   478 00000418 56                              	PUSH	ESI
   479 00000419 57                              	PUSH	EDI
   480 0000041A 56                              	PUSH	ESI
   481 0000041B 6A 01                           	PUSH	1
   482 0000041D 6A 0F                           	PUSH	15
   483 0000041F 53                              	PUSH	EBX
   484 00000420 FF 75 08                        	PUSH	DWORD [8+EBP]
   485 00000423 E8 [00000000]                   	CALL	_boxfill8
   486 00000428 FF 75 E8                        	PUSH	DWORD [-24+EBP]
   487 0000042B FF 75 EC                        	PUSH	DWORD [-20+EBP]
   488 0000042E FF 75 E8                        	PUSH	DWORD [-24+EBP]
   489 00000431 6A 00                           	PUSH	0
   490 00000433 6A 00                           	PUSH	0
   491 00000435 6B F3 05                        	IMUL	ESI,EBX,5
   492 00000438 53                              	PUSH	EBX
   493 00000439 FF 75 08                        	PUSH	DWORD [8+EBP]
   494 0000043C E8 [00000000]                   	CALL	_boxfill8
   495 00000441 83 C4 38                        	ADD	ESP,56
   496 00000444 FF 75 14                        	PUSH	DWORD [20+EBP]
   497 00000447 6A 07                           	PUSH	7
   498 00000449 6A 04                           	PUSH	4
   499 0000044B 6A 18                           	PUSH	24
   500 0000044D 53                              	PUSH	EBX
   501 0000044E FF 75 08                        	PUSH	DWORD [8+EBP]
   502 00000451 E8 [00000000]                   	CALL	_putfonts8_asc
   503 00000456 83 C4 18                        	ADD	ESP,24
   504 00000459 C7 45 F0 00000000               	MOV	DWORD [-16+EBP],0
   505 00000460 C7 45 E0 00000000               	MOV	DWORD [-32+EBP],0
   506 00000467                                 L40:
   507 00000467 8D 04 1E                        	LEA	EAX,DWORD [ESI+EBX*1]
   508 0000046A 8B 55 08                        	MOV	EDX,DWORD [8+EBP]
   509 0000046D 31 FF                           	XOR	EDI,EDI
   510 0000046F 8D 4C 02 EB                     	LEA	ECX,DWORD [-21+EDX+EAX*1]
   511 00000473                                 L39:
   512 00000473 8B 45 E0                        	MOV	EAX,DWORD [-32+EBP]
   513 00000476 8A 94 07 [000000E0]             	MOV	DL,BYTE [_closebtn.1+EDI+EAX*1]
   514 0000047D 80 FA 40                        	CMP	DL,64
   515 00000480 74 33                           	JE	L45
   516 00000482 80 FA 24                        	CMP	DL,36
   517 00000485 74 2A                           	JE	L46
   518 00000487 80 FA 51                        	CMP	DL,81
   519 0000048A B2 08                           	MOV	DL,8
   520 0000048C 0F 95 C0                        	SETNE	AL
   521 0000048F 28 C2                           	SUB	DL,AL
   522 00000491                                 L34:
   523 00000491 47                              	INC	EDI
   524 00000492 88 11                           	MOV	BYTE [ECX],DL
   525 00000494 41                              	INC	ECX
   526 00000495 83 FF 0F                        	CMP	EDI,15
   527 00000498 7E D9                           	JLE	L39
   528 0000049A FF 45 F0                        	INC	DWORD [-16+EBP]
   529 0000049D 01 DE                           	ADD	ESI,EBX
   530 0000049F 83 45 E0 10                     	ADD	DWORD [-32+EBP],16
   531 000004A3 83 7D F0 0D                     	CMP	DWORD [-16+EBP],13
   532 000004A7 7E BE                           	JLE	L40
   533 000004A9 8D 65 F4                        	LEA	ESP,DWORD [-12+EBP]
   534 000004AC 5B                              	POP	EBX
   535 000004AD 5E                              	POP	ESI
   536 000004AE 5F                              	POP	EDI
   537 000004AF 5D                              	POP	EBP
   538 000004B0 C3                              	RET
   539 000004B1                                 L46:
   540 000004B1 B2 0F                           	MOV	DL,15
   541 000004B3 EB DC                           	JMP	L34
   542 000004B5                                 L45:
   543 000004B5 31 D2                           	XOR	EDX,EDX
   544 000004B7 EB D8                           	JMP	L34
   545 000004B9                                 	GLOBAL	_make_window8
   546 000004B9                                 _make_window8:
   547 000004B9 55                              	PUSH	EBP
   548 000004BA 89 E5                           	MOV	EBP,ESP
   549 000004BC 57                              	PUSH	EDI
   550 000004BD 56                              	PUSH	ESI
   551 000004BE 53                              	PUSH	EBX
   552 000004BF 83 EC 18                        	SUB	ESP,24
   553 000004C2 8B 45 10                        	MOV	EAX,DWORD [16+EBP]
   554 000004C5 8B 5D 0C                        	MOV	EBX,DWORD [12+EBP]
   555 000004C8 89 45 F0                        	MOV	DWORD [-16+EBP],EAX
   556 000004CB 8B 75 08                        	MOV	ESI,DWORD [8+EBP]
   557 000004CE 8B 45 14                        	MOV	EAX,DWORD [20+EBP]
   558 000004D1 89 45 EC                        	MOV	DWORD [-20+EBP],EAX
   559 000004D4 0F BE 45 18                     	MOVSX	EAX,BYTE [24+EBP]
   560 000004D8 89 45 E8                        	MOV	DWORD [-24+EBP],EAX
   561 000004DB 8D 43 FF                        	LEA	EAX,DWORD [-1+EBX]
   562 000004DE 6A 00                           	PUSH	0
   563 000004E0 89 45 E4                        	MOV	DWORD [-28+EBP],EAX
   564 000004E3 50                              	PUSH	EAX
   565 000004E4 6A 00                           	PUSH	0
   566 000004E6 6A 00                           	PUSH	0
   567 000004E8 6A 07                           	PUSH	7
   568 000004EA 53                              	PUSH	EBX
   569 000004EB 56                              	PUSH	ESI
   570 000004EC E8 [00000000]                   	CALL	_boxfill8
   571 000004F1 6A 00                           	PUSH	0
   572 000004F3 FF 75 E4                        	PUSH	DWORD [-28+EBP]
   573 000004F6 6A 00                           	PUSH	0
   574 000004F8 6A 00                           	PUSH	0
   575 000004FA 68 000000D0                     	PUSH	208
   576 000004FF 53                              	PUSH	EBX
   577 00000500 56                              	PUSH	ESI
   578 00000501 E8 [00000000]                   	CALL	_boxfill8
   579 00000506 8D 43 FE                        	LEA	EAX,DWORD [-2+EBX]
   580 00000509 83 C4 38                        	ADD	ESP,56
   581 0000050C 6A 01                           	PUSH	1
   582 0000050E 89 45 E0                        	MOV	DWORD [-32+EBP],EAX
   583 00000511 50                              	PUSH	EAX
   584 00000512 6A 01                           	PUSH	1
   585 00000514 6A 01                           	PUSH	1
   586 00000516 68 000000D0                     	PUSH	208
   587 0000051B 53                              	PUSH	EBX
   588 0000051C 56                              	PUSH	ESI
   589 0000051D E8 [00000000]                   	CALL	_boxfill8
   590 00000522 8B 45 F0                        	MOV	EAX,DWORD [-16+EBP]
   591 00000525 48                              	DEC	EAX
   592 00000526 89 45 DC                        	MOV	DWORD [-36+EBP],EAX
   593 00000529 50                              	PUSH	EAX
   594 0000052A 6A 00                           	PUSH	0
   595 0000052C 6A 00                           	PUSH	0
   596 0000052E 6A 00                           	PUSH	0
   597 00000530 68 000000D0                     	PUSH	208
   598 00000535 53                              	PUSH	EBX
   599 00000536 56                              	PUSH	ESI
   600 00000537 E8 [00000000]                   	CALL	_boxfill8
   601 0000053C 8B 7D F0                        	MOV	EDI,DWORD [-16+EBP]
   602 0000053F 83 C4 38                        	ADD	ESP,56
   603 00000542 83 EF 02                        	SUB	EDI,2
   604 00000545 57                              	PUSH	EDI
   605 00000546 6A 01                           	PUSH	1
   606 00000548 6A 01                           	PUSH	1
   607 0000054A 6A 01                           	PUSH	1
   608 0000054C 68 000000D0                     	PUSH	208
   609 00000551 53                              	PUSH	EBX
   610 00000552 56                              	PUSH	ESI
   611 00000553 E8 [00000000]                   	CALL	_boxfill8
   612 00000558 57                              	PUSH	EDI
   613 00000559 FF 75 E0                        	PUSH	DWORD [-32+EBP]
   614 0000055C 6A 01                           	PUSH	1
   615 0000055E FF 75 E0                        	PUSH	DWORD [-32+EBP]
   616 00000561 68 000000D0                     	PUSH	208
   617 00000566 53                              	PUSH	EBX
   618 00000567 56                              	PUSH	ESI
   619 00000568 E8 [00000000]                   	CALL	_boxfill8
   620 0000056D 83 C4 38                        	ADD	ESP,56
   621 00000570 FF 75 DC                        	PUSH	DWORD [-36+EBP]
   622 00000573 FF 75 E4                        	PUSH	DWORD [-28+EBP]
   623 00000576 6A 00                           	PUSH	0
   624 00000578 FF 75 E4                        	PUSH	DWORD [-28+EBP]
   625 0000057B 68 000000D0                     	PUSH	208
   626 00000580 53                              	PUSH	EBX
   627 00000581 56                              	PUSH	ESI
   628 00000582 E8 [00000000]                   	CALL	_boxfill8
   629 00000587 8B 45 F0                        	MOV	EAX,DWORD [-16+EBP]
   630 0000058A 83 E8 03                        	SUB	EAX,3
   631 0000058D 50                              	PUSH	EAX
   632 0000058E 8D 43 FD                        	LEA	EAX,DWORD [-3+EBX]
   633 00000591 50                              	PUSH	EAX
   634 00000592 6A 02                           	PUSH	2
   635 00000594 6A 02                           	PUSH	2
   636 00000596 6A 07                           	PUSH	7
   637 00000598 53                              	PUSH	EBX
   638 00000599 56                              	PUSH	ESI
   639 0000059A E8 [00000000]                   	CALL	_boxfill8
   640 0000059F 8D 43 FC                        	LEA	EAX,DWORD [-4+EBX]
   641 000005A2 83 C4 38                        	ADD	ESP,56
   642 000005A5 6A 14                           	PUSH	20
   643 000005A7 50                              	PUSH	EAX
   644 000005A8 6A 03                           	PUSH	3
   645 000005AA 6A 03                           	PUSH	3
   646 000005AC 6A 07                           	PUSH	7
   647 000005AE 53                              	PUSH	EBX
   648 000005AF 56                              	PUSH	ESI
   649 000005B0 E8 [00000000]                   	CALL	_boxfill8
   650 000005B5 57                              	PUSH	EDI
   651 000005B6 FF 75 E0                        	PUSH	DWORD [-32+EBP]
   652 000005B9 57                              	PUSH	EDI
   653 000005BA 6A 01                           	PUSH	1
   654 000005BC 68 000000D0                     	PUSH	208
   655 000005C1 53                              	PUSH	EBX
   656 000005C2 56                              	PUSH	ESI
   657 000005C3 E8 [00000000]                   	CALL	_boxfill8
   658 000005C8 83 C4 38                        	ADD	ESP,56
   659 000005CB FF 75 DC                        	PUSH	DWORD [-36+EBP]
   660 000005CE FF 75 E4                        	PUSH	DWORD [-28+EBP]
   661 000005D1 FF 75 DC                        	PUSH	DWORD [-36+EBP]
   662 000005D4 6A 00                           	PUSH	0
   663 000005D6 68 000000D0                     	PUSH	208
   664 000005DB 53                              	PUSH	EBX
   665 000005DC 56                              	PUSH	ESI
   666 000005DD E8 [00000000]                   	CALL	_boxfill8
   667 000005E2 89 75 08                        	MOV	DWORD [8+EBP],ESI
   668 000005E5 8B 45 E8                        	MOV	EAX,DWORD [-24+EBP]
   669 000005E8 89 5D 0C                        	MOV	DWORD [12+EBP],EBX
   670 000005EB 89 45 14                        	MOV	DWORD [20+EBP],EAX
   671 000005EE 83 C4 1C                        	ADD	ESP,28
   672 000005F1 8B 45 EC                        	MOV	EAX,DWORD [-20+EBP]
   673 000005F4 89 45 10                        	MOV	DWORD [16+EBP],EAX
   674 000005F7 8D 65 F4                        	LEA	ESP,DWORD [-12+EBP]
   675 000005FA 5B                              	POP	EBX
   676 000005FB 5E                              	POP	ESI
   677 000005FC 5F                              	POP	EDI
   678 000005FD 5D                              	POP	EBP
   679 000005FE EB 00                           	JMP	_make_wtitle8
   680                                          [SECTION .data]
   681 000001C0                                 _closebtn.2:
   682 000001C0 51 51 51 51 51 51 24 24 24 24   	DB	"QQQQQQ$$$$QQQQQQ"
       000001CA 51 51 51 51 51 51 
   683 000001D0 51 51 51 51 24 24 24 24 24 24   	DB	"QQQQ$$$$$$$$QQQQ"
       000001DA 24 24 51 51 51 51 
   684 000001E0 51 51 51 24 24 24 24 24 24 24   	DB	"QQQ$$$$$$$$$$QQQ"
       000001EA 24 24 24 51 51 51 
   685 000001F0 51 51 24 24 40 40 24 24 24 24   	DB	"QQ$$@@$$$$@@$$QQ"
       000001FA 40 40 24 24 51 51 
   686 00000200 51 51 24 24 24 40 40 24 24 40   	DB	"QQ$$$@@$$@@$$$QQ"
       0000020A 40 24 24 24 51 51 
   687 00000210 51 24 24 24 24 24 40 40 40 40   	DB	"Q$$$$$@@@@$$$$$Q"
       0000021A 24 24 24 24 24 51 
   688 00000220 51 24 24 24 24 24 24 40 40 24   	DB	"Q$$$$$$@@$$$$$$Q"
       0000022A 24 24 24 24 24 51 
   689 00000230 51 24 24 24 24 24 40 40 40 40   	DB	"Q$$$$$@@@@$$$$$Q"
       0000023A 24 24 24 24 24 51 
   690 00000240 51 24 24 24 24 40 40 24 24 40   	DB	"Q$$$$@@$$@@$$$$Q"
       0000024A 40 24 24 24 24 51 
   691 00000250 51 51 24 24 40 40 24 24 24 24   	DB	"QQ$$@@$$$$@@$$QQ"
       0000025A 40 40 24 24 51 51 
   692 00000260 51 51 24 24 24 24 24 24 24 24   	DB	"QQ$$$$$$$$$$$$QQ"
       0000026A 24 24 24 24 51 51 
   693 00000270 51 51 51 24 24 24 24 24 24 24   	DB	"QQQ$$$$$$$$$$QQQ"
       0000027A 24 24 24 51 51 51 
   694 00000280 51 51 51 51 24 24 24 24 24 24   	DB	"QQQQ$$$$$$$$QQQQ"
       0000028A 24 24 51 51 51 51 
   695 00000290 51 51 51 51 51 51 24 24 24 24   	DB	"QQQQQQ$$$$QQQQQQ"
       0000029A 51 51 51 51 51 51 
   696                                          [SECTION .text]
   697 00000600                                 	GLOBAL	_make_wtitle8
   698 00000600                                 _make_wtitle8:
   699 00000600 55                              	PUSH	EBP
   700 00000601 89 E5                           	MOV	EBP,ESP
   701 00000603 57                              	PUSH	EDI
   702 00000604 56                              	PUSH	ESI
   703 00000605 53                              	PUSH	EBX
   704 00000606 50                              	PUSH	EAX
   705 00000607 8B 7D 0C                        	MOV	EDI,DWORD [12+EBP]
   706 0000060A 6A 14                           	PUSH	20
   707 0000060C 80 7D 14 00                     	CMP	BYTE [20+EBP],0
   708 00000610 8D 47 FC                        	LEA	EAX,DWORD [-4+EDI]
   709 00000613 50                              	PUSH	EAX
   710 00000614 6A 03                           	PUSH	3
   711 00000616 6A 03                           	PUSH	3
   712 00000618 6A 07                           	PUSH	7
   713 0000061A 57                              	PUSH	EDI
   714 0000061B 0F 95 C3                        	SETNE	BL
   715 0000061E FF 75 08                        	PUSH	DWORD [8+EBP]
   716 00000621 C1 E3 03                        	SAL	EBX,3
   717 00000624 E8 [00000000]                   	CALL	_boxfill8
   718 00000629 0F BE DB                        	MOVSX	EBX,BL
   719 0000062C FF 75 10                        	PUSH	DWORD [16+EBP]
   720 0000062F 53                              	PUSH	EBX
   721 00000630 31 F6                           	XOR	ESI,ESI
   722 00000632 6A 04                           	PUSH	4
   723 00000634 6A 18                           	PUSH	24
   724 00000636 57                              	PUSH	EDI
   725 00000637 FF 75 08                        	PUSH	DWORD [8+EBP]
   726 0000063A E8 [00000000]                   	CALL	_putfonts8_asc
   727 0000063F 83 C4 34                        	ADD	ESP,52
   728 00000642 6B CF 05                        	IMUL	ECX,EDI,5
   729 00000645 C7 45 F0 00000000               	MOV	DWORD [-16+EBP],0
   730 0000064C                                 L66:
   731 0000064C 8D 14 39                        	LEA	EDX,DWORD [ECX+EDI*1]
   732 0000064F 8B 45 08                        	MOV	EAX,DWORD [8+EBP]
   733 00000652 31 DB                           	XOR	EBX,EBX
   734 00000654 8D 54 10 EB                     	LEA	EDX,DWORD [-21+EAX+EDX*1]
   735 00000658                                 L65:
   736 00000658 8A 84 33 [000001C0]             	MOV	AL,BYTE [_closebtn.2+EBX+ESI*1]
   737 0000065F 3C 40                           	CMP	AL,64
   738 00000661 74 04                           	JE	L61
   739 00000663 3C 24                           	CMP	AL,36
   740 00000665 74 21                           	JE	L71
   741 00000667                                 L61:
   742 00000667 B0 07                           	MOV	AL,7
   743 00000669                                 L60:
   744 00000669 43                              	INC	EBX
   745 0000066A 88 02                           	MOV	BYTE [EDX],AL
   746 0000066C 42                              	INC	EDX
   747 0000066D 83 FB 0F                        	CMP	EBX,15
   748 00000670 7E E6                           	JLE	L65
   749 00000672 FF 45 F0                        	INC	DWORD [-16+EBP]
   750 00000675 01 F9                           	ADD	ECX,EDI
   751 00000677 83 C6 10                        	ADD	ESI,16
   752 0000067A 83 7D F0 0D                     	CMP	DWORD [-16+EBP],13
   753 0000067E 7E CC                           	JLE	L66
   754 00000680 8D 65 F4                        	LEA	ESP,DWORD [-12+EBP]
   755 00000683 5B                              	POP	EBX
   756 00000684 5E                              	POP	ESI
   757 00000685 5F                              	POP	EDI
   758 00000686 5D                              	POP	EBP
   759 00000687 C3                              	RET
   760 00000688                                 L71:
   761 00000688 B0 01                           	MOV	AL,1
   762 0000068A EB DD                           	JMP	L60
   763 0000068C                                 	GLOBAL	_putfonts8_asc_sht
   764 0000068C                                 _putfonts8_asc_sht:
   765 0000068C 55                              	PUSH	EBP
   766 0000068D 89 E5                           	MOV	EBP,ESP
   767 0000068F 57                              	PUSH	EDI
   768 00000690 56                              	PUSH	ESI
   769 00000691 53                              	PUSH	EBX
   770 00000692 83 EC 18                        	SUB	ESP,24
   771 00000695 8B 45 0C                        	MOV	EAX,DWORD [12+EBP]
   772 00000698 8B 55 14                        	MOV	EDX,DWORD [20+EBP]
   773 0000069B 8B 4D 1C                        	MOV	ECX,DWORD [28+EBP]
   774 0000069E 89 45 F0                        	MOV	DWORD [-16+EBP],EAX
   775 000006A1 8B 45 20                        	MOV	EAX,DWORD [32+EBP]
   776 000006A4 89 55 EC                        	MOV	DWORD [-20+EBP],EDX
   777 000006A7 89 4D E8                        	MOV	DWORD [-24+EBP],ECX
   778 000006AA 89 45 E4                        	MOV	DWORD [-28+EBP],EAX
   779 000006AD 8B 7D 08                        	MOV	EDI,DWORD [8+EBP]
   780 000006B0 8B 75 10                        	MOV	ESI,DWORD [16+EBP]
   781 000006B3 8B 5D 18                        	MOV	EBX,DWORD [24+EBP]
   782 000006B6 E8 [00000000]                   	CALL	_task_now
   783 000006BB 0F B6 DB                        	MOVZX	EBX,BL
   784 000006BE 89 45 E0                        	MOV	DWORD [-32+EBP],EAX
   785 000006C1 8D 46 0F                        	LEA	EAX,DWORD [15+ESI]
   786 000006C4 50                              	PUSH	EAX
   787 000006C5 8B 4D F0                        	MOV	ECX,DWORD [-16+EBP]
   788 000006C8 8B 55 E4                        	MOV	EDX,DWORD [-28+EBP]
   789 000006CB 8D 14 D1                        	LEA	EDX,DWORD [ECX+EDX*8]
   790 000006CE 89 D0                           	MOV	EAX,EDX
   791 000006D0 89 55 DC                        	MOV	DWORD [-36+EBP],EDX
   792 000006D3 48                              	DEC	EAX
   793 000006D4 50                              	PUSH	EAX
   794 000006D5 56                              	PUSH	ESI
   795 000006D6 51                              	PUSH	ECX
   796 000006D7 53                              	PUSH	EBX
   797 000006D8 FF 77 04                        	PUSH	DWORD [4+EDI]
   798 000006DB FF 37                           	PUSH	DWORD [EDI]
   799 000006DD E8 [00000000]                   	CALL	_boxfill8
   800 000006E2 8B 4D E0                        	MOV	ECX,DWORD [-32+EBP]
   801 000006E5 83 C4 1C                        	ADD	ESP,28
   802 000006E8 80 B9 000000BC 00               	CMP	BYTE [188+ECX],0
   803 000006EF 74 09                           	JE	L73
   804 000006F1 80 B9 000000BD 00               	CMP	BYTE [189+ECX],0
   805 000006F8 75 40                           	JNE	L76
   806 000006FA                                 L73:
   807 000006FA FF 75 E8                        	PUSH	DWORD [-24+EBP]
   808 000006FD 0F BE 45 EC                     	MOVSX	EAX,BYTE [-20+EBP]
   809 00000701 50                              	PUSH	EAX
   810 00000702 56                              	PUSH	ESI
   811 00000703 FF 75 F0                        	PUSH	DWORD [-16+EBP]
   812 00000706 FF 77 04                        	PUSH	DWORD [4+EDI]
   813 00000709 FF 37                           	PUSH	DWORD [EDI]
   814 0000070B E8 [00000000]                   	CALL	_putfonts8_asc
   815 00000710 89 75 10                        	MOV	DWORD [16+EBP],ESI
   816 00000713 8B 4D F0                        	MOV	ECX,DWORD [-16+EBP]
   817 00000716 8B 55 E4                        	MOV	EDX,DWORD [-28+EBP]
   818 00000719 8D 46 10                        	LEA	EAX,DWORD [16+ESI]
   819 0000071C 83 C4 18                        	ADD	ESP,24
   820 0000071F 89 45 18                        	MOV	DWORD [24+EBP],EAX
   821 00000722 89 4D 0C                        	MOV	DWORD [12+EBP],ECX
   822 00000725 8D 04 D1                        	LEA	EAX,DWORD [ECX+EDX*8]
   823 00000728 89 45 14                        	MOV	DWORD [20+EBP],EAX
   824 0000072B                                 L75:
   825 0000072B 89 7D 08                        	MOV	DWORD [8+EBP],EDI
   826 0000072E 8D 65 F4                        	LEA	ESP,DWORD [-12+EBP]
   827 00000731 5B                              	POP	EBX
   828 00000732 5E                              	POP	ESI
   829 00000733 5F                              	POP	EDI
   830 00000734 5D                              	POP	EBP
   831 00000735 E9 [00000000]                   	JMP	_sheet_refresh
   832 0000073A                                 L76:
   833 0000073A FF 75 E8                        	PUSH	DWORD [-24+EBP]
   834 0000073D 0F BE 45 EC                     	MOVSX	EAX,BYTE [-20+EBP]
   835 00000741 50                              	PUSH	EAX
   836 00000742 56                              	PUSH	ESI
   837 00000743 FF 75 F0                        	PUSH	DWORD [-16+EBP]
   838 00000746 FF 77 04                        	PUSH	DWORD [4+EDI]
   839 00000749 FF 37                           	PUSH	DWORD [EDI]
   840 0000074B E8 [00000000]                   	CALL	_putfonts8_asc
   841 00000750 89 75 10                        	MOV	DWORD [16+EBP],ESI
   842 00000753 8D 46 10                        	LEA	EAX,DWORD [16+ESI]
   843 00000756 83 C4 18                        	ADD	ESP,24
   844 00000759 89 45 18                        	MOV	DWORD [24+EBP],EAX
   845 0000075C 8B 45 DC                        	MOV	EAX,DWORD [-36+EBP]
   846 0000075F 89 45 14                        	MOV	DWORD [20+EBP],EAX
   847 00000762 8B 45 F0                        	MOV	EAX,DWORD [-16+EBP]
   848 00000765 83 E8 08                        	SUB	EAX,8
   849 00000768 89 45 0C                        	MOV	DWORD [12+EBP],EAX
   850 0000076B EB BE                           	JMP	L75
   851 0000076D                                 	GLOBAL	_make_textbox8
   852 0000076D                                 _make_textbox8:
   853 0000076D 55                              	PUSH	EBP
   854 0000076E 89 E5                           	MOV	EBP,ESP
   855 00000770 57                              	PUSH	EDI
   856 00000771 56                              	PUSH	ESI
   857 00000772 53                              	PUSH	EBX
   858 00000773 83 EC 14                        	SUB	ESP,20
   859 00000776 8B 45 0C                        	MOV	EAX,DWORD [12+EBP]
   860 00000779 8B 75 10                        	MOV	ESI,DWORD [16+EBP]
   861 0000077C 03 45 14                        	ADD	EAX,DWORD [20+EBP]
   862 0000077F 83 EE 03                        	SUB	ESI,3
   863 00000782 56                              	PUSH	ESI
   864 00000783 89 45 F0                        	MOV	DWORD [-16+EBP],EAX
   865 00000786 8B 45 10                        	MOV	EAX,DWORD [16+EBP]
   866 00000789 03 45 18                        	ADD	EAX,DWORD [24+EBP]
   867 0000078C 89 45 EC                        	MOV	DWORD [-20+EBP],EAX
   868 0000078F 8B 45 F0                        	MOV	EAX,DWORD [-16+EBP]
   869 00000792 40                              	INC	EAX
   870 00000793 50                              	PUSH	EAX
   871 00000794 89 45 E8                        	MOV	DWORD [-24+EBP],EAX
   872 00000797 8B 45 0C                        	MOV	EAX,DWORD [12+EBP]
   873 0000079A 56                              	PUSH	ESI
   874 0000079B 83 E8 02                        	SUB	EAX,2
   875 0000079E 50                              	PUSH	EAX
   876 0000079F 89 45 E4                        	MOV	DWORD [-28+EBP],EAX
   877 000007A2 8B 45 08                        	MOV	EAX,DWORD [8+EBP]
   878 000007A5 6A 0F                           	PUSH	15
   879 000007A7 FF 70 04                        	PUSH	DWORD [4+EAX]
   880 000007AA FF 30                           	PUSH	DWORD [EAX]
   881 000007AC E8 [00000000]                   	CALL	_boxfill8
   882 000007B1 8B 7D 0C                        	MOV	EDI,DWORD [12+EBP]
   883 000007B4 8B 45 EC                        	MOV	EAX,DWORD [-20+EBP]
   884 000007B7 83 EF 03                        	SUB	EDI,3
   885 000007BA 40                              	INC	EAX
   886 000007BB 50                              	PUSH	EAX
   887 000007BC 89 45 E0                        	MOV	DWORD [-32+EBP],EAX
   888 000007BF 57                              	PUSH	EDI
   889 000007C0 8B 45 08                        	MOV	EAX,DWORD [8+EBP]
   890 000007C3 56                              	PUSH	ESI
   891 000007C4 57                              	PUSH	EDI
   892 000007C5 6A 0F                           	PUSH	15
   893 000007C7 FF 70 04                        	PUSH	DWORD [4+EAX]
   894 000007CA FF 30                           	PUSH	DWORD [EAX]
   895 000007CC E8 [00000000]                   	CALL	_boxfill8
   896 000007D1 8B 45 08                        	MOV	EAX,DWORD [8+EBP]
   897 000007D4 83 C4 38                        	ADD	ESP,56
   898 000007D7 8B 5D EC                        	MOV	EBX,DWORD [-20+EBP]
   899 000007DA 83 C3 02                        	ADD	EBX,2
   900 000007DD 53                              	PUSH	EBX
   901 000007DE FF 75 E8                        	PUSH	DWORD [-24+EBP]
   902 000007E1 53                              	PUSH	EBX
   903 000007E2 57                              	PUSH	EDI
   904 000007E3 6A 07                           	PUSH	7
   905 000007E5 FF 70 04                        	PUSH	DWORD [4+EAX]
   906 000007E8 FF 30                           	PUSH	DWORD [EAX]
   907 000007EA E8 [00000000]                   	CALL	_boxfill8
   908 000007EF 8B 45 F0                        	MOV	EAX,DWORD [-16+EBP]
   909 000007F2 53                              	PUSH	EBX
   910 000007F3 83 C0 02                        	ADD	EAX,2
   911 000007F6 50                              	PUSH	EAX
   912 000007F7 56                              	PUSH	ESI
   913 000007F8 50                              	PUSH	EAX
   914 000007F9 8B 45 08                        	MOV	EAX,DWORD [8+EBP]
   915 000007FC 6A 07                           	PUSH	7
   916 000007FE FF 70 04                        	PUSH	DWORD [4+EAX]
   917 00000801 FF 30                           	PUSH	DWORD [EAX]
   918 00000803 E8 [00000000]                   	CALL	_boxfill8
   919 00000808 8B 45 08                        	MOV	EAX,DWORD [8+EBP]
   920 0000080B 83 C4 38                        	ADD	ESP,56
   921 0000080E 8B 5D 10                        	MOV	EBX,DWORD [16+EBP]
   922 00000811 83 EB 02                        	SUB	EBX,2
   923 00000814 8B 7D 0C                        	MOV	EDI,DWORD [12+EBP]
   924 00000817 53                              	PUSH	EBX
   925 00000818 4F                              	DEC	EDI
   926 00000819 FF 75 F0                        	PUSH	DWORD [-16+EBP]
   927 0000081C 53                              	PUSH	EBX
   928 0000081D 57                              	PUSH	EDI
   929 0000081E 6A 00                           	PUSH	0
   930 00000820 FF 70 04                        	PUSH	DWORD [4+EAX]
   931 00000823 FF 30                           	PUSH	DWORD [EAX]
   932 00000825 E8 [00000000]                   	CALL	_boxfill8
   933 0000082A 8B 45 08                        	MOV	EAX,DWORD [8+EBP]
   934 0000082D FF 75 EC                        	PUSH	DWORD [-20+EBP]
   935 00000830 FF 75 E4                        	PUSH	DWORD [-28+EBP]
   936 00000833 53                              	PUSH	EBX
   937 00000834 FF 75 E4                        	PUSH	DWORD [-28+EBP]
   938 00000837 6A 00                           	PUSH	0
   939 00000839 FF 70 04                        	PUSH	DWORD [4+EAX]
   940 0000083C FF 30                           	PUSH	DWORD [EAX]
   941 0000083E E8 [00000000]                   	CALL	_boxfill8
   942 00000843 8B 45 08                        	MOV	EAX,DWORD [8+EBP]
   943 00000846 83 C4 38                        	ADD	ESP,56
   944 00000849 FF 75 E0                        	PUSH	DWORD [-32+EBP]
   945 0000084C FF 75 F0                        	PUSH	DWORD [-16+EBP]
   946 0000084F FF 75 E0                        	PUSH	DWORD [-32+EBP]
   947 00000852 FF 75 E4                        	PUSH	DWORD [-28+EBP]
   948 00000855 6A 08                           	PUSH	8
   949 00000857 FF 70 04                        	PUSH	DWORD [4+EAX]
   950 0000085A FF 30                           	PUSH	DWORD [EAX]
   951 0000085C E8 [00000000]                   	CALL	_boxfill8
   952 00000861 8B 45 08                        	MOV	EAX,DWORD [8+EBP]
   953 00000864 FF 75 E0                        	PUSH	DWORD [-32+EBP]
   954 00000867 FF 75 E8                        	PUSH	DWORD [-24+EBP]
   955 0000086A 53                              	PUSH	EBX
   956 0000086B FF 75 E8                        	PUSH	DWORD [-24+EBP]
   957 0000086E 6A 08                           	PUSH	8
   958 00000870 FF 70 04                        	PUSH	DWORD [4+EAX]
   959 00000873 FF 30                           	PUSH	DWORD [EAX]
   960 00000875 E8 [00000000]                   	CALL	_boxfill8
   961 0000087A 8B 45 10                        	MOV	EAX,DWORD [16+EBP]
   962 0000087D 83 C4 38                        	ADD	ESP,56
   963 00000880 48                              	DEC	EAX
   964 00000881 FF 75 EC                        	PUSH	DWORD [-20+EBP]
   965 00000884 FF 75 F0                        	PUSH	DWORD [-16+EBP]
   966 00000887 50                              	PUSH	EAX
   967 00000888 57                              	PUSH	EDI
   968 00000889 0F B6 45 1C                     	MOVZX	EAX,BYTE [28+EBP]
   969 0000088D 50                              	PUSH	EAX
   970 0000088E 8B 45 08                        	MOV	EAX,DWORD [8+EBP]
   971 00000891 FF 70 04                        	PUSH	DWORD [4+EAX]
   972 00000894 FF 30                           	PUSH	DWORD [EAX]
   973 00000896 E8 [00000000]                   	CALL	_boxfill8
   974 0000089B 8D 65 F4                        	LEA	ESP,DWORD [-12+EBP]
   975 0000089E 5B                              	POP	EBX
   976 0000089F 5E                              	POP	ESI
   977 000008A0 5F                              	POP	EDI
   978 000008A1 5D                              	POP	EBP
   979 000008A2 C3                              	RET
   980 000008A3                                 	GLOBAL	_change_wtitle8
   981 000008A3                                 _change_wtitle8:
   982 000008A3 55                              	PUSH	EBP
   983 000008A4 89 E5                           	MOV	EBP,ESP
   984 000008A6 57                              	PUSH	EDI
   985 000008A7 56                              	PUSH	ESI
   986 000008A8 53                              	PUSH	EBX
   987 000008A9 83 EC 14                        	SUB	ESP,20
   988 000008AC 8B 45 08                        	MOV	EAX,DWORD [8+EBP]
   989 000008AF 80 7D 0C 00                     	CMP	BYTE [12+EBP],0
   990 000008B3 8B 10                           	MOV	EDX,DWORD [EAX]
   991 000008B5 8B 48 04                        	MOV	ECX,DWORD [4+EAX]
   992 000008B8 89 55 E4                        	MOV	DWORD [-28+EBP],EDX
   993 000008BB 0F 84 00000088                  	JE	L79
   994 000008C1 C6 45 EB 07                     	MOV	BYTE [-21+EBP],7
   995 000008C5 C6 45 EA 0C                     	MOV	BYTE [-22+EBP],12
   996 000008C9 C6 45 E9 08                     	MOV	BYTE [-23+EBP],8
   997 000008CD C6 45 E8 0F                     	MOV	BYTE [-24+EBP],15
   998 000008D1                                 L80:
   999 000008D1 6B F9 03                        	IMUL	EDI,ECX,3
  1000 000008D4 C7 45 EC 00000011               	MOV	DWORD [-20+EBP],17
  1001 000008DB 89 7D E0                        	MOV	DWORD [-32+EBP],EDI
  1002 000008DE                                 L93:
  1003 000008DE C7 45 F0 00000003               	MOV	DWORD [-16+EBP],3
  1004 000008E5 8D 41 FC                        	LEA	EAX,DWORD [-4+ECX]
  1005 000008E8 39 45 F0                        	CMP	DWORD [-16+EBP],EAX
  1006 000008EB 7F 29                           	JG	L97
  1007 000008ED 8B 45 E4                        	MOV	EAX,DWORD [-28+EBP]
  1008 000008F0 8B 55 E0                        	MOV	EDX,DWORD [-32+EBP]
  1009 000008F3 8D 74 38 03                     	LEA	ESI,DWORD [3+EAX+EDI*1]
  1010 000008F7 8D 5C 10 03                     	LEA	EBX,DWORD [3+EAX+EDX*1]
  1011 000008FB                                 L92:
  1012 000008FB 8A 13                           	MOV	DL,BYTE [EBX]
  1013 000008FD 3A 55 E9                        	CMP	DL,BYTE [-23+EBP]
  1014 00000900 74 3A                           	JE	L98
  1015 00000902                                 L89:
  1016 00000902 3A 55 E8                        	CMP	DL,BYTE [-24+EBP]
  1017 00000905 74 30                           	JE	L99
  1018 00000907                                 L90:
  1019 00000907 88 16                           	MOV	BYTE [ESI],DL
  1020 00000909 8D 41 FC                        	LEA	EAX,DWORD [-4+ECX]
  1021 0000090C FF 45 F0                        	INC	DWORD [-16+EBP]
  1022 0000090F 46                              	INC	ESI
  1023 00000910 43                              	INC	EBX
  1024 00000911 39 45 F0                        	CMP	DWORD [-16+EBP],EAX
  1025 00000914 7E E5                           	JLE	L92
  1026 00000916                                 L97:
  1027 00000916 01 CF                           	ADD	EDI,ECX
  1028 00000918 01 4D E0                        	ADD	DWORD [-32+EBP],ECX
  1029 0000091B FF 4D EC                        	DEC	DWORD [-20+EBP]
  1030 0000091E 79 BE                           	JNS	L93
  1031 00000920 6A 15                           	PUSH	21
  1032 00000922 51                              	PUSH	ECX
  1033 00000923 6A 03                           	PUSH	3
  1034 00000925 6A 03                           	PUSH	3
  1035 00000927 FF 75 08                        	PUSH	DWORD [8+EBP]
  1036 0000092A E8 [00000000]                   	CALL	_sheet_refresh
  1037 0000092F 8D 65 F4                        	LEA	ESP,DWORD [-12+EBP]
  1038 00000932 5B                              	POP	EBX
  1039 00000933 5E                              	POP	ESI
  1040 00000934 5F                              	POP	EDI
  1041 00000935 5D                              	POP	EBP
  1042 00000936 C3                              	RET
  1043 00000937                                 L99:
  1044 00000937 8A 55 EA                        	MOV	DL,BYTE [-22+EBP]
  1045 0000093A EB CB                           	JMP	L90
  1046 0000093C                                 L98:
  1047 0000093C 8D 41 EA                        	LEA	EAX,DWORD [-22+ECX]
  1048 0000093F 39 45 F0                        	CMP	DWORD [-16+EBP],EAX
  1049 00000942 7F BE                           	JG	L89
  1050 00000944 8A 55 EB                        	MOV	DL,BYTE [-21+EBP]
  1051 00000947 EB BE                           	JMP	L90
  1052 00000949                                 L79:
  1053 00000949 C6 45 EB 08                     	MOV	BYTE [-21+EBP],8
  1054 0000094D C6 45 EA 0F                     	MOV	BYTE [-22+EBP],15
  1055 00000951 C6 45 E9 07                     	MOV	BYTE [-23+EBP],7
  1056 00000955 C6 45 E8 0C                     	MOV	BYTE [-24+EBP],12
  1057 00000959 E9 FFFFFF73                     	JMP	L80
